<?xml version="1.0" encoding="UTF-8"?>
<testsuites name="Media Monitoring" time="42.895" tests="1" failures="0" errors="0">
   <testsuite name="Media Monitoring" tests="1" failures="0" errors="0" time="42.895" skipped="0" timestamp="2022-01-26 15:23:58" hostname="alalzabarga - localhost" id="Test Suites/Media Monitoring">
      <properties>
         <property name="deviceName" value=""/>
         <property name="devicePlatform" value=""/>
         <property name="logFolder" value="/Users/alalzabarga/git/mediaProject/Reports/20220126_152350/Media Monitoring/20220126_152350"/>
         <property name="logFiles" value="/Users/alalzabarga/git/mediaProject/Reports/20220126_152350/Media Monitoring/20220126_152350/execution0.log"/>
         <property name="attachments" value=""/>
         <property name="hostName" value="alalzabarga - localhost"/>
         <property name="hostAddress" value="127.0.0.1"/>
         <property name="os" value="Mac OS X 64bit"/>
         <property name="katalonVersion" value="8.2.5.208"/>
      </properties>
      <testcase name="Test Cases/CheckClips" time="42.666" classname="Test Cases/CheckClips" status="PASSED">
         <system-out><![CDATA[2022-01-26 15:23:58 - [TEST_CASE][PASSED] - Test Cases/CheckClips: Test Cases/CheckClips

2022-01-26 15:23:58 - [TEST_STEP][PASSED] - Start listener action : sampleBeforeTestCase: Call Test Case 'Test Cases/getToken' successfully

2022-01-26 15:23:58 - [TEST_STEP][PASSED] - callTestCase(findTestCase("getToken"), [:], STOP_ON_FAILURE): Call Test Case 'Test Cases/getToken' successfully

2022-01-26 15:23:58 - [TEST_CASE][PASSED] - Test Cases/getToken: Test Cases/getToken

2022-01-26 15:23:59 - [TEST_STEP][PASSED] - Ssession = SendMediaReq().getSssesion(): Test object id is null

2022-01-26 15:24:00 - [MESSAGE][INFO] - HAR: /Users/alalzabarga/git/mediaProject/Reports/20220126_152350/Media Monitoring/20220126_152350/requests/main/0.har

2022-01-26 15:24:00 - [MESSAGE][PASSED] - Send request successfully

2022-01-26 15:24:01 - [MESSAGE][WARNING] - Test object id is null

2022-01-26 15:24:01 - [MESSAGE][WARNING] - Test object id is null

2022-01-26 15:24:01 - [TEST_STEP][PASSED] - println("Ssession:: " + Ssession): null

2022-01-26 15:24:01 - [TEST_STEP][PASSED] - count = 4: null

2022-01-26 15:24:01 - [TEST_STEP][PASSED] - for ([i = 0, i < count, (i++)]): null

2022-01-26 15:24:01 - [TEST_STEP][PASSED] - authenticate = sendRequest(findTestObject("Object Repository/newPostmanAPIs/validateLogin", ["ssession":Ssession])): Send request successfully

2022-01-26 15:24:02 - [MESSAGE][INFO] - HAR: /Users/alalzabarga/git/mediaProject/Reports/20220126_152350/Media Monitoring/20220126_152350/requests/main/1.har

2022-01-26 15:24:02 - [MESSAGE][PASSED] - Send request successfully

2022-01-26 15:24:02 - [TEST_STEP][PASSED] - println("authenticate:: " + authenticate): null

2022-01-26 15:24:02 - [TEST_STEP][PASSED] - try: null

2022-01-26 15:24:02 - [TEST_STEP][PASSED] - verifyResponseStatusCode(authenticate, 200): Verify response status code successfully

2022-01-26 15:24:02 - [MESSAGE][PASSED] - Verify response status code successfully

2022-01-26 15:24:03 - [TEST_STEP][PASSED] - user = new org.json.JSONObject(authenticate.responseBodyContent): null

2022-01-26 15:24:03 - [TEST_STEP][PASSED] - token = get("user").get("sessionId"): null

2022-01-26 15:24:03 - [TEST_STEP][PASSED] - userId = get("user").get("id"): null

2022-01-26 15:24:03 - [TEST_STEP][PASSED] - userEmail = get("user").get("email"): null

2022-01-26 15:24:03 - [TEST_STEP][PASSED] - Token = token: null

2022-01-26 15:24:03 - [TEST_STEP][PASSED] - println("tokenValue::" + Token): null

2022-01-26 15:24:03 - [TEST_STEP][PASSED] - userId = userId: null

2022-01-26 15:24:03 - [TEST_STEP][PASSED] - userEmail = userEmail: null

2022-01-26 15:24:03 - [TEST_STEP][PASSED] - markPassed("Response status codes match"): Response status codes match

2022-01-26 15:24:03 - [MESSAGE][PASSED] - Response status codes match

2022-01-26 15:24:03 - [TEST_STEP][PASSED] - break: null

2022-01-26 15:24:03 - [MESSAGE][PASSED] - Call Test Case 'Test Cases/getToken' successfully

2022-01-26 15:24:03 - [TEST_STEP][PASSED] - ids = CropResponse().getIdsList(Clips): null

2022-01-26 15:24:05 - [TEST_STEP][PASSED] - statusCode = <not implemented yet for class: org.codehaus.groovy.ast.expr.EmptyExpression>: null

2022-01-26 15:24:05 - [TEST_STEP][PASSED] - responseBody = <not implemented yet for class: org.codehaus.groovy.ast.expr.EmptyExpression>: null

2022-01-26 15:24:05 - [TEST_STEP][PASSED] - DRM = <not implemented yet for class: org.codehaus.groovy.ast.expr.EmptyExpression>: null

2022-01-26 15:24:05 - [TEST_STEP][PASSED] - DRMStatusCode = <not implemented yet for class: org.codehaus.groovy.ast.expr.EmptyExpression>: null

2022-01-26 15:24:05 - [TEST_STEP][PASSED] - DRMresponseBody = <not implemented yet for class: org.codehaus.groovy.ast.expr.EmptyExpression>: null

2022-01-26 15:24:05 - [TEST_STEP][PASSED] - urlFlag = true: null

2022-01-26 15:24:05 - [TEST_STEP][PASSED] - DRMFlag = true: null

2022-01-26 15:24:05 - [TEST_STEP][PASSED] - url = <not implemented yet for class: org.codehaus.groovy.ast.expr.EmptyExpression>: null

2022-01-26 15:24:05 - [TEST_STEP][PASSED] - for ([i = 0, i < ids.size(), (i++)]): null

2022-01-26 15:24:05 - [TEST_STEP][PASSED] - passedResult = new shahid.api.PassedResult(): null

2022-01-26 15:24:06 - [TEST_STEP][PASSED] - failedResult = new shahid.api.FailedResult(): null

2022-01-26 15:24:06 - [TEST_STEP][PASSED] - try: null

2022-01-26 15:24:06 - [TEST_STEP][PASSED] - itemPlayoutID = ids[i]: null

2022-01-26 15:24:06 - [TEST_STEP][PASSED] - passedResult.setAssetID(itemPlayoutID): null

2022-01-26 15:24:06 - [TEST_STEP][PASSED] - failedResult.setAssetID(itemPlayoutID): null

2022-01-26 15:24:06 - [TEST_STEP][PASSED] - println("******** GlobalVariable.itemPlayoutID :: " + itemPlayoutID): null

2022-01-26 15:24:06 - [TEST_STEP][PASSED] - PlayOut = sendRequest(findTestObject("Object Repository/Decode/Playout API/Playout", ["ssession":ssession, "token":Token])): Send request successfully

2022-01-26 15:24:06 - [MESSAGE][INFO] - HAR: /Users/alalzabarga/git/mediaProject/Reports/20220126_152350/Media Monitoring/20220126_152350/requests/main/2.har

2022-01-26 15:24:06 - [MESSAGE][PASSED] - Send request successfully

2022-01-26 15:24:06 - [TEST_STEP][PASSED] - responseBody = PlayOut.getResponseBodyContent(): null

2022-01-26 15:24:06 - [TEST_STEP][PASSED] - statusCode = PlayOut.getStatusCode(): null

2022-01-26 15:24:06 - [TEST_STEP][PASSED] - if (verifyResponseStatusCode(PlayOut, 200)): null

2022-01-26 15:24:06 - [MESSAGE][PASSED] - Verify response status code successfully

2022-01-26 15:24:06 - [TEST_STEP][PASSED] - jObject = new org.json.JSONObject(responseBody): null

2022-01-26 15:24:06 - [TEST_STEP][PASSED] - println("jObject::  " + jObject + "
 url: " + responseBody): null

2022-01-26 15:24:06 - [TEST_STEP][PASSED] - DRM = get("playout").get("drm"): null

2022-01-26 15:24:06 - [TEST_STEP][PASSED] - url = get("playout").get("url"): null

2022-01-26 15:24:06 - [TEST_STEP][PASSED] - println("******* DRM:: " + DRM): null

2022-01-26 15:24:06 - [TEST_STEP][PASSED] - println("******* url:: " + url): null

2022-01-26 15:24:06 - [TEST_STEP][PASSED] - if (url.contains(" ")): null

2022-01-26 15:24:06 - [TEST_STEP][PASSED] - if (DRM): null

2022-01-26 15:24:06 - [TEST_STEP][PASSED] - DRMUrl = sendRequest(findTestObject("Object Repository/Decode/Playout API/drm", ["ssession":ssession])): Send request successfully

2022-01-26 15:24:06 - [MESSAGE][INFO] - HAR: /Users/alalzabarga/git/mediaProject/Reports/20220126_152350/Media Monitoring/20220126_152350/requests/main/3.har

2022-01-26 15:24:06 - [MESSAGE][PASSED] - Send request successfully

2022-01-26 15:24:06 - [TEST_STEP][PASSED] - DRMresponseBody = DRMUrl.getResponseBodyContent(): null

2022-01-26 15:24:06 - [TEST_STEP][PASSED] - DRMStatusCode = DRMUrl.getStatusCode(): null

2022-01-26 15:24:06 - [TEST_STEP][PASSED] - try: null

2022-01-26 15:24:06 - [TEST_STEP][PASSED] - if (verifyResponseStatusCode(DRMUrl, 200)): null

2022-01-26 15:24:06 - [MESSAGE][PASSED] - Verify response status code successfully

2022-01-26 15:24:06 - [TEST_STEP][PASSED] - passedResult.setDRMStatus("DRM API Passed"): null

2022-01-26 15:24:06 - [TEST_STEP][PASSED] - passedResult.setDRMResponse(DRMresponseBody): null

2022-01-26 15:24:06 - [TEST_STEP][PASSED] - passedResult.setPlayoutStatus("Playout API Passed"): null

2022-01-26 15:24:06 - [TEST_STEP][PASSED] - passedResult.setPlayoutResponse(responseBody): null

2022-01-26 15:24:06 - [TEST_STEP][PASSED] - if (urlFlag && DRMFlag): null

2022-01-26 15:24:06 - [TEST_STEP][PASSED] - passedResult.setStatus("Passed"): null

2022-01-26 15:24:06 - [TEST_STEP][PASSED] - getClipsPassedInstance().addClipsPassedResult(passedResult): null

2022-01-26 15:24:06 - [TEST_STEP][PASSED] - passedResult = new shahid.api.PassedResult(): null

2022-01-26 15:24:06 - [TEST_STEP][PASSED] - failedResult = new shahid.api.FailedResult(): null

2022-01-26 15:24:06 - [TEST_STEP][PASSED] - try: null

2022-01-26 15:24:06 - [TEST_STEP][PASSED] - itemPlayoutID = ids[i]: null

2022-01-26 15:24:06 - [TEST_STEP][PASSED] - passedResult.setAssetID(itemPlayoutID): null

2022-01-26 15:24:06 - [TEST_STEP][PASSED] - failedResult.setAssetID(itemPlayoutID): null

2022-01-26 15:24:06 - [TEST_STEP][PASSED] - println("******** GlobalVariable.itemPlayoutID :: " + itemPlayoutID): null

2022-01-26 15:24:06 - [TEST_STEP][PASSED] - PlayOut = sendRequest(findTestObject("Object Repository/Decode/Playout API/Playout", ["ssession":ssession, "token":Token])): Send request successfully

2022-01-26 15:24:07 - [MESSAGE][INFO] - HAR: /Users/alalzabarga/git/mediaProject/Reports/20220126_152350/Media Monitoring/20220126_152350/requests/main/4.har

2022-01-26 15:24:07 - [MESSAGE][PASSED] - Send request successfully

2022-01-26 15:24:07 - [TEST_STEP][PASSED] - responseBody = PlayOut.getResponseBodyContent(): null

2022-01-26 15:24:07 - [TEST_STEP][PASSED] - statusCode = PlayOut.getStatusCode(): null

2022-01-26 15:24:07 - [TEST_STEP][PASSED] - if (verifyResponseStatusCode(PlayOut, 200)): null

2022-01-26 15:24:07 - [MESSAGE][PASSED] - Verify response status code successfully

2022-01-26 15:24:07 - [TEST_STEP][PASSED] - jObject = new org.json.JSONObject(responseBody): null

2022-01-26 15:24:07 - [TEST_STEP][PASSED] - println("jObject::  " + jObject + "
 url: " + responseBody): null

2022-01-26 15:24:07 - [TEST_STEP][PASSED] - DRM = get("playout").get("drm"): null

2022-01-26 15:24:07 - [TEST_STEP][PASSED] - url = get("playout").get("url"): null

2022-01-26 15:24:07 - [TEST_STEP][PASSED] - println("******* DRM:: " + DRM): null

2022-01-26 15:24:07 - [TEST_STEP][PASSED] - println("******* url:: " + url): null

2022-01-26 15:24:07 - [TEST_STEP][PASSED] - if (url.contains(" ")): null

2022-01-26 15:24:07 - [TEST_STEP][PASSED] - if (DRM): null

2022-01-26 15:24:07 - [TEST_STEP][PASSED] - DRMUrl = sendRequest(findTestObject("Object Repository/Decode/Playout API/drm", ["ssession":ssession])): Send request successfully

2022-01-26 15:24:07 - [MESSAGE][INFO] - HAR: /Users/alalzabarga/git/mediaProject/Reports/20220126_152350/Media Monitoring/20220126_152350/requests/main/5.har

2022-01-26 15:24:07 - [MESSAGE][PASSED] - Send request successfully

2022-01-26 15:24:07 - [TEST_STEP][PASSED] - DRMresponseBody = DRMUrl.getResponseBodyContent(): null

2022-01-26 15:24:07 - [TEST_STEP][PASSED] - DRMStatusCode = DRMUrl.getStatusCode(): null

2022-01-26 15:24:07 - [TEST_STEP][PASSED] - try: null

2022-01-26 15:24:07 - [TEST_STEP][PASSED] - if (verifyResponseStatusCode(DRMUrl, 200)): null

2022-01-26 15:24:07 - [MESSAGE][PASSED] - Verify response status code successfully

2022-01-26 15:24:07 - [TEST_STEP][PASSED] - passedResult.setDRMStatus("DRM API Passed"): null

2022-01-26 15:24:07 - [TEST_STEP][PASSED] - passedResult.setDRMResponse(DRMresponseBody): null

2022-01-26 15:24:07 - [TEST_STEP][PASSED] - passedResult.setPlayoutStatus("Playout API Passed"): null

2022-01-26 15:24:07 - [TEST_STEP][PASSED] - passedResult.setPlayoutResponse(responseBody): null

2022-01-26 15:24:07 - [TEST_STEP][PASSED] - if (urlFlag && DRMFlag): null

2022-01-26 15:24:07 - [TEST_STEP][PASSED] - passedResult.setStatus("Passed"): null

2022-01-26 15:24:07 - [TEST_STEP][PASSED] - getClipsPassedInstance().addClipsPassedResult(passedResult): null

2022-01-26 15:24:07 - [TEST_STEP][PASSED] - passedResult = new shahid.api.PassedResult(): null

2022-01-26 15:24:07 - [TEST_STEP][PASSED] - failedResult = new shahid.api.FailedResult(): null

2022-01-26 15:24:07 - [TEST_STEP][PASSED] - try: null

2022-01-26 15:24:07 - [TEST_STEP][PASSED] - itemPlayoutID = ids[i]: null

2022-01-26 15:24:07 - [TEST_STEP][PASSED] - passedResult.setAssetID(itemPlayoutID): null

2022-01-26 15:24:07 - [TEST_STEP][PASSED] - failedResult.setAssetID(itemPlayoutID): null

2022-01-26 15:24:07 - [TEST_STEP][PASSED] - println("******** GlobalVariable.itemPlayoutID :: " + itemPlayoutID): null

2022-01-26 15:24:07 - [TEST_STEP][PASSED] - PlayOut = sendRequest(findTestObject("Object Repository/Decode/Playout API/Playout", ["ssession":ssession, "token":Token])): Send request successfully

2022-01-26 15:24:08 - [MESSAGE][INFO] - HAR: /Users/alalzabarga/git/mediaProject/Reports/20220126_152350/Media Monitoring/20220126_152350/requests/main/6.har

2022-01-26 15:24:08 - [MESSAGE][PASSED] - Send request successfully

2022-01-26 15:24:08 - [TEST_STEP][PASSED] - responseBody = PlayOut.getResponseBodyContent(): null

2022-01-26 15:24:08 - [TEST_STEP][PASSED] - statusCode = PlayOut.getStatusCode(): null

2022-01-26 15:24:08 - [TEST_STEP][PASSED] - if (verifyResponseStatusCode(PlayOut, 200)): null

2022-01-26 15:24:08 - [MESSAGE][PASSED] - Verify response status code successfully

2022-01-26 15:24:08 - [TEST_STEP][PASSED] - jObject = new org.json.JSONObject(responseBody): null

2022-01-26 15:24:08 - [TEST_STEP][PASSED] - println("jObject::  " + jObject + "
 url: " + responseBody): null

2022-01-26 15:24:08 - [TEST_STEP][PASSED] - DRM = get("playout").get("drm"): null

2022-01-26 15:24:08 - [TEST_STEP][PASSED] - url = get("playout").get("url"): null

2022-01-26 15:24:08 - [TEST_STEP][PASSED] - println("******* DRM:: " + DRM): null

2022-01-26 15:24:08 - [TEST_STEP][PASSED] - println("******* url:: " + url): null

2022-01-26 15:24:08 - [TEST_STEP][PASSED] - if (url.contains(" ")): null

2022-01-26 15:24:08 - [TEST_STEP][PASSED] - if (DRM): null

2022-01-26 15:24:08 - [TEST_STEP][PASSED] - DRMUrl = sendRequest(findTestObject("Object Repository/Decode/Playout API/drm", ["ssession":ssession])): Send request successfully

2022-01-26 15:24:08 - [MESSAGE][INFO] - HAR: /Users/alalzabarga/git/mediaProject/Reports/20220126_152350/Media Monitoring/20220126_152350/requests/main/7.har

2022-01-26 15:24:08 - [MESSAGE][PASSED] - Send request successfully

2022-01-26 15:24:08 - [TEST_STEP][PASSED] - DRMresponseBody = DRMUrl.getResponseBodyContent(): null

2022-01-26 15:24:08 - [TEST_STEP][PASSED] - DRMStatusCode = DRMUrl.getStatusCode(): null

2022-01-26 15:24:08 - [TEST_STEP][PASSED] - try: null

2022-01-26 15:24:08 - [TEST_STEP][PASSED] - if (verifyResponseStatusCode(DRMUrl, 200)): null

2022-01-26 15:24:08 - [MESSAGE][PASSED] - Verify response status code successfully

2022-01-26 15:24:08 - [TEST_STEP][PASSED] - passedResult.setDRMStatus("DRM API Passed"): null

2022-01-26 15:24:08 - [TEST_STEP][PASSED] - passedResult.setDRMResponse(DRMresponseBody): null

2022-01-26 15:24:08 - [TEST_STEP][PASSED] - passedResult.setPlayoutStatus("Playout API Passed"): null

2022-01-26 15:24:08 - [TEST_STEP][PASSED] - passedResult.setPlayoutResponse(responseBody): null

2022-01-26 15:24:08 - [TEST_STEP][PASSED] - if (urlFlag && DRMFlag): null

2022-01-26 15:24:08 - [TEST_STEP][PASSED] - passedResult.setStatus("Passed"): null

2022-01-26 15:24:08 - [TEST_STEP][PASSED] - getClipsPassedInstance().addClipsPassedResult(passedResult): null

2022-01-26 15:24:08 - [TEST_STEP][PASSED] - passedResult = new shahid.api.PassedResult(): null

2022-01-26 15:24:08 - [TEST_STEP][PASSED] - failedResult = new shahid.api.FailedResult(): null

2022-01-26 15:24:08 - [TEST_STEP][PASSED] - try: null

2022-01-26 15:24:08 - [TEST_STEP][PASSED] - itemPlayoutID = ids[i]: null

2022-01-26 15:24:08 - [TEST_STEP][PASSED] - passedResult.setAssetID(itemPlayoutID): null

2022-01-26 15:24:08 - [TEST_STEP][PASSED] - failedResult.setAssetID(itemPlayoutID): null

2022-01-26 15:24:08 - [TEST_STEP][PASSED] - println("******** GlobalVariable.itemPlayoutID :: " + itemPlayoutID): null

2022-01-26 15:24:08 - [TEST_STEP][PASSED] - PlayOut = sendRequest(findTestObject("Object Repository/Decode/Playout API/Playout", ["ssession":ssession, "token":Token])): Send request successfully

2022-01-26 15:24:09 - [MESSAGE][INFO] - HAR: /Users/alalzabarga/git/mediaProject/Reports/20220126_152350/Media Monitoring/20220126_152350/requests/main/8.har

2022-01-26 15:24:09 - [MESSAGE][PASSED] - Send request successfully

2022-01-26 15:24:09 - [TEST_STEP][PASSED] - responseBody = PlayOut.getResponseBodyContent(): null

2022-01-26 15:24:09 - [TEST_STEP][PASSED] - statusCode = PlayOut.getStatusCode(): null

2022-01-26 15:24:09 - [TEST_STEP][PASSED] - if (verifyResponseStatusCode(PlayOut, 200)): null

2022-01-26 15:24:09 - [MESSAGE][PASSED] - Verify response status code successfully

2022-01-26 15:24:09 - [TEST_STEP][PASSED] - jObject = new org.json.JSONObject(responseBody): null

2022-01-26 15:24:09 - [TEST_STEP][PASSED] - println("jObject::  " + jObject + "
 url: " + responseBody): null

2022-01-26 15:24:09 - [TEST_STEP][PASSED] - DRM = get("playout").get("drm"): null

2022-01-26 15:24:09 - [TEST_STEP][PASSED] - url = get("playout").get("url"): null

2022-01-26 15:24:09 - [TEST_STEP][PASSED] - println("******* DRM:: " + DRM): null

2022-01-26 15:24:09 - [TEST_STEP][PASSED] - println("******* url:: " + url): null

2022-01-26 15:24:09 - [TEST_STEP][PASSED] - if (url.contains(" ")): null

2022-01-26 15:24:09 - [TEST_STEP][PASSED] - if (DRM): null

2022-01-26 15:24:09 - [TEST_STEP][PASSED] - DRMUrl = sendRequest(findTestObject("Object Repository/Decode/Playout API/drm", ["ssession":ssession])): Send request successfully

2022-01-26 15:24:09 - [MESSAGE][INFO] - HAR: /Users/alalzabarga/git/mediaProject/Reports/20220126_152350/Media Monitoring/20220126_152350/requests/main/9.har

2022-01-26 15:24:09 - [MESSAGE][PASSED] - Send request successfully

2022-01-26 15:24:09 - [TEST_STEP][PASSED] - DRMresponseBody = DRMUrl.getResponseBodyContent(): null

2022-01-26 15:24:09 - [TEST_STEP][PASSED] - DRMStatusCode = DRMUrl.getStatusCode(): null

2022-01-26 15:24:09 - [TEST_STEP][PASSED] - try: null

2022-01-26 15:24:09 - [TEST_STEP][PASSED] - if (verifyResponseStatusCode(DRMUrl, 200)): null

2022-01-26 15:24:09 - [MESSAGE][PASSED] - Verify response status code successfully

2022-01-26 15:24:09 - [TEST_STEP][PASSED] - passedResult.setDRMStatus("DRM API Passed"): null

2022-01-26 15:24:09 - [TEST_STEP][PASSED] - passedResult.setDRMResponse(DRMresponseBody): null

2022-01-26 15:24:09 - [TEST_STEP][PASSED] - passedResult.setPlayoutStatus("Playout API Passed"): null

2022-01-26 15:24:09 - [TEST_STEP][PASSED] - passedResult.setPlayoutResponse(responseBody): null

2022-01-26 15:24:09 - [TEST_STEP][PASSED] - if (urlFlag && DRMFlag): null

2022-01-26 15:24:09 - [TEST_STEP][PASSED] - passedResult.setStatus("Passed"): null

2022-01-26 15:24:09 - [TEST_STEP][PASSED] - getClipsPassedInstance().addClipsPassedResult(passedResult): null

2022-01-26 15:24:09 - [TEST_STEP][PASSED] - passedResult = new shahid.api.PassedResult(): null

2022-01-26 15:24:09 - [TEST_STEP][PASSED] - failedResult = new shahid.api.FailedResult(): null

2022-01-26 15:24:09 - [TEST_STEP][PASSED] - try: null

2022-01-26 15:24:09 - [TEST_STEP][PASSED] - itemPlayoutID = ids[i]: null

2022-01-26 15:24:09 - [TEST_STEP][PASSED] - passedResult.setAssetID(itemPlayoutID): null

2022-01-26 15:24:09 - [TEST_STEP][PASSED] - failedResult.setAssetID(itemPlayoutID): null

2022-01-26 15:24:09 - [TEST_STEP][PASSED] - println("******** GlobalVariable.itemPlayoutID :: " + itemPlayoutID): null

2022-01-26 15:24:09 - [TEST_STEP][PASSED] - PlayOut = sendRequest(findTestObject("Object Repository/Decode/Playout API/Playout", ["ssession":ssession, "token":Token])): Send request successfully

2022-01-26 15:24:10 - [MESSAGE][INFO] - HAR: /Users/alalzabarga/git/mediaProject/Reports/20220126_152350/Media Monitoring/20220126_152350/requests/main/10.har

2022-01-26 15:24:10 - [MESSAGE][PASSED] - Send request successfully

2022-01-26 15:24:10 - [TEST_STEP][PASSED] - responseBody = PlayOut.getResponseBodyContent(): null

2022-01-26 15:24:10 - [TEST_STEP][PASSED] - statusCode = PlayOut.getStatusCode(): null

2022-01-26 15:24:10 - [TEST_STEP][PASSED] - if (verifyResponseStatusCode(PlayOut, 200)): null

2022-01-26 15:24:10 - [MESSAGE][PASSED] - Verify response status code successfully

2022-01-26 15:24:10 - [TEST_STEP][PASSED] - jObject = new org.json.JSONObject(responseBody): null

2022-01-26 15:24:10 - [TEST_STEP][PASSED] - println("jObject::  " + jObject + "
 url: " + responseBody): null

2022-01-26 15:24:10 - [TEST_STEP][PASSED] - DRM = get("playout").get("drm"): null

2022-01-26 15:24:10 - [TEST_STEP][PASSED] - url = get("playout").get("url"): null

2022-01-26 15:24:10 - [TEST_STEP][PASSED] - println("******* DRM:: " + DRM): null

2022-01-26 15:24:10 - [TEST_STEP][PASSED] - println("******* url:: " + url): null

2022-01-26 15:24:10 - [TEST_STEP][PASSED] - if (url.contains(" ")): null

2022-01-26 15:24:10 - [TEST_STEP][PASSED] - if (DRM): null

2022-01-26 15:24:10 - [TEST_STEP][PASSED] - DRMUrl = sendRequest(findTestObject("Object Repository/Decode/Playout API/drm", ["ssession":ssession])): Send request successfully

2022-01-26 15:24:10 - [MESSAGE][INFO] - HAR: /Users/alalzabarga/git/mediaProject/Reports/20220126_152350/Media Monitoring/20220126_152350/requests/main/11.har

2022-01-26 15:24:10 - [MESSAGE][PASSED] - Send request successfully

2022-01-26 15:24:10 - [TEST_STEP][PASSED] - DRMresponseBody = DRMUrl.getResponseBodyContent(): null

2022-01-26 15:24:10 - [TEST_STEP][PASSED] - DRMStatusCode = DRMUrl.getStatusCode(): null

2022-01-26 15:24:10 - [TEST_STEP][PASSED] - try: null

2022-01-26 15:24:10 - [TEST_STEP][PASSED] - if (verifyResponseStatusCode(DRMUrl, 200)): null

2022-01-26 15:24:10 - [MESSAGE][PASSED] - Verify response status code successfully

2022-01-26 15:24:10 - [TEST_STEP][PASSED] - passedResult.setDRMStatus("DRM API Passed"): null

2022-01-26 15:24:10 - [TEST_STEP][PASSED] - passedResult.setDRMResponse(DRMresponseBody): null

2022-01-26 15:24:10 - [TEST_STEP][PASSED] - passedResult.setPlayoutStatus("Playout API Passed"): null

2022-01-26 15:24:10 - [TEST_STEP][PASSED] - passedResult.setPlayoutResponse(responseBody): null

2022-01-26 15:24:10 - [TEST_STEP][PASSED] - if (urlFlag && DRMFlag): null

2022-01-26 15:24:10 - [TEST_STEP][PASSED] - passedResult.setStatus("Passed"): null

2022-01-26 15:24:10 - [TEST_STEP][PASSED] - getClipsPassedInstance().addClipsPassedResult(passedResult): null

2022-01-26 15:24:10 - [TEST_STEP][PASSED] - passedResult = new shahid.api.PassedResult(): null

2022-01-26 15:24:10 - [TEST_STEP][PASSED] - failedResult = new shahid.api.FailedResult(): null

2022-01-26 15:24:10 - [TEST_STEP][PASSED] - try: null

2022-01-26 15:24:10 - [TEST_STEP][PASSED] - itemPlayoutID = ids[i]: null

2022-01-26 15:24:10 - [TEST_STEP][PASSED] - passedResult.setAssetID(itemPlayoutID): null

2022-01-26 15:24:10 - [TEST_STEP][PASSED] - failedResult.setAssetID(itemPlayoutID): null

2022-01-26 15:24:10 - [TEST_STEP][PASSED] - println("******** GlobalVariable.itemPlayoutID :: " + itemPlayoutID): null

2022-01-26 15:24:10 - [TEST_STEP][PASSED] - PlayOut = sendRequest(findTestObject("Object Repository/Decode/Playout API/Playout", ["ssession":ssession, "token":Token])): Send request successfully

2022-01-26 15:24:11 - [MESSAGE][INFO] - HAR: /Users/alalzabarga/git/mediaProject/Reports/20220126_152350/Media Monitoring/20220126_152350/requests/main/12.har

2022-01-26 15:24:11 - [MESSAGE][PASSED] - Send request successfully

2022-01-26 15:24:11 - [TEST_STEP][PASSED] - responseBody = PlayOut.getResponseBodyContent(): null

2022-01-26 15:24:11 - [TEST_STEP][PASSED] - statusCode = PlayOut.getStatusCode(): null

2022-01-26 15:24:11 - [TEST_STEP][PASSED] - if (verifyResponseStatusCode(PlayOut, 200)): null

2022-01-26 15:24:11 - [MESSAGE][PASSED] - Verify response status code successfully

2022-01-26 15:24:11 - [TEST_STEP][PASSED] - jObject = new org.json.JSONObject(responseBody): null

2022-01-26 15:24:11 - [TEST_STEP][PASSED] - println("jObject::  " + jObject + "
 url: " + responseBody): null

2022-01-26 15:24:11 - [TEST_STEP][PASSED] - DRM = get("playout").get("drm"): null

2022-01-26 15:24:11 - [TEST_STEP][PASSED] - url = get("playout").get("url"): null

2022-01-26 15:24:11 - [TEST_STEP][PASSED] - println("******* DRM:: " + DRM): null

2022-01-26 15:24:11 - [TEST_STEP][PASSED] - println("******* url:: " + url): null

2022-01-26 15:24:11 - [TEST_STEP][PASSED] - if (url.contains(" ")): null

2022-01-26 15:24:11 - [TEST_STEP][PASSED] - if (DRM): null

2022-01-26 15:24:11 - [TEST_STEP][PASSED] - DRMUrl = sendRequest(findTestObject("Object Repository/Decode/Playout API/drm", ["ssession":ssession])): Send request successfully

2022-01-26 15:24:11 - [MESSAGE][INFO] - HAR: /Users/alalzabarga/git/mediaProject/Reports/20220126_152350/Media Monitoring/20220126_152350/requests/main/13.har

2022-01-26 15:24:11 - [MESSAGE][PASSED] - Send request successfully

2022-01-26 15:24:11 - [TEST_STEP][PASSED] - DRMresponseBody = DRMUrl.getResponseBodyContent(): null

2022-01-26 15:24:11 - [TEST_STEP][PASSED] - DRMStatusCode = DRMUrl.getStatusCode(): null

2022-01-26 15:24:11 - [TEST_STEP][PASSED] - try: null

2022-01-26 15:24:11 - [TEST_STEP][PASSED] - if (verifyResponseStatusCode(DRMUrl, 200)): null

2022-01-26 15:24:11 - [MESSAGE][PASSED] - Verify response status code successfully

2022-01-26 15:24:11 - [TEST_STEP][PASSED] - passedResult.setDRMStatus("DRM API Passed"): null

2022-01-26 15:24:11 - [TEST_STEP][PASSED] - passedResult.setDRMResponse(DRMresponseBody): null

2022-01-26 15:24:11 - [TEST_STEP][PASSED] - passedResult.setPlayoutStatus("Playout API Passed"): null

2022-01-26 15:24:11 - [TEST_STEP][PASSED] - passedResult.setPlayoutResponse(responseBody): null

2022-01-26 15:24:11 - [TEST_STEP][PASSED] - if (urlFlag && DRMFlag): null

2022-01-26 15:24:11 - [TEST_STEP][PASSED] - passedResult.setStatus("Passed"): null

2022-01-26 15:24:11 - [TEST_STEP][PASSED] - getClipsPassedInstance().addClipsPassedResult(passedResult): null

2022-01-26 15:24:11 - [TEST_STEP][PASSED] - passedResult = new shahid.api.PassedResult(): null

2022-01-26 15:24:11 - [TEST_STEP][PASSED] - failedResult = new shahid.api.FailedResult(): null

2022-01-26 15:24:11 - [TEST_STEP][PASSED] - try: null

2022-01-26 15:24:11 - [TEST_STEP][PASSED] - itemPlayoutID = ids[i]: null

2022-01-26 15:24:11 - [TEST_STEP][PASSED] - passedResult.setAssetID(itemPlayoutID): null

2022-01-26 15:24:11 - [TEST_STEP][PASSED] - failedResult.setAssetID(itemPlayoutID): null

2022-01-26 15:24:11 - [TEST_STEP][PASSED] - println("******** GlobalVariable.itemPlayoutID :: " + itemPlayoutID): null

2022-01-26 15:24:11 - [TEST_STEP][PASSED] - PlayOut = sendRequest(findTestObject("Object Repository/Decode/Playout API/Playout", ["ssession":ssession, "token":Token])): Send request successfully

2022-01-26 15:24:12 - [MESSAGE][INFO] - HAR: /Users/alalzabarga/git/mediaProject/Reports/20220126_152350/Media Monitoring/20220126_152350/requests/main/14.har

2022-01-26 15:24:12 - [MESSAGE][PASSED] - Send request successfully

2022-01-26 15:24:12 - [TEST_STEP][PASSED] - responseBody = PlayOut.getResponseBodyContent(): null

2022-01-26 15:24:12 - [TEST_STEP][PASSED] - statusCode = PlayOut.getStatusCode(): null

2022-01-26 15:24:12 - [TEST_STEP][PASSED] - if (verifyResponseStatusCode(PlayOut, 200)): null

2022-01-26 15:24:12 - [MESSAGE][PASSED] - Verify response status code successfully

2022-01-26 15:24:12 - [TEST_STEP][PASSED] - jObject = new org.json.JSONObject(responseBody): null

2022-01-26 15:24:12 - [TEST_STEP][PASSED] - println("jObject::  " + jObject + "
 url: " + responseBody): null

2022-01-26 15:24:12 - [TEST_STEP][PASSED] - DRM = get("playout").get("drm"): null

2022-01-26 15:24:12 - [TEST_STEP][PASSED] - url = get("playout").get("url"): null

2022-01-26 15:24:12 - [TEST_STEP][PASSED] - println("******* DRM:: " + DRM): null

2022-01-26 15:24:12 - [TEST_STEP][PASSED] - println("******* url:: " + url): null

2022-01-26 15:24:12 - [TEST_STEP][PASSED] - if (url.contains(" ")): null

2022-01-26 15:24:12 - [TEST_STEP][PASSED] - if (DRM): null

2022-01-26 15:24:12 - [TEST_STEP][PASSED] - DRMUrl = sendRequest(findTestObject("Object Repository/Decode/Playout API/drm", ["ssession":ssession])): Send request successfully

2022-01-26 15:24:12 - [MESSAGE][INFO] - HAR: /Users/alalzabarga/git/mediaProject/Reports/20220126_152350/Media Monitoring/20220126_152350/requests/main/15.har

2022-01-26 15:24:12 - [MESSAGE][PASSED] - Send request successfully

2022-01-26 15:24:12 - [TEST_STEP][PASSED] - DRMresponseBody = DRMUrl.getResponseBodyContent(): null

2022-01-26 15:24:12 - [TEST_STEP][PASSED] - DRMStatusCode = DRMUrl.getStatusCode(): null

2022-01-26 15:24:12 - [TEST_STEP][PASSED] - try: null

2022-01-26 15:24:12 - [TEST_STEP][PASSED] - if (verifyResponseStatusCode(DRMUrl, 200)): null

2022-01-26 15:24:12 - [MESSAGE][PASSED] - Verify response status code successfully

2022-01-26 15:24:12 - [TEST_STEP][PASSED] - passedResult.setDRMStatus("DRM API Passed"): null

2022-01-26 15:24:12 - [TEST_STEP][PASSED] - passedResult.setDRMResponse(DRMresponseBody): null

2022-01-26 15:24:12 - [TEST_STEP][PASSED] - passedResult.setPlayoutStatus("Playout API Passed"): null

2022-01-26 15:24:12 - [TEST_STEP][PASSED] - passedResult.setPlayoutResponse(responseBody): null

2022-01-26 15:24:12 - [TEST_STEP][PASSED] - if (urlFlag && DRMFlag): null

2022-01-26 15:24:12 - [TEST_STEP][PASSED] - passedResult.setStatus("Passed"): null

2022-01-26 15:24:12 - [TEST_STEP][PASSED] - getClipsPassedInstance().addClipsPassedResult(passedResult): null

2022-01-26 15:24:12 - [TEST_STEP][PASSED] - passedResult = new shahid.api.PassedResult(): null

2022-01-26 15:24:12 - [TEST_STEP][PASSED] - failedResult = new shahid.api.FailedResult(): null

2022-01-26 15:24:12 - [TEST_STEP][PASSED] - try: null

2022-01-26 15:24:12 - [TEST_STEP][PASSED] - itemPlayoutID = ids[i]: null

2022-01-26 15:24:12 - [TEST_STEP][PASSED] - passedResult.setAssetID(itemPlayoutID): null

2022-01-26 15:24:12 - [TEST_STEP][PASSED] - failedResult.setAssetID(itemPlayoutID): null

2022-01-26 15:24:12 - [TEST_STEP][PASSED] - println("******** GlobalVariable.itemPlayoutID :: " + itemPlayoutID): null

2022-01-26 15:24:12 - [TEST_STEP][PASSED] - PlayOut = sendRequest(findTestObject("Object Repository/Decode/Playout API/Playout", ["ssession":ssession, "token":Token])): Send request successfully

2022-01-26 15:24:12 - [MESSAGE][INFO] - HAR: /Users/alalzabarga/git/mediaProject/Reports/20220126_152350/Media Monitoring/20220126_152350/requests/main/16.har

2022-01-26 15:24:12 - [MESSAGE][PASSED] - Send request successfully

2022-01-26 15:24:12 - [TEST_STEP][PASSED] - responseBody = PlayOut.getResponseBodyContent(): null

2022-01-26 15:24:12 - [TEST_STEP][PASSED] - statusCode = PlayOut.getStatusCode(): null

2022-01-26 15:24:12 - [TEST_STEP][PASSED] - if (verifyResponseStatusCode(PlayOut, 200)): null

2022-01-26 15:24:12 - [MESSAGE][PASSED] - Verify response status code successfully

2022-01-26 15:24:12 - [TEST_STEP][PASSED] - jObject = new org.json.JSONObject(responseBody): null

2022-01-26 15:24:12 - [TEST_STEP][PASSED] - println("jObject::  " + jObject + "
 url: " + responseBody): null

2022-01-26 15:24:12 - [TEST_STEP][PASSED] - DRM = get("playout").get("drm"): null

2022-01-26 15:24:12 - [TEST_STEP][PASSED] - url = get("playout").get("url"): null

2022-01-26 15:24:12 - [TEST_STEP][PASSED] - println("******* DRM:: " + DRM): null

2022-01-26 15:24:12 - [TEST_STEP][PASSED] - println("******* url:: " + url): null

2022-01-26 15:24:12 - [TEST_STEP][PASSED] - if (url.contains(" ")): null

2022-01-26 15:24:12 - [TEST_STEP][PASSED] - if (DRM): null

2022-01-26 15:24:12 - [TEST_STEP][PASSED] - DRMUrl = sendRequest(findTestObject("Object Repository/Decode/Playout API/drm", ["ssession":ssession])): Send request successfully

2022-01-26 15:24:13 - [MESSAGE][INFO] - HAR: /Users/alalzabarga/git/mediaProject/Reports/20220126_152350/Media Monitoring/20220126_152350/requests/main/17.har

2022-01-26 15:24:13 - [MESSAGE][PASSED] - Send request successfully

2022-01-26 15:24:13 - [TEST_STEP][PASSED] - DRMresponseBody = DRMUrl.getResponseBodyContent(): null

2022-01-26 15:24:13 - [TEST_STEP][PASSED] - DRMStatusCode = DRMUrl.getStatusCode(): null

2022-01-26 15:24:13 - [TEST_STEP][PASSED] - try: null

2022-01-26 15:24:13 - [TEST_STEP][PASSED] - if (verifyResponseStatusCode(DRMUrl, 200)): null

2022-01-26 15:24:13 - [MESSAGE][PASSED] - Verify response status code successfully

2022-01-26 15:24:13 - [TEST_STEP][PASSED] - passedResult.setDRMStatus("DRM API Passed"): null

2022-01-26 15:24:13 - [TEST_STEP][PASSED] - passedResult.setDRMResponse(DRMresponseBody): null

2022-01-26 15:24:13 - [TEST_STEP][PASSED] - passedResult.setPlayoutStatus("Playout API Passed"): null

2022-01-26 15:24:13 - [TEST_STEP][PASSED] - passedResult.setPlayoutResponse(responseBody): null

2022-01-26 15:24:13 - [TEST_STEP][PASSED] - if (urlFlag && DRMFlag): null

2022-01-26 15:24:13 - [TEST_STEP][PASSED] - passedResult.setStatus("Passed"): null

2022-01-26 15:24:13 - [TEST_STEP][PASSED] - getClipsPassedInstance().addClipsPassedResult(passedResult): null

2022-01-26 15:24:13 - [TEST_STEP][PASSED] - passedResult = new shahid.api.PassedResult(): null

2022-01-26 15:24:13 - [TEST_STEP][PASSED] - failedResult = new shahid.api.FailedResult(): null

2022-01-26 15:24:13 - [TEST_STEP][PASSED] - try: null

2022-01-26 15:24:13 - [TEST_STEP][PASSED] - itemPlayoutID = ids[i]: null

2022-01-26 15:24:13 - [TEST_STEP][PASSED] - passedResult.setAssetID(itemPlayoutID): null

2022-01-26 15:24:13 - [TEST_STEP][PASSED] - failedResult.setAssetID(itemPlayoutID): null

2022-01-26 15:24:13 - [TEST_STEP][PASSED] - println("******** GlobalVariable.itemPlayoutID :: " + itemPlayoutID): null

2022-01-26 15:24:13 - [TEST_STEP][PASSED] - PlayOut = sendRequest(findTestObject("Object Repository/Decode/Playout API/Playout", ["ssession":ssession, "token":Token])): Send request successfully

2022-01-26 15:24:13 - [MESSAGE][INFO] - HAR: /Users/alalzabarga/git/mediaProject/Reports/20220126_152350/Media Monitoring/20220126_152350/requests/main/18.har

2022-01-26 15:24:13 - [MESSAGE][PASSED] - Send request successfully

2022-01-26 15:24:13 - [TEST_STEP][PASSED] - responseBody = PlayOut.getResponseBodyContent(): null

2022-01-26 15:24:13 - [TEST_STEP][PASSED] - statusCode = PlayOut.getStatusCode(): null

2022-01-26 15:24:13 - [TEST_STEP][PASSED] - if (verifyResponseStatusCode(PlayOut, 200)): null

2022-01-26 15:24:13 - [MESSAGE][PASSED] - Verify response status code successfully

2022-01-26 15:24:13 - [TEST_STEP][PASSED] - jObject = new org.json.JSONObject(responseBody): null

2022-01-26 15:24:13 - [TEST_STEP][PASSED] - println("jObject::  " + jObject + "
 url: " + responseBody): null

2022-01-26 15:24:13 - [TEST_STEP][PASSED] - DRM = get("playout").get("drm"): null

2022-01-26 15:24:13 - [TEST_STEP][PASSED] - url = get("playout").get("url"): null

2022-01-26 15:24:13 - [TEST_STEP][PASSED] - println("******* DRM:: " + DRM): null

2022-01-26 15:24:13 - [TEST_STEP][PASSED] - println("******* url:: " + url): null

2022-01-26 15:24:13 - [TEST_STEP][PASSED] - if (url.contains(" ")): null

2022-01-26 15:24:13 - [TEST_STEP][PASSED] - if (DRM): null

2022-01-26 15:24:13 - [TEST_STEP][PASSED] - DRMUrl = sendRequest(findTestObject("Object Repository/Decode/Playout API/drm", ["ssession":ssession])): Send request successfully

2022-01-26 15:24:14 - [MESSAGE][INFO] - HAR: /Users/alalzabarga/git/mediaProject/Reports/20220126_152350/Media Monitoring/20220126_152350/requests/main/19.har

2022-01-26 15:24:14 - [MESSAGE][PASSED] - Send request successfully

2022-01-26 15:24:14 - [TEST_STEP][PASSED] - DRMresponseBody = DRMUrl.getResponseBodyContent(): null

2022-01-26 15:24:14 - [TEST_STEP][PASSED] - DRMStatusCode = DRMUrl.getStatusCode(): null

2022-01-26 15:24:14 - [TEST_STEP][PASSED] - try: null

2022-01-26 15:24:14 - [TEST_STEP][PASSED] - if (verifyResponseStatusCode(DRMUrl, 200)): null

2022-01-26 15:24:14 - [MESSAGE][PASSED] - Verify response status code successfully

2022-01-26 15:24:14 - [TEST_STEP][PASSED] - passedResult.setDRMStatus("DRM API Passed"): null

2022-01-26 15:24:14 - [TEST_STEP][PASSED] - passedResult.setDRMResponse(DRMresponseBody): null

2022-01-26 15:24:14 - [TEST_STEP][PASSED] - passedResult.setPlayoutStatus("Playout API Passed"): null

2022-01-26 15:24:14 - [TEST_STEP][PASSED] - passedResult.setPlayoutResponse(responseBody): null

2022-01-26 15:24:14 - [TEST_STEP][PASSED] - if (urlFlag && DRMFlag): null

2022-01-26 15:24:14 - [TEST_STEP][PASSED] - passedResult.setStatus("Passed"): null

2022-01-26 15:24:14 - [TEST_STEP][PASSED] - getClipsPassedInstance().addClipsPassedResult(passedResult): null

2022-01-26 15:24:14 - [TEST_STEP][PASSED] - passedResult = new shahid.api.PassedResult(): null

2022-01-26 15:24:14 - [TEST_STEP][PASSED] - failedResult = new shahid.api.FailedResult(): null

2022-01-26 15:24:14 - [TEST_STEP][PASSED] - try: null

2022-01-26 15:24:14 - [TEST_STEP][PASSED] - itemPlayoutID = ids[i]: null

2022-01-26 15:24:14 - [TEST_STEP][PASSED] - passedResult.setAssetID(itemPlayoutID): null

2022-01-26 15:24:14 - [TEST_STEP][PASSED] - failedResult.setAssetID(itemPlayoutID): null

2022-01-26 15:24:14 - [TEST_STEP][PASSED] - println("******** GlobalVariable.itemPlayoutID :: " + itemPlayoutID): null

2022-01-26 15:24:14 - [TEST_STEP][PASSED] - PlayOut = sendRequest(findTestObject("Object Repository/Decode/Playout API/Playout", ["ssession":ssession, "token":Token])): Send request successfully

2022-01-26 15:24:14 - [MESSAGE][INFO] - HAR: /Users/alalzabarga/git/mediaProject/Reports/20220126_152350/Media Monitoring/20220126_152350/requests/main/20.har

2022-01-26 15:24:14 - [MESSAGE][PASSED] - Send request successfully

2022-01-26 15:24:14 - [TEST_STEP][PASSED] - responseBody = PlayOut.getResponseBodyContent(): null

2022-01-26 15:24:14 - [TEST_STEP][PASSED] - statusCode = PlayOut.getStatusCode(): null

2022-01-26 15:24:14 - [TEST_STEP][PASSED] - if (verifyResponseStatusCode(PlayOut, 200)): null

2022-01-26 15:24:14 - [MESSAGE][PASSED] - Verify response status code successfully

2022-01-26 15:24:14 - [TEST_STEP][PASSED] - jObject = new org.json.JSONObject(responseBody): null

2022-01-26 15:24:14 - [TEST_STEP][PASSED] - println("jObject::  " + jObject + "
 url: " + responseBody): null

2022-01-26 15:24:14 - [TEST_STEP][PASSED] - DRM = get("playout").get("drm"): null

2022-01-26 15:24:14 - [TEST_STEP][PASSED] - url = get("playout").get("url"): null

2022-01-26 15:24:14 - [TEST_STEP][PASSED] - println("******* DRM:: " + DRM): null

2022-01-26 15:24:14 - [TEST_STEP][PASSED] - println("******* url:: " + url): null

2022-01-26 15:24:14 - [TEST_STEP][PASSED] - if (url.contains(" ")): null

2022-01-26 15:24:14 - [TEST_STEP][PASSED] - if (DRM): null

2022-01-26 15:24:14 - [TEST_STEP][PASSED] - DRMUrl = sendRequest(findTestObject("Object Repository/Decode/Playout API/drm", ["ssession":ssession])): Send request successfully

2022-01-26 15:24:15 - [MESSAGE][INFO] - HAR: /Users/alalzabarga/git/mediaProject/Reports/20220126_152350/Media Monitoring/20220126_152350/requests/main/21.har

2022-01-26 15:24:15 - [MESSAGE][PASSED] - Send request successfully

2022-01-26 15:24:15 - [TEST_STEP][PASSED] - DRMresponseBody = DRMUrl.getResponseBodyContent(): null

2022-01-26 15:24:15 - [TEST_STEP][PASSED] - DRMStatusCode = DRMUrl.getStatusCode(): null

2022-01-26 15:24:15 - [TEST_STEP][PASSED] - try: null

2022-01-26 15:24:15 - [TEST_STEP][PASSED] - if (verifyResponseStatusCode(DRMUrl, 200)): null

2022-01-26 15:24:15 - [MESSAGE][PASSED] - Verify response status code successfully

2022-01-26 15:24:15 - [TEST_STEP][PASSED] - passedResult.setDRMStatus("DRM API Passed"): null

2022-01-26 15:24:15 - [TEST_STEP][PASSED] - passedResult.setDRMResponse(DRMresponseBody): null

2022-01-26 15:24:15 - [TEST_STEP][PASSED] - passedResult.setPlayoutStatus("Playout API Passed"): null

2022-01-26 15:24:15 - [TEST_STEP][PASSED] - passedResult.setPlayoutResponse(responseBody): null

2022-01-26 15:24:15 - [TEST_STEP][PASSED] - if (urlFlag && DRMFlag): null

2022-01-26 15:24:15 - [TEST_STEP][PASSED] - passedResult.setStatus("Passed"): null

2022-01-26 15:24:15 - [TEST_STEP][PASSED] - getClipsPassedInstance().addClipsPassedResult(passedResult): null

2022-01-26 15:24:15 - [TEST_STEP][PASSED] - passedResult = new shahid.api.PassedResult(): null

2022-01-26 15:24:15 - [TEST_STEP][PASSED] - failedResult = new shahid.api.FailedResult(): null

2022-01-26 15:24:15 - [TEST_STEP][PASSED] - try: null

2022-01-26 15:24:15 - [TEST_STEP][PASSED] - itemPlayoutID = ids[i]: null

2022-01-26 15:24:15 - [TEST_STEP][PASSED] - passedResult.setAssetID(itemPlayoutID): null

2022-01-26 15:24:15 - [TEST_STEP][PASSED] - failedResult.setAssetID(itemPlayoutID): null

2022-01-26 15:24:15 - [TEST_STEP][PASSED] - println("******** GlobalVariable.itemPlayoutID :: " + itemPlayoutID): null

2022-01-26 15:24:15 - [TEST_STEP][PASSED] - PlayOut = sendRequest(findTestObject("Object Repository/Decode/Playout API/Playout", ["ssession":ssession, "token":Token])): Send request successfully

2022-01-26 15:24:15 - [MESSAGE][INFO] - HAR: /Users/alalzabarga/git/mediaProject/Reports/20220126_152350/Media Monitoring/20220126_152350/requests/main/22.har

2022-01-26 15:24:15 - [MESSAGE][PASSED] - Send request successfully

2022-01-26 15:24:15 - [TEST_STEP][PASSED] - responseBody = PlayOut.getResponseBodyContent(): null

2022-01-26 15:24:15 - [TEST_STEP][PASSED] - statusCode = PlayOut.getStatusCode(): null

2022-01-26 15:24:15 - [TEST_STEP][PASSED] - if (verifyResponseStatusCode(PlayOut, 200)): null

2022-01-26 15:24:15 - [MESSAGE][PASSED] - Verify response status code successfully

2022-01-26 15:24:15 - [TEST_STEP][PASSED] - jObject = new org.json.JSONObject(responseBody): null

2022-01-26 15:24:15 - [TEST_STEP][PASSED] - println("jObject::  " + jObject + "
 url: " + responseBody): null

2022-01-26 15:24:15 - [TEST_STEP][PASSED] - DRM = get("playout").get("drm"): null

2022-01-26 15:24:15 - [TEST_STEP][PASSED] - url = get("playout").get("url"): null

2022-01-26 15:24:15 - [TEST_STEP][PASSED] - println("******* DRM:: " + DRM): null

2022-01-26 15:24:15 - [TEST_STEP][PASSED] - println("******* url:: " + url): null

2022-01-26 15:24:15 - [TEST_STEP][PASSED] - if (url.contains(" ")): null

2022-01-26 15:24:15 - [TEST_STEP][PASSED] - if (DRM): null

2022-01-26 15:24:15 - [TEST_STEP][PASSED] - DRMUrl = sendRequest(findTestObject("Object Repository/Decode/Playout API/drm", ["ssession":ssession])): Send request successfully

2022-01-26 15:24:16 - [MESSAGE][INFO] - HAR: /Users/alalzabarga/git/mediaProject/Reports/20220126_152350/Media Monitoring/20220126_152350/requests/main/23.har

2022-01-26 15:24:16 - [MESSAGE][PASSED] - Send request successfully

2022-01-26 15:24:16 - [TEST_STEP][PASSED] - DRMresponseBody = DRMUrl.getResponseBodyContent(): null

2022-01-26 15:24:16 - [TEST_STEP][PASSED] - DRMStatusCode = DRMUrl.getStatusCode(): null

2022-01-26 15:24:16 - [TEST_STEP][PASSED] - try: null

2022-01-26 15:24:16 - [TEST_STEP][PASSED] - if (verifyResponseStatusCode(DRMUrl, 200)): null

2022-01-26 15:24:16 - [MESSAGE][PASSED] - Verify response status code successfully

2022-01-26 15:24:16 - [TEST_STEP][PASSED] - passedResult.setDRMStatus("DRM API Passed"): null

2022-01-26 15:24:16 - [TEST_STEP][PASSED] - passedResult.setDRMResponse(DRMresponseBody): null

2022-01-26 15:24:16 - [TEST_STEP][PASSED] - passedResult.setPlayoutStatus("Playout API Passed"): null

2022-01-26 15:24:16 - [TEST_STEP][PASSED] - passedResult.setPlayoutResponse(responseBody): null

2022-01-26 15:24:16 - [TEST_STEP][PASSED] - if (urlFlag && DRMFlag): null

2022-01-26 15:24:16 - [TEST_STEP][PASSED] - passedResult.setStatus("Passed"): null

2022-01-26 15:24:16 - [TEST_STEP][PASSED] - getClipsPassedInstance().addClipsPassedResult(passedResult): null

2022-01-26 15:24:16 - [TEST_STEP][PASSED] - passedResult = new shahid.api.PassedResult(): null

2022-01-26 15:24:16 - [TEST_STEP][PASSED] - failedResult = new shahid.api.FailedResult(): null

2022-01-26 15:24:16 - [TEST_STEP][PASSED] - try: null

2022-01-26 15:24:16 - [TEST_STEP][PASSED] - itemPlayoutID = ids[i]: null

2022-01-26 15:24:16 - [TEST_STEP][PASSED] - passedResult.setAssetID(itemPlayoutID): null

2022-01-26 15:24:16 - [TEST_STEP][PASSED] - failedResult.setAssetID(itemPlayoutID): null

2022-01-26 15:24:16 - [TEST_STEP][PASSED] - println("******** GlobalVariable.itemPlayoutID :: " + itemPlayoutID): null

2022-01-26 15:24:16 - [TEST_STEP][PASSED] - PlayOut = sendRequest(findTestObject("Object Repository/Decode/Playout API/Playout", ["ssession":ssession, "token":Token])): Send request successfully

2022-01-26 15:24:16 - [MESSAGE][INFO] - HAR: /Users/alalzabarga/git/mediaProject/Reports/20220126_152350/Media Monitoring/20220126_152350/requests/main/24.har

2022-01-26 15:24:16 - [MESSAGE][PASSED] - Send request successfully

2022-01-26 15:24:16 - [TEST_STEP][PASSED] - responseBody = PlayOut.getResponseBodyContent(): null

2022-01-26 15:24:16 - [TEST_STEP][PASSED] - statusCode = PlayOut.getStatusCode(): null

2022-01-26 15:24:16 - [TEST_STEP][PASSED] - if (verifyResponseStatusCode(PlayOut, 200)): null

2022-01-26 15:24:16 - [MESSAGE][PASSED] - Verify response status code successfully

2022-01-26 15:24:16 - [TEST_STEP][PASSED] - jObject = new org.json.JSONObject(responseBody): null

2022-01-26 15:24:16 - [TEST_STEP][PASSED] - println("jObject::  " + jObject + "
 url: " + responseBody): null

2022-01-26 15:24:16 - [TEST_STEP][PASSED] - DRM = get("playout").get("drm"): null

2022-01-26 15:24:16 - [TEST_STEP][PASSED] - url = get("playout").get("url"): null

2022-01-26 15:24:16 - [TEST_STEP][PASSED] - println("******* DRM:: " + DRM): null

2022-01-26 15:24:16 - [TEST_STEP][PASSED] - println("******* url:: " + url): null

2022-01-26 15:24:16 - [TEST_STEP][PASSED] - if (url.contains(" ")): null

2022-01-26 15:24:16 - [TEST_STEP][PASSED] - if (DRM): null

2022-01-26 15:24:16 - [TEST_STEP][PASSED] - DRMUrl = sendRequest(findTestObject("Object Repository/Decode/Playout API/drm", ["ssession":ssession])): Send request successfully

2022-01-26 15:24:17 - [MESSAGE][INFO] - HAR: /Users/alalzabarga/git/mediaProject/Reports/20220126_152350/Media Monitoring/20220126_152350/requests/main/25.har

2022-01-26 15:24:17 - [MESSAGE][PASSED] - Send request successfully

2022-01-26 15:24:17 - [TEST_STEP][PASSED] - DRMresponseBody = DRMUrl.getResponseBodyContent(): null

2022-01-26 15:24:17 - [TEST_STEP][PASSED] - DRMStatusCode = DRMUrl.getStatusCode(): null

2022-01-26 15:24:17 - [TEST_STEP][PASSED] - try: null

2022-01-26 15:24:17 - [TEST_STEP][PASSED] - if (verifyResponseStatusCode(DRMUrl, 200)): null

2022-01-26 15:24:17 - [MESSAGE][PASSED] - Verify response status code successfully

2022-01-26 15:24:17 - [TEST_STEP][PASSED] - passedResult.setDRMStatus("DRM API Passed"): null

2022-01-26 15:24:17 - [TEST_STEP][PASSED] - passedResult.setDRMResponse(DRMresponseBody): null

2022-01-26 15:24:17 - [TEST_STEP][PASSED] - passedResult.setPlayoutStatus("Playout API Passed"): null

2022-01-26 15:24:17 - [TEST_STEP][PASSED] - passedResult.setPlayoutResponse(responseBody): null

2022-01-26 15:24:17 - [TEST_STEP][PASSED] - if (urlFlag && DRMFlag): null

2022-01-26 15:24:17 - [TEST_STEP][PASSED] - passedResult.setStatus("Passed"): null

2022-01-26 15:24:17 - [TEST_STEP][PASSED] - getClipsPassedInstance().addClipsPassedResult(passedResult): null

2022-01-26 15:24:17 - [TEST_STEP][PASSED] - passedResult = new shahid.api.PassedResult(): null

2022-01-26 15:24:17 - [TEST_STEP][PASSED] - failedResult = new shahid.api.FailedResult(): null

2022-01-26 15:24:17 - [TEST_STEP][PASSED] - try: null

2022-01-26 15:24:17 - [TEST_STEP][PASSED] - itemPlayoutID = ids[i]: null

2022-01-26 15:24:17 - [TEST_STEP][PASSED] - passedResult.setAssetID(itemPlayoutID): null

2022-01-26 15:24:17 - [TEST_STEP][PASSED] - failedResult.setAssetID(itemPlayoutID): null

2022-01-26 15:24:17 - [TEST_STEP][PASSED] - println("******** GlobalVariable.itemPlayoutID :: " + itemPlayoutID): null

2022-01-26 15:24:17 - [TEST_STEP][PASSED] - PlayOut = sendRequest(findTestObject("Object Repository/Decode/Playout API/Playout", ["ssession":ssession, "token":Token])): Send request successfully

2022-01-26 15:24:17 - [MESSAGE][INFO] - HAR: /Users/alalzabarga/git/mediaProject/Reports/20220126_152350/Media Monitoring/20220126_152350/requests/main/26.har

2022-01-26 15:24:17 - [MESSAGE][PASSED] - Send request successfully

2022-01-26 15:24:17 - [TEST_STEP][PASSED] - responseBody = PlayOut.getResponseBodyContent(): null

2022-01-26 15:24:17 - [TEST_STEP][PASSED] - statusCode = PlayOut.getStatusCode(): null

2022-01-26 15:24:17 - [TEST_STEP][PASSED] - if (verifyResponseStatusCode(PlayOut, 200)): null

2022-01-26 15:24:17 - [MESSAGE][PASSED] - Verify response status code successfully

2022-01-26 15:24:17 - [TEST_STEP][PASSED] - jObject = new org.json.JSONObject(responseBody): null

2022-01-26 15:24:17 - [TEST_STEP][PASSED] - println("jObject::  " + jObject + "
 url: " + responseBody): null

2022-01-26 15:24:17 - [TEST_STEP][PASSED] - DRM = get("playout").get("drm"): null

2022-01-26 15:24:17 - [TEST_STEP][PASSED] - url = get("playout").get("url"): null

2022-01-26 15:24:17 - [TEST_STEP][PASSED] - println("******* DRM:: " + DRM): null

2022-01-26 15:24:17 - [TEST_STEP][PASSED] - println("******* url:: " + url): null

2022-01-26 15:24:17 - [TEST_STEP][PASSED] - if (url.contains(" ")): null

2022-01-26 15:24:17 - [TEST_STEP][PASSED] - if (DRM): null

2022-01-26 15:24:17 - [TEST_STEP][PASSED] - DRMUrl = sendRequest(findTestObject("Object Repository/Decode/Playout API/drm", ["ssession":ssession])): Send request successfully

2022-01-26 15:24:17 - [MESSAGE][INFO] - HAR: /Users/alalzabarga/git/mediaProject/Reports/20220126_152350/Media Monitoring/20220126_152350/requests/main/27.har

2022-01-26 15:24:17 - [MESSAGE][PASSED] - Send request successfully

2022-01-26 15:24:17 - [TEST_STEP][PASSED] - DRMresponseBody = DRMUrl.getResponseBodyContent(): null

2022-01-26 15:24:17 - [TEST_STEP][PASSED] - DRMStatusCode = DRMUrl.getStatusCode(): null

2022-01-26 15:24:17 - [TEST_STEP][PASSED] - try: null

2022-01-26 15:24:17 - [TEST_STEP][PASSED] - if (verifyResponseStatusCode(DRMUrl, 200)): null

2022-01-26 15:24:17 - [MESSAGE][PASSED] - Verify response status code successfully

2022-01-26 15:24:17 - [TEST_STEP][PASSED] - passedResult.setDRMStatus("DRM API Passed"): null

2022-01-26 15:24:17 - [TEST_STEP][PASSED] - passedResult.setDRMResponse(DRMresponseBody): null

2022-01-26 15:24:17 - [TEST_STEP][PASSED] - passedResult.setPlayoutStatus("Playout API Passed"): null

2022-01-26 15:24:17 - [TEST_STEP][PASSED] - passedResult.setPlayoutResponse(responseBody): null

2022-01-26 15:24:17 - [TEST_STEP][PASSED] - if (urlFlag && DRMFlag): null

2022-01-26 15:24:17 - [TEST_STEP][PASSED] - passedResult.setStatus("Passed"): null

2022-01-26 15:24:17 - [TEST_STEP][PASSED] - getClipsPassedInstance().addClipsPassedResult(passedResult): null

2022-01-26 15:24:17 - [TEST_STEP][PASSED] - passedResult = new shahid.api.PassedResult(): null

2022-01-26 15:24:17 - [TEST_STEP][PASSED] - failedResult = new shahid.api.FailedResult(): null

2022-01-26 15:24:17 - [TEST_STEP][PASSED] - try: null

2022-01-26 15:24:17 - [TEST_STEP][PASSED] - itemPlayoutID = ids[i]: null

2022-01-26 15:24:17 - [TEST_STEP][PASSED] - passedResult.setAssetID(itemPlayoutID): null

2022-01-26 15:24:17 - [TEST_STEP][PASSED] - failedResult.setAssetID(itemPlayoutID): null

2022-01-26 15:24:17 - [TEST_STEP][PASSED] - println("******** GlobalVariable.itemPlayoutID :: " + itemPlayoutID): null

2022-01-26 15:24:17 - [TEST_STEP][PASSED] - PlayOut = sendRequest(findTestObject("Object Repository/Decode/Playout API/Playout", ["ssession":ssession, "token":Token])): Send request successfully

2022-01-26 15:24:18 - [MESSAGE][INFO] - HAR: /Users/alalzabarga/git/mediaProject/Reports/20220126_152350/Media Monitoring/20220126_152350/requests/main/28.har

2022-01-26 15:24:18 - [MESSAGE][PASSED] - Send request successfully

2022-01-26 15:24:18 - [TEST_STEP][PASSED] - responseBody = PlayOut.getResponseBodyContent(): null

2022-01-26 15:24:18 - [TEST_STEP][PASSED] - statusCode = PlayOut.getStatusCode(): null

2022-01-26 15:24:18 - [TEST_STEP][PASSED] - if (verifyResponseStatusCode(PlayOut, 200)): null

2022-01-26 15:24:18 - [MESSAGE][PASSED] - Verify response status code successfully

2022-01-26 15:24:18 - [TEST_STEP][PASSED] - jObject = new org.json.JSONObject(responseBody): null

2022-01-26 15:24:18 - [TEST_STEP][PASSED] - println("jObject::  " + jObject + "
 url: " + responseBody): null

2022-01-26 15:24:18 - [TEST_STEP][PASSED] - DRM = get("playout").get("drm"): null

2022-01-26 15:24:18 - [TEST_STEP][PASSED] - url = get("playout").get("url"): null

2022-01-26 15:24:18 - [TEST_STEP][PASSED] - println("******* DRM:: " + DRM): null

2022-01-26 15:24:18 - [TEST_STEP][PASSED] - println("******* url:: " + url): null

2022-01-26 15:24:18 - [TEST_STEP][PASSED] - if (url.contains(" ")): null

2022-01-26 15:24:18 - [TEST_STEP][PASSED] - if (DRM): null

2022-01-26 15:24:18 - [TEST_STEP][PASSED] - DRMUrl = sendRequest(findTestObject("Object Repository/Decode/Playout API/drm", ["ssession":ssession])): Send request successfully

2022-01-26 15:24:18 - [MESSAGE][INFO] - HAR: /Users/alalzabarga/git/mediaProject/Reports/20220126_152350/Media Monitoring/20220126_152350/requests/main/29.har

2022-01-26 15:24:18 - [MESSAGE][PASSED] - Send request successfully

2022-01-26 15:24:18 - [TEST_STEP][PASSED] - DRMresponseBody = DRMUrl.getResponseBodyContent(): null

2022-01-26 15:24:18 - [TEST_STEP][PASSED] - DRMStatusCode = DRMUrl.getStatusCode(): null

2022-01-26 15:24:18 - [TEST_STEP][PASSED] - try: null

2022-01-26 15:24:18 - [TEST_STEP][PASSED] - if (verifyResponseStatusCode(DRMUrl, 200)): null

2022-01-26 15:24:18 - [MESSAGE][PASSED] - Verify response status code successfully

2022-01-26 15:24:18 - [TEST_STEP][PASSED] - passedResult.setDRMStatus("DRM API Passed"): null

2022-01-26 15:24:18 - [TEST_STEP][PASSED] - passedResult.setDRMResponse(DRMresponseBody): null

2022-01-26 15:24:18 - [TEST_STEP][PASSED] - passedResult.setPlayoutStatus("Playout API Passed"): null

2022-01-26 15:24:18 - [TEST_STEP][PASSED] - passedResult.setPlayoutResponse(responseBody): null

2022-01-26 15:24:18 - [TEST_STEP][PASSED] - if (urlFlag && DRMFlag): null

2022-01-26 15:24:18 - [TEST_STEP][PASSED] - passedResult.setStatus("Passed"): null

2022-01-26 15:24:18 - [TEST_STEP][PASSED] - getClipsPassedInstance().addClipsPassedResult(passedResult): null

2022-01-26 15:24:18 - [TEST_STEP][PASSED] - passedResult = new shahid.api.PassedResult(): null

2022-01-26 15:24:18 - [TEST_STEP][PASSED] - failedResult = new shahid.api.FailedResult(): null

2022-01-26 15:24:18 - [TEST_STEP][PASSED] - try: null

2022-01-26 15:24:18 - [TEST_STEP][PASSED] - itemPlayoutID = ids[i]: null

2022-01-26 15:24:18 - [TEST_STEP][PASSED] - passedResult.setAssetID(itemPlayoutID): null

2022-01-26 15:24:18 - [TEST_STEP][PASSED] - failedResult.setAssetID(itemPlayoutID): null

2022-01-26 15:24:18 - [TEST_STEP][PASSED] - println("******** GlobalVariable.itemPlayoutID :: " + itemPlayoutID): null

2022-01-26 15:24:18 - [TEST_STEP][PASSED] - PlayOut = sendRequest(findTestObject("Object Repository/Decode/Playout API/Playout", ["ssession":ssession, "token":Token])): Send request successfully

2022-01-26 15:24:19 - [MESSAGE][INFO] - HAR: /Users/alalzabarga/git/mediaProject/Reports/20220126_152350/Media Monitoring/20220126_152350/requests/main/30.har

2022-01-26 15:24:19 - [MESSAGE][PASSED] - Send request successfully

2022-01-26 15:24:19 - [TEST_STEP][PASSED] - responseBody = PlayOut.getResponseBodyContent(): null

2022-01-26 15:24:19 - [TEST_STEP][PASSED] - statusCode = PlayOut.getStatusCode(): null

2022-01-26 15:24:19 - [TEST_STEP][PASSED] - if (verifyResponseStatusCode(PlayOut, 200)): null

2022-01-26 15:24:19 - [MESSAGE][PASSED] - Verify response status code successfully

2022-01-26 15:24:19 - [TEST_STEP][PASSED] - jObject = new org.json.JSONObject(responseBody): null

2022-01-26 15:24:19 - [TEST_STEP][PASSED] - println("jObject::  " + jObject + "
 url: " + responseBody): null

2022-01-26 15:24:19 - [TEST_STEP][PASSED] - DRM = get("playout").get("drm"): null

2022-01-26 15:24:19 - [TEST_STEP][PASSED] - url = get("playout").get("url"): null

2022-01-26 15:24:19 - [TEST_STEP][PASSED] - println("******* DRM:: " + DRM): null

2022-01-26 15:24:19 - [TEST_STEP][PASSED] - println("******* url:: " + url): null

2022-01-26 15:24:19 - [TEST_STEP][PASSED] - if (url.contains(" ")): null

2022-01-26 15:24:19 - [TEST_STEP][PASSED] - if (DRM): null

2022-01-26 15:24:19 - [TEST_STEP][PASSED] - DRMUrl = sendRequest(findTestObject("Object Repository/Decode/Playout API/drm", ["ssession":ssession])): Send request successfully

2022-01-26 15:24:19 - [MESSAGE][INFO] - HAR: /Users/alalzabarga/git/mediaProject/Reports/20220126_152350/Media Monitoring/20220126_152350/requests/main/31.har

2022-01-26 15:24:19 - [MESSAGE][PASSED] - Send request successfully

2022-01-26 15:24:19 - [TEST_STEP][PASSED] - DRMresponseBody = DRMUrl.getResponseBodyContent(): null

2022-01-26 15:24:19 - [TEST_STEP][PASSED] - DRMStatusCode = DRMUrl.getStatusCode(): null

2022-01-26 15:24:19 - [TEST_STEP][PASSED] - try: null

2022-01-26 15:24:19 - [TEST_STEP][PASSED] - if (verifyResponseStatusCode(DRMUrl, 200)): null

2022-01-26 15:24:19 - [MESSAGE][PASSED] - Verify response status code successfully

2022-01-26 15:24:19 - [TEST_STEP][PASSED] - passedResult.setDRMStatus("DRM API Passed"): null

2022-01-26 15:24:19 - [TEST_STEP][PASSED] - passedResult.setDRMResponse(DRMresponseBody): null

2022-01-26 15:24:19 - [TEST_STEP][PASSED] - passedResult.setPlayoutStatus("Playout API Passed"): null

2022-01-26 15:24:19 - [TEST_STEP][PASSED] - passedResult.setPlayoutResponse(responseBody): null

2022-01-26 15:24:19 - [TEST_STEP][PASSED] - if (urlFlag && DRMFlag): null

2022-01-26 15:24:19 - [TEST_STEP][PASSED] - passedResult.setStatus("Passed"): null

2022-01-26 15:24:19 - [TEST_STEP][PASSED] - getClipsPassedInstance().addClipsPassedResult(passedResult): null

2022-01-26 15:24:19 - [TEST_STEP][PASSED] - passedResult = new shahid.api.PassedResult(): null

2022-01-26 15:24:19 - [TEST_STEP][PASSED] - failedResult = new shahid.api.FailedResult(): null

2022-01-26 15:24:19 - [TEST_STEP][PASSED] - try: null

2022-01-26 15:24:19 - [TEST_STEP][PASSED] - itemPlayoutID = ids[i]: null

2022-01-26 15:24:19 - [TEST_STEP][PASSED] - passedResult.setAssetID(itemPlayoutID): null

2022-01-26 15:24:19 - [TEST_STEP][PASSED] - failedResult.setAssetID(itemPlayoutID): null

2022-01-26 15:24:19 - [TEST_STEP][PASSED] - println("******** GlobalVariable.itemPlayoutID :: " + itemPlayoutID): null

2022-01-26 15:24:19 - [TEST_STEP][PASSED] - PlayOut = sendRequest(findTestObject("Object Repository/Decode/Playout API/Playout", ["ssession":ssession, "token":Token])): Send request successfully

2022-01-26 15:24:20 - [MESSAGE][INFO] - HAR: /Users/alalzabarga/git/mediaProject/Reports/20220126_152350/Media Monitoring/20220126_152350/requests/main/32.har

2022-01-26 15:24:20 - [MESSAGE][PASSED] - Send request successfully

2022-01-26 15:24:20 - [TEST_STEP][PASSED] - responseBody = PlayOut.getResponseBodyContent(): null

2022-01-26 15:24:20 - [TEST_STEP][PASSED] - statusCode = PlayOut.getStatusCode(): null

2022-01-26 15:24:20 - [TEST_STEP][PASSED] - if (verifyResponseStatusCode(PlayOut, 200)): null

2022-01-26 15:24:20 - [MESSAGE][PASSED] - Verify response status code successfully

2022-01-26 15:24:20 - [TEST_STEP][PASSED] - jObject = new org.json.JSONObject(responseBody): null

2022-01-26 15:24:20 - [TEST_STEP][PASSED] - println("jObject::  " + jObject + "
 url: " + responseBody): null

2022-01-26 15:24:20 - [TEST_STEP][PASSED] - DRM = get("playout").get("drm"): null

2022-01-26 15:24:20 - [TEST_STEP][PASSED] - url = get("playout").get("url"): null

2022-01-26 15:24:20 - [TEST_STEP][PASSED] - println("******* DRM:: " + DRM): null

2022-01-26 15:24:20 - [TEST_STEP][PASSED] - println("******* url:: " + url): null

2022-01-26 15:24:20 - [TEST_STEP][PASSED] - if (url.contains(" ")): null

2022-01-26 15:24:20 - [TEST_STEP][PASSED] - if (DRM): null

2022-01-26 15:24:20 - [TEST_STEP][PASSED] - DRMUrl = sendRequest(findTestObject("Object Repository/Decode/Playout API/drm", ["ssession":ssession])): Send request successfully

2022-01-26 15:24:20 - [MESSAGE][INFO] - HAR: /Users/alalzabarga/git/mediaProject/Reports/20220126_152350/Media Monitoring/20220126_152350/requests/main/33.har

2022-01-26 15:24:20 - [MESSAGE][PASSED] - Send request successfully

2022-01-26 15:24:20 - [TEST_STEP][PASSED] - DRMresponseBody = DRMUrl.getResponseBodyContent(): null

2022-01-26 15:24:20 - [TEST_STEP][PASSED] - DRMStatusCode = DRMUrl.getStatusCode(): null

2022-01-26 15:24:20 - [TEST_STEP][PASSED] - try: null

2022-01-26 15:24:20 - [TEST_STEP][PASSED] - if (verifyResponseStatusCode(DRMUrl, 200)): null

2022-01-26 15:24:20 - [MESSAGE][PASSED] - Verify response status code successfully

2022-01-26 15:24:20 - [TEST_STEP][PASSED] - passedResult.setDRMStatus("DRM API Passed"): null

2022-01-26 15:24:20 - [TEST_STEP][PASSED] - passedResult.setDRMResponse(DRMresponseBody): null

2022-01-26 15:24:20 - [TEST_STEP][PASSED] - passedResult.setPlayoutStatus("Playout API Passed"): null

2022-01-26 15:24:20 - [TEST_STEP][PASSED] - passedResult.setPlayoutResponse(responseBody): null

2022-01-26 15:24:20 - [TEST_STEP][PASSED] - if (urlFlag && DRMFlag): null

2022-01-26 15:24:20 - [TEST_STEP][PASSED] - passedResult.setStatus("Passed"): null

2022-01-26 15:24:20 - [TEST_STEP][PASSED] - getClipsPassedInstance().addClipsPassedResult(passedResult): null

2022-01-26 15:24:20 - [TEST_STEP][PASSED] - passedResult = new shahid.api.PassedResult(): null

2022-01-26 15:24:20 - [TEST_STEP][PASSED] - failedResult = new shahid.api.FailedResult(): null

2022-01-26 15:24:20 - [TEST_STEP][PASSED] - try: null

2022-01-26 15:24:20 - [TEST_STEP][PASSED] - itemPlayoutID = ids[i]: null

2022-01-26 15:24:20 - [TEST_STEP][PASSED] - passedResult.setAssetID(itemPlayoutID): null

2022-01-26 15:24:20 - [TEST_STEP][PASSED] - failedResult.setAssetID(itemPlayoutID): null

2022-01-26 15:24:20 - [TEST_STEP][PASSED] - println("******** GlobalVariable.itemPlayoutID :: " + itemPlayoutID): null

2022-01-26 15:24:20 - [TEST_STEP][PASSED] - PlayOut = sendRequest(findTestObject("Object Repository/Decode/Playout API/Playout", ["ssession":ssession, "token":Token])): Send request successfully

2022-01-26 15:24:21 - [MESSAGE][INFO] - HAR: /Users/alalzabarga/git/mediaProject/Reports/20220126_152350/Media Monitoring/20220126_152350/requests/main/34.har

2022-01-26 15:24:21 - [MESSAGE][PASSED] - Send request successfully

2022-01-26 15:24:21 - [TEST_STEP][PASSED] - responseBody = PlayOut.getResponseBodyContent(): null

2022-01-26 15:24:21 - [TEST_STEP][PASSED] - statusCode = PlayOut.getStatusCode(): null

2022-01-26 15:24:21 - [TEST_STEP][PASSED] - if (verifyResponseStatusCode(PlayOut, 200)): null

2022-01-26 15:24:21 - [MESSAGE][PASSED] - Verify response status code successfully

2022-01-26 15:24:21 - [TEST_STEP][PASSED] - jObject = new org.json.JSONObject(responseBody): null

2022-01-26 15:24:21 - [TEST_STEP][PASSED] - println("jObject::  " + jObject + "
 url: " + responseBody): null

2022-01-26 15:24:21 - [TEST_STEP][PASSED] - DRM = get("playout").get("drm"): null

2022-01-26 15:24:21 - [TEST_STEP][PASSED] - url = get("playout").get("url"): null

2022-01-26 15:24:21 - [TEST_STEP][PASSED] - println("******* DRM:: " + DRM): null

2022-01-26 15:24:21 - [TEST_STEP][PASSED] - println("******* url:: " + url): null

2022-01-26 15:24:21 - [TEST_STEP][PASSED] - if (url.contains(" ")): null

2022-01-26 15:24:21 - [TEST_STEP][PASSED] - if (DRM): null

2022-01-26 15:24:21 - [TEST_STEP][PASSED] - DRMUrl = sendRequest(findTestObject("Object Repository/Decode/Playout API/drm", ["ssession":ssession])): Send request successfully

2022-01-26 15:24:21 - [MESSAGE][INFO] - HAR: /Users/alalzabarga/git/mediaProject/Reports/20220126_152350/Media Monitoring/20220126_152350/requests/main/35.har

2022-01-26 15:24:21 - [MESSAGE][PASSED] - Send request successfully

2022-01-26 15:24:21 - [TEST_STEP][PASSED] - DRMresponseBody = DRMUrl.getResponseBodyContent(): null

2022-01-26 15:24:21 - [TEST_STEP][PASSED] - DRMStatusCode = DRMUrl.getStatusCode(): null

2022-01-26 15:24:21 - [TEST_STEP][PASSED] - try: null

2022-01-26 15:24:21 - [TEST_STEP][PASSED] - if (verifyResponseStatusCode(DRMUrl, 200)): null

2022-01-26 15:24:21 - [MESSAGE][PASSED] - Verify response status code successfully

2022-01-26 15:24:21 - [TEST_STEP][PASSED] - passedResult.setDRMStatus("DRM API Passed"): null

2022-01-26 15:24:21 - [TEST_STEP][PASSED] - passedResult.setDRMResponse(DRMresponseBody): null

2022-01-26 15:24:21 - [TEST_STEP][PASSED] - passedResult.setPlayoutStatus("Playout API Passed"): null

2022-01-26 15:24:21 - [TEST_STEP][PASSED] - passedResult.setPlayoutResponse(responseBody): null

2022-01-26 15:24:21 - [TEST_STEP][PASSED] - if (urlFlag && DRMFlag): null

2022-01-26 15:24:21 - [TEST_STEP][PASSED] - passedResult.setStatus("Passed"): null

2022-01-26 15:24:21 - [TEST_STEP][PASSED] - getClipsPassedInstance().addClipsPassedResult(passedResult): null

2022-01-26 15:24:21 - [TEST_STEP][PASSED] - passedResult = new shahid.api.PassedResult(): null

2022-01-26 15:24:21 - [TEST_STEP][PASSED] - failedResult = new shahid.api.FailedResult(): null

2022-01-26 15:24:21 - [TEST_STEP][PASSED] - try: null

2022-01-26 15:24:21 - [TEST_STEP][PASSED] - itemPlayoutID = ids[i]: null

2022-01-26 15:24:21 - [TEST_STEP][PASSED] - passedResult.setAssetID(itemPlayoutID): null

2022-01-26 15:24:21 - [TEST_STEP][PASSED] - failedResult.setAssetID(itemPlayoutID): null

2022-01-26 15:24:21 - [TEST_STEP][PASSED] - println("******** GlobalVariable.itemPlayoutID :: " + itemPlayoutID): null

2022-01-26 15:24:21 - [TEST_STEP][PASSED] - PlayOut = sendRequest(findTestObject("Object Repository/Decode/Playout API/Playout", ["ssession":ssession, "token":Token])): Send request successfully

2022-01-26 15:24:21 - [MESSAGE][INFO] - HAR: /Users/alalzabarga/git/mediaProject/Reports/20220126_152350/Media Monitoring/20220126_152350/requests/main/36.har

2022-01-26 15:24:21 - [MESSAGE][PASSED] - Send request successfully

2022-01-26 15:24:21 - [TEST_STEP][PASSED] - responseBody = PlayOut.getResponseBodyContent(): null

2022-01-26 15:24:21 - [TEST_STEP][PASSED] - statusCode = PlayOut.getStatusCode(): null

2022-01-26 15:24:21 - [TEST_STEP][PASSED] - if (verifyResponseStatusCode(PlayOut, 200)): null

2022-01-26 15:24:21 - [MESSAGE][PASSED] - Verify response status code successfully

2022-01-26 15:24:21 - [TEST_STEP][PASSED] - jObject = new org.json.JSONObject(responseBody): null

2022-01-26 15:24:21 - [TEST_STEP][PASSED] - println("jObject::  " + jObject + "
 url: " + responseBody): null

2022-01-26 15:24:21 - [TEST_STEP][PASSED] - DRM = get("playout").get("drm"): null

2022-01-26 15:24:21 - [TEST_STEP][PASSED] - url = get("playout").get("url"): null

2022-01-26 15:24:21 - [TEST_STEP][PASSED] - println("******* DRM:: " + DRM): null

2022-01-26 15:24:21 - [TEST_STEP][PASSED] - println("******* url:: " + url): null

2022-01-26 15:24:21 - [TEST_STEP][PASSED] - if (url.contains(" ")): null

2022-01-26 15:24:21 - [TEST_STEP][PASSED] - if (DRM): null

2022-01-26 15:24:21 - [TEST_STEP][PASSED] - DRMUrl = sendRequest(findTestObject("Object Repository/Decode/Playout API/drm", ["ssession":ssession])): Send request successfully

2022-01-26 15:24:22 - [MESSAGE][INFO] - HAR: /Users/alalzabarga/git/mediaProject/Reports/20220126_152350/Media Monitoring/20220126_152350/requests/main/37.har

2022-01-26 15:24:22 - [MESSAGE][PASSED] - Send request successfully

2022-01-26 15:24:22 - [TEST_STEP][PASSED] - DRMresponseBody = DRMUrl.getResponseBodyContent(): null

2022-01-26 15:24:22 - [TEST_STEP][PASSED] - DRMStatusCode = DRMUrl.getStatusCode(): null

2022-01-26 15:24:22 - [TEST_STEP][PASSED] - try: null

2022-01-26 15:24:22 - [TEST_STEP][PASSED] - if (verifyResponseStatusCode(DRMUrl, 200)): null

2022-01-26 15:24:22 - [MESSAGE][PASSED] - Verify response status code successfully

2022-01-26 15:24:22 - [TEST_STEP][PASSED] - passedResult.setDRMStatus("DRM API Passed"): null

2022-01-26 15:24:22 - [TEST_STEP][PASSED] - passedResult.setDRMResponse(DRMresponseBody): null

2022-01-26 15:24:22 - [TEST_STEP][PASSED] - passedResult.setPlayoutStatus("Playout API Passed"): null

2022-01-26 15:24:22 - [TEST_STEP][PASSED] - passedResult.setPlayoutResponse(responseBody): null

2022-01-26 15:24:22 - [TEST_STEP][PASSED] - if (urlFlag && DRMFlag): null

2022-01-26 15:24:22 - [TEST_STEP][PASSED] - passedResult.setStatus("Passed"): null

2022-01-26 15:24:22 - [TEST_STEP][PASSED] - getClipsPassedInstance().addClipsPassedResult(passedResult): null

2022-01-26 15:24:22 - [TEST_STEP][PASSED] - passedResult = new shahid.api.PassedResult(): null

2022-01-26 15:24:22 - [TEST_STEP][PASSED] - failedResult = new shahid.api.FailedResult(): null

2022-01-26 15:24:22 - [TEST_STEP][PASSED] - try: null

2022-01-26 15:24:22 - [TEST_STEP][PASSED] - itemPlayoutID = ids[i]: null

2022-01-26 15:24:22 - [TEST_STEP][PASSED] - passedResult.setAssetID(itemPlayoutID): null

2022-01-26 15:24:22 - [TEST_STEP][PASSED] - failedResult.setAssetID(itemPlayoutID): null

2022-01-26 15:24:22 - [TEST_STEP][PASSED] - println("******** GlobalVariable.itemPlayoutID :: " + itemPlayoutID): null

2022-01-26 15:24:22 - [TEST_STEP][PASSED] - PlayOut = sendRequest(findTestObject("Object Repository/Decode/Playout API/Playout", ["ssession":ssession, "token":Token])): Send request successfully

2022-01-26 15:24:22 - [MESSAGE][INFO] - HAR: /Users/alalzabarga/git/mediaProject/Reports/20220126_152350/Media Monitoring/20220126_152350/requests/main/38.har

2022-01-26 15:24:22 - [MESSAGE][PASSED] - Send request successfully

2022-01-26 15:24:22 - [TEST_STEP][PASSED] - responseBody = PlayOut.getResponseBodyContent(): null

2022-01-26 15:24:22 - [TEST_STEP][PASSED] - statusCode = PlayOut.getStatusCode(): null

2022-01-26 15:24:22 - [TEST_STEP][PASSED] - if (verifyResponseStatusCode(PlayOut, 200)): null

2022-01-26 15:24:22 - [MESSAGE][PASSED] - Verify response status code successfully

2022-01-26 15:24:22 - [TEST_STEP][PASSED] - jObject = new org.json.JSONObject(responseBody): null

2022-01-26 15:24:22 - [TEST_STEP][PASSED] - println("jObject::  " + jObject + "
 url: " + responseBody): null

2022-01-26 15:24:22 - [TEST_STEP][PASSED] - DRM = get("playout").get("drm"): null

2022-01-26 15:24:22 - [TEST_STEP][PASSED] - url = get("playout").get("url"): null

2022-01-26 15:24:22 - [TEST_STEP][PASSED] - println("******* DRM:: " + DRM): null

2022-01-26 15:24:22 - [TEST_STEP][PASSED] - println("******* url:: " + url): null

2022-01-26 15:24:22 - [TEST_STEP][PASSED] - if (url.contains(" ")): null

2022-01-26 15:24:22 - [TEST_STEP][PASSED] - if (DRM): null

2022-01-26 15:24:22 - [TEST_STEP][PASSED] - DRMUrl = sendRequest(findTestObject("Object Repository/Decode/Playout API/drm", ["ssession":ssession])): Send request successfully

2022-01-26 15:24:23 - [MESSAGE][INFO] - HAR: /Users/alalzabarga/git/mediaProject/Reports/20220126_152350/Media Monitoring/20220126_152350/requests/main/39.har

2022-01-26 15:24:23 - [MESSAGE][PASSED] - Send request successfully

2022-01-26 15:24:23 - [TEST_STEP][PASSED] - DRMresponseBody = DRMUrl.getResponseBodyContent(): null

2022-01-26 15:24:23 - [TEST_STEP][PASSED] - DRMStatusCode = DRMUrl.getStatusCode(): null

2022-01-26 15:24:23 - [TEST_STEP][PASSED] - try: null

2022-01-26 15:24:23 - [TEST_STEP][PASSED] - if (verifyResponseStatusCode(DRMUrl, 200)): null

2022-01-26 15:24:23 - [MESSAGE][PASSED] - Verify response status code successfully

2022-01-26 15:24:23 - [TEST_STEP][PASSED] - passedResult.setDRMStatus("DRM API Passed"): null

2022-01-26 15:24:23 - [TEST_STEP][PASSED] - passedResult.setDRMResponse(DRMresponseBody): null

2022-01-26 15:24:23 - [TEST_STEP][PASSED] - passedResult.setPlayoutStatus("Playout API Passed"): null

2022-01-26 15:24:23 - [TEST_STEP][PASSED] - passedResult.setPlayoutResponse(responseBody): null

2022-01-26 15:24:23 - [TEST_STEP][PASSED] - if (urlFlag && DRMFlag): null

2022-01-26 15:24:23 - [TEST_STEP][PASSED] - passedResult.setStatus("Passed"): null

2022-01-26 15:24:23 - [TEST_STEP][PASSED] - getClipsPassedInstance().addClipsPassedResult(passedResult): null

2022-01-26 15:24:23 - [TEST_STEP][PASSED] - passedResult = new shahid.api.PassedResult(): null

2022-01-26 15:24:23 - [TEST_STEP][PASSED] - failedResult = new shahid.api.FailedResult(): null

2022-01-26 15:24:23 - [TEST_STEP][PASSED] - try: null

2022-01-26 15:24:23 - [TEST_STEP][PASSED] - itemPlayoutID = ids[i]: null

2022-01-26 15:24:23 - [TEST_STEP][PASSED] - passedResult.setAssetID(itemPlayoutID): null

2022-01-26 15:24:23 - [TEST_STEP][PASSED] - failedResult.setAssetID(itemPlayoutID): null

2022-01-26 15:24:23 - [TEST_STEP][PASSED] - println("******** GlobalVariable.itemPlayoutID :: " + itemPlayoutID): null

2022-01-26 15:24:23 - [TEST_STEP][PASSED] - PlayOut = sendRequest(findTestObject("Object Repository/Decode/Playout API/Playout", ["ssession":ssession, "token":Token])): Send request successfully

2022-01-26 15:24:23 - [MESSAGE][INFO] - HAR: /Users/alalzabarga/git/mediaProject/Reports/20220126_152350/Media Monitoring/20220126_152350/requests/main/40.har

2022-01-26 15:24:23 - [MESSAGE][PASSED] - Send request successfully

2022-01-26 15:24:23 - [TEST_STEP][PASSED] - responseBody = PlayOut.getResponseBodyContent(): null

2022-01-26 15:24:23 - [TEST_STEP][PASSED] - statusCode = PlayOut.getStatusCode(): null

2022-01-26 15:24:23 - [TEST_STEP][PASSED] - if (verifyResponseStatusCode(PlayOut, 200)): null

2022-01-26 15:24:23 - [MESSAGE][PASSED] - Verify response status code successfully

2022-01-26 15:24:23 - [TEST_STEP][PASSED] - jObject = new org.json.JSONObject(responseBody): null

2022-01-26 15:24:23 - [TEST_STEP][PASSED] - println("jObject::  " + jObject + "
 url: " + responseBody): null

2022-01-26 15:24:23 - [TEST_STEP][PASSED] - DRM = get("playout").get("drm"): null

2022-01-26 15:24:23 - [TEST_STEP][PASSED] - url = get("playout").get("url"): null

2022-01-26 15:24:23 - [TEST_STEP][PASSED] - println("******* DRM:: " + DRM): null

2022-01-26 15:24:23 - [TEST_STEP][PASSED] - println("******* url:: " + url): null

2022-01-26 15:24:23 - [TEST_STEP][PASSED] - if (url.contains(" ")): null

2022-01-26 15:24:23 - [TEST_STEP][PASSED] - if (DRM): null

2022-01-26 15:24:23 - [TEST_STEP][PASSED] - DRMUrl = sendRequest(findTestObject("Object Repository/Decode/Playout API/drm", ["ssession":ssession])): Send request successfully

2022-01-26 15:24:24 - [MESSAGE][INFO] - HAR: /Users/alalzabarga/git/mediaProject/Reports/20220126_152350/Media Monitoring/20220126_152350/requests/main/41.har

2022-01-26 15:24:24 - [MESSAGE][PASSED] - Send request successfully

2022-01-26 15:24:24 - [TEST_STEP][PASSED] - DRMresponseBody = DRMUrl.getResponseBodyContent(): null

2022-01-26 15:24:24 - [TEST_STEP][PASSED] - DRMStatusCode = DRMUrl.getStatusCode(): null

2022-01-26 15:24:24 - [TEST_STEP][PASSED] - try: null

2022-01-26 15:24:24 - [TEST_STEP][PASSED] - if (verifyResponseStatusCode(DRMUrl, 200)): null

2022-01-26 15:24:24 - [MESSAGE][PASSED] - Verify response status code successfully

2022-01-26 15:24:24 - [TEST_STEP][PASSED] - passedResult.setDRMStatus("DRM API Passed"): null

2022-01-26 15:24:24 - [TEST_STEP][PASSED] - passedResult.setDRMResponse(DRMresponseBody): null

2022-01-26 15:24:24 - [TEST_STEP][PASSED] - passedResult.setPlayoutStatus("Playout API Passed"): null

2022-01-26 15:24:24 - [TEST_STEP][PASSED] - passedResult.setPlayoutResponse(responseBody): null

2022-01-26 15:24:24 - [TEST_STEP][PASSED] - if (urlFlag && DRMFlag): null

2022-01-26 15:24:24 - [TEST_STEP][PASSED] - passedResult.setStatus("Passed"): null

2022-01-26 15:24:24 - [TEST_STEP][PASSED] - getClipsPassedInstance().addClipsPassedResult(passedResult): null

2022-01-26 15:24:24 - [TEST_STEP][PASSED] - passedResult = new shahid.api.PassedResult(): null

2022-01-26 15:24:24 - [TEST_STEP][PASSED] - failedResult = new shahid.api.FailedResult(): null

2022-01-26 15:24:24 - [TEST_STEP][PASSED] - try: null

2022-01-26 15:24:24 - [TEST_STEP][PASSED] - itemPlayoutID = ids[i]: null

2022-01-26 15:24:24 - [TEST_STEP][PASSED] - passedResult.setAssetID(itemPlayoutID): null

2022-01-26 15:24:24 - [TEST_STEP][PASSED] - failedResult.setAssetID(itemPlayoutID): null

2022-01-26 15:24:24 - [TEST_STEP][PASSED] - println("******** GlobalVariable.itemPlayoutID :: " + itemPlayoutID): null

2022-01-26 15:24:24 - [TEST_STEP][PASSED] - PlayOut = sendRequest(findTestObject("Object Repository/Decode/Playout API/Playout", ["ssession":ssession, "token":Token])): Send request successfully

2022-01-26 15:24:24 - [MESSAGE][INFO] - HAR: /Users/alalzabarga/git/mediaProject/Reports/20220126_152350/Media Monitoring/20220126_152350/requests/main/42.har

2022-01-26 15:24:24 - [MESSAGE][PASSED] - Send request successfully

2022-01-26 15:24:24 - [TEST_STEP][PASSED] - responseBody = PlayOut.getResponseBodyContent(): null

2022-01-26 15:24:24 - [TEST_STEP][PASSED] - statusCode = PlayOut.getStatusCode(): null

2022-01-26 15:24:24 - [TEST_STEP][PASSED] - if (verifyResponseStatusCode(PlayOut, 200)): null

2022-01-26 15:24:24 - [MESSAGE][PASSED] - Verify response status code successfully

2022-01-26 15:24:24 - [TEST_STEP][PASSED] - jObject = new org.json.JSONObject(responseBody): null

2022-01-26 15:24:24 - [TEST_STEP][PASSED] - println("jObject::  " + jObject + "
 url: " + responseBody): null

2022-01-26 15:24:24 - [TEST_STEP][PASSED] - DRM = get("playout").get("drm"): null

2022-01-26 15:24:24 - [TEST_STEP][PASSED] - url = get("playout").get("url"): null

2022-01-26 15:24:24 - [TEST_STEP][PASSED] - println("******* DRM:: " + DRM): null

2022-01-26 15:24:24 - [TEST_STEP][PASSED] - println("******* url:: " + url): null

2022-01-26 15:24:24 - [TEST_STEP][PASSED] - if (url.contains(" ")): null

2022-01-26 15:24:24 - [TEST_STEP][PASSED] - if (DRM): null

2022-01-26 15:24:24 - [TEST_STEP][PASSED] - DRMUrl = sendRequest(findTestObject("Object Repository/Decode/Playout API/drm", ["ssession":ssession])): Send request successfully

2022-01-26 15:24:24 - [MESSAGE][INFO] - HAR: /Users/alalzabarga/git/mediaProject/Reports/20220126_152350/Media Monitoring/20220126_152350/requests/main/43.har

2022-01-26 15:24:24 - [MESSAGE][PASSED] - Send request successfully

2022-01-26 15:24:24 - [TEST_STEP][PASSED] - DRMresponseBody = DRMUrl.getResponseBodyContent(): null

2022-01-26 15:24:24 - [TEST_STEP][PASSED] - DRMStatusCode = DRMUrl.getStatusCode(): null

2022-01-26 15:24:24 - [TEST_STEP][PASSED] - try: null

2022-01-26 15:24:24 - [TEST_STEP][PASSED] - if (verifyResponseStatusCode(DRMUrl, 200)): null

2022-01-26 15:24:24 - [MESSAGE][PASSED] - Verify response status code successfully

2022-01-26 15:24:24 - [TEST_STEP][PASSED] - passedResult.setDRMStatus("DRM API Passed"): null

2022-01-26 15:24:24 - [TEST_STEP][PASSED] - passedResult.setDRMResponse(DRMresponseBody): null

2022-01-26 15:24:24 - [TEST_STEP][PASSED] - passedResult.setPlayoutStatus("Playout API Passed"): null

2022-01-26 15:24:24 - [TEST_STEP][PASSED] - passedResult.setPlayoutResponse(responseBody): null

2022-01-26 15:24:24 - [TEST_STEP][PASSED] - if (urlFlag && DRMFlag): null

2022-01-26 15:24:24 - [TEST_STEP][PASSED] - passedResult.setStatus("Passed"): null

2022-01-26 15:24:24 - [TEST_STEP][PASSED] - getClipsPassedInstance().addClipsPassedResult(passedResult): null

2022-01-26 15:24:24 - [TEST_STEP][PASSED] - passedResult = new shahid.api.PassedResult(): null

2022-01-26 15:24:24 - [TEST_STEP][PASSED] - failedResult = new shahid.api.FailedResult(): null

2022-01-26 15:24:24 - [TEST_STEP][PASSED] - try: null

2022-01-26 15:24:24 - [TEST_STEP][PASSED] - itemPlayoutID = ids[i]: null

2022-01-26 15:24:24 - [TEST_STEP][PASSED] - passedResult.setAssetID(itemPlayoutID): null

2022-01-26 15:24:24 - [TEST_STEP][PASSED] - failedResult.setAssetID(itemPlayoutID): null

2022-01-26 15:24:24 - [TEST_STEP][PASSED] - println("******** GlobalVariable.itemPlayoutID :: " + itemPlayoutID): null

2022-01-26 15:24:24 - [TEST_STEP][PASSED] - PlayOut = sendRequest(findTestObject("Object Repository/Decode/Playout API/Playout", ["ssession":ssession, "token":Token])): Send request successfully

2022-01-26 15:24:25 - [MESSAGE][INFO] - HAR: /Users/alalzabarga/git/mediaProject/Reports/20220126_152350/Media Monitoring/20220126_152350/requests/main/44.har

2022-01-26 15:24:25 - [MESSAGE][PASSED] - Send request successfully

2022-01-26 15:24:25 - [TEST_STEP][PASSED] - responseBody = PlayOut.getResponseBodyContent(): null

2022-01-26 15:24:25 - [TEST_STEP][PASSED] - statusCode = PlayOut.getStatusCode(): null

2022-01-26 15:24:25 - [TEST_STEP][PASSED] - if (verifyResponseStatusCode(PlayOut, 200)): null

2022-01-26 15:24:25 - [MESSAGE][PASSED] - Verify response status code successfully

2022-01-26 15:24:25 - [TEST_STEP][PASSED] - jObject = new org.json.JSONObject(responseBody): null

2022-01-26 15:24:25 - [TEST_STEP][PASSED] - println("jObject::  " + jObject + "
 url: " + responseBody): null

2022-01-26 15:24:25 - [TEST_STEP][PASSED] - DRM = get("playout").get("drm"): null

2022-01-26 15:24:25 - [TEST_STEP][PASSED] - url = get("playout").get("url"): null

2022-01-26 15:24:25 - [TEST_STEP][PASSED] - println("******* DRM:: " + DRM): null

2022-01-26 15:24:25 - [TEST_STEP][PASSED] - println("******* url:: " + url): null

2022-01-26 15:24:25 - [TEST_STEP][PASSED] - if (url.contains(" ")): null

2022-01-26 15:24:25 - [TEST_STEP][PASSED] - if (DRM): null

2022-01-26 15:24:25 - [TEST_STEP][PASSED] - DRMUrl = sendRequest(findTestObject("Object Repository/Decode/Playout API/drm", ["ssession":ssession])): Send request successfully

2022-01-26 15:24:25 - [MESSAGE][INFO] - HAR: /Users/alalzabarga/git/mediaProject/Reports/20220126_152350/Media Monitoring/20220126_152350/requests/main/45.har

2022-01-26 15:24:25 - [MESSAGE][PASSED] - Send request successfully

2022-01-26 15:24:25 - [TEST_STEP][PASSED] - DRMresponseBody = DRMUrl.getResponseBodyContent(): null

2022-01-26 15:24:25 - [TEST_STEP][PASSED] - DRMStatusCode = DRMUrl.getStatusCode(): null

2022-01-26 15:24:25 - [TEST_STEP][PASSED] - try: null

2022-01-26 15:24:25 - [TEST_STEP][PASSED] - if (verifyResponseStatusCode(DRMUrl, 200)): null

2022-01-26 15:24:25 - [MESSAGE][PASSED] - Verify response status code successfully

2022-01-26 15:24:25 - [TEST_STEP][PASSED] - passedResult.setDRMStatus("DRM API Passed"): null

2022-01-26 15:24:25 - [TEST_STEP][PASSED] - passedResult.setDRMResponse(DRMresponseBody): null

2022-01-26 15:24:25 - [TEST_STEP][PASSED] - passedResult.setPlayoutStatus("Playout API Passed"): null

2022-01-26 15:24:25 - [TEST_STEP][PASSED] - passedResult.setPlayoutResponse(responseBody): null

2022-01-26 15:24:25 - [TEST_STEP][PASSED] - if (urlFlag && DRMFlag): null

2022-01-26 15:24:25 - [TEST_STEP][PASSED] - passedResult.setStatus("Passed"): null

2022-01-26 15:24:25 - [TEST_STEP][PASSED] - getClipsPassedInstance().addClipsPassedResult(passedResult): null

2022-01-26 15:24:25 - [TEST_STEP][PASSED] - passedResult = new shahid.api.PassedResult(): null

2022-01-26 15:24:25 - [TEST_STEP][PASSED] - failedResult = new shahid.api.FailedResult(): null

2022-01-26 15:24:25 - [TEST_STEP][PASSED] - try: null

2022-01-26 15:24:25 - [TEST_STEP][PASSED] - itemPlayoutID = ids[i]: null

2022-01-26 15:24:25 - [TEST_STEP][PASSED] - passedResult.setAssetID(itemPlayoutID): null

2022-01-26 15:24:25 - [TEST_STEP][PASSED] - failedResult.setAssetID(itemPlayoutID): null

2022-01-26 15:24:25 - [TEST_STEP][PASSED] - println("******** GlobalVariable.itemPlayoutID :: " + itemPlayoutID): null

2022-01-26 15:24:25 - [TEST_STEP][PASSED] - PlayOut = sendRequest(findTestObject("Object Repository/Decode/Playout API/Playout", ["ssession":ssession, "token":Token])): Send request successfully

2022-01-26 15:24:26 - [MESSAGE][INFO] - HAR: /Users/alalzabarga/git/mediaProject/Reports/20220126_152350/Media Monitoring/20220126_152350/requests/main/46.har

2022-01-26 15:24:26 - [MESSAGE][PASSED] - Send request successfully

2022-01-26 15:24:26 - [TEST_STEP][PASSED] - responseBody = PlayOut.getResponseBodyContent(): null

2022-01-26 15:24:26 - [TEST_STEP][PASSED] - statusCode = PlayOut.getStatusCode(): null

2022-01-26 15:24:26 - [TEST_STEP][PASSED] - if (verifyResponseStatusCode(PlayOut, 200)): null

2022-01-26 15:24:26 - [MESSAGE][PASSED] - Verify response status code successfully

2022-01-26 15:24:26 - [TEST_STEP][PASSED] - jObject = new org.json.JSONObject(responseBody): null

2022-01-26 15:24:26 - [TEST_STEP][PASSED] - println("jObject::  " + jObject + "
 url: " + responseBody): null

2022-01-26 15:24:26 - [TEST_STEP][PASSED] - DRM = get("playout").get("drm"): null

2022-01-26 15:24:26 - [TEST_STEP][PASSED] - url = get("playout").get("url"): null

2022-01-26 15:24:26 - [TEST_STEP][PASSED] - println("******* DRM:: " + DRM): null

2022-01-26 15:24:26 - [TEST_STEP][PASSED] - println("******* url:: " + url): null

2022-01-26 15:24:26 - [TEST_STEP][PASSED] - if (url.contains(" ")): null

2022-01-26 15:24:26 - [TEST_STEP][PASSED] - if (DRM): null

2022-01-26 15:24:26 - [TEST_STEP][PASSED] - DRMUrl = sendRequest(findTestObject("Object Repository/Decode/Playout API/drm", ["ssession":ssession])): Send request successfully

2022-01-26 15:24:26 - [MESSAGE][INFO] - HAR: /Users/alalzabarga/git/mediaProject/Reports/20220126_152350/Media Monitoring/20220126_152350/requests/main/47.har

2022-01-26 15:24:26 - [MESSAGE][PASSED] - Send request successfully

2022-01-26 15:24:26 - [TEST_STEP][PASSED] - DRMresponseBody = DRMUrl.getResponseBodyContent(): null

2022-01-26 15:24:26 - [TEST_STEP][PASSED] - DRMStatusCode = DRMUrl.getStatusCode(): null

2022-01-26 15:24:26 - [TEST_STEP][PASSED] - try: null

2022-01-26 15:24:26 - [TEST_STEP][PASSED] - if (verifyResponseStatusCode(DRMUrl, 200)): null

2022-01-26 15:24:26 - [MESSAGE][PASSED] - Verify response status code successfully

2022-01-26 15:24:26 - [TEST_STEP][PASSED] - passedResult.setDRMStatus("DRM API Passed"): null

2022-01-26 15:24:26 - [TEST_STEP][PASSED] - passedResult.setDRMResponse(DRMresponseBody): null

2022-01-26 15:24:26 - [TEST_STEP][PASSED] - passedResult.setPlayoutStatus("Playout API Passed"): null

2022-01-26 15:24:26 - [TEST_STEP][PASSED] - passedResult.setPlayoutResponse(responseBody): null

2022-01-26 15:24:26 - [TEST_STEP][PASSED] - if (urlFlag && DRMFlag): null

2022-01-26 15:24:26 - [TEST_STEP][PASSED] - passedResult.setStatus("Passed"): null

2022-01-26 15:24:26 - [TEST_STEP][PASSED] - getClipsPassedInstance().addClipsPassedResult(passedResult): null

2022-01-26 15:24:26 - [TEST_STEP][PASSED] - passedResult = new shahid.api.PassedResult(): null

2022-01-26 15:24:26 - [TEST_STEP][PASSED] - failedResult = new shahid.api.FailedResult(): null

2022-01-26 15:24:26 - [TEST_STEP][PASSED] - try: null

2022-01-26 15:24:26 - [TEST_STEP][PASSED] - itemPlayoutID = ids[i]: null

2022-01-26 15:24:26 - [TEST_STEP][PASSED] - passedResult.setAssetID(itemPlayoutID): null

2022-01-26 15:24:26 - [TEST_STEP][PASSED] - failedResult.setAssetID(itemPlayoutID): null

2022-01-26 15:24:26 - [TEST_STEP][PASSED] - println("******** GlobalVariable.itemPlayoutID :: " + itemPlayoutID): null

2022-01-26 15:24:26 - [TEST_STEP][PASSED] - PlayOut = sendRequest(findTestObject("Object Repository/Decode/Playout API/Playout", ["ssession":ssession, "token":Token])): Send request successfully

2022-01-26 15:24:27 - [MESSAGE][INFO] - HAR: /Users/alalzabarga/git/mediaProject/Reports/20220126_152350/Media Monitoring/20220126_152350/requests/main/48.har

2022-01-26 15:24:27 - [MESSAGE][PASSED] - Send request successfully

2022-01-26 15:24:27 - [TEST_STEP][PASSED] - responseBody = PlayOut.getResponseBodyContent(): null

2022-01-26 15:24:27 - [TEST_STEP][PASSED] - statusCode = PlayOut.getStatusCode(): null

2022-01-26 15:24:27 - [TEST_STEP][PASSED] - if (verifyResponseStatusCode(PlayOut, 200)): null

2022-01-26 15:24:27 - [MESSAGE][PASSED] - Verify response status code successfully

2022-01-26 15:24:27 - [TEST_STEP][PASSED] - jObject = new org.json.JSONObject(responseBody): null

2022-01-26 15:24:27 - [TEST_STEP][PASSED] - println("jObject::  " + jObject + "
 url: " + responseBody): null

2022-01-26 15:24:27 - [TEST_STEP][PASSED] - DRM = get("playout").get("drm"): null

2022-01-26 15:24:27 - [TEST_STEP][PASSED] - url = get("playout").get("url"): null

2022-01-26 15:24:27 - [TEST_STEP][PASSED] - println("******* DRM:: " + DRM): null

2022-01-26 15:24:27 - [TEST_STEP][PASSED] - println("******* url:: " + url): null

2022-01-26 15:24:27 - [TEST_STEP][PASSED] - if (url.contains(" ")): null

2022-01-26 15:24:27 - [TEST_STEP][PASSED] - if (DRM): null

2022-01-26 15:24:27 - [TEST_STEP][PASSED] - passedResult.setPlayoutStatus("Playout API Passed"): null

2022-01-26 15:24:27 - [TEST_STEP][PASSED] - passedResult.setPlayoutResponse(responseBody): null

2022-01-26 15:24:27 - [TEST_STEP][PASSED] - if (urlFlag && DRMFlag): null

2022-01-26 15:24:27 - [TEST_STEP][PASSED] - passedResult.setStatus("Passed"): null

2022-01-26 15:24:27 - [TEST_STEP][PASSED] - getClipsPassedInstance().addClipsPassedResult(passedResult): null

2022-01-26 15:24:27 - [TEST_STEP][PASSED] - passedResult = new shahid.api.PassedResult(): null

2022-01-26 15:24:27 - [TEST_STEP][PASSED] - failedResult = new shahid.api.FailedResult(): null

2022-01-26 15:24:27 - [TEST_STEP][PASSED] - try: null

2022-01-26 15:24:27 - [TEST_STEP][PASSED] - itemPlayoutID = ids[i]: null

2022-01-26 15:24:27 - [TEST_STEP][PASSED] - passedResult.setAssetID(itemPlayoutID): null

2022-01-26 15:24:27 - [TEST_STEP][PASSED] - failedResult.setAssetID(itemPlayoutID): null

2022-01-26 15:24:27 - [TEST_STEP][PASSED] - println("******** GlobalVariable.itemPlayoutID :: " + itemPlayoutID): null

2022-01-26 15:24:27 - [TEST_STEP][PASSED] - PlayOut = sendRequest(findTestObject("Object Repository/Decode/Playout API/Playout", ["ssession":ssession, "token":Token])): Send request successfully

2022-01-26 15:24:27 - [MESSAGE][INFO] - HAR: /Users/alalzabarga/git/mediaProject/Reports/20220126_152350/Media Monitoring/20220126_152350/requests/main/49.har

2022-01-26 15:24:27 - [MESSAGE][PASSED] - Send request successfully

2022-01-26 15:24:27 - [TEST_STEP][PASSED] - responseBody = PlayOut.getResponseBodyContent(): null

2022-01-26 15:24:27 - [TEST_STEP][PASSED] - statusCode = PlayOut.getStatusCode(): null

2022-01-26 15:24:27 - [TEST_STEP][PASSED] - if (verifyResponseStatusCode(PlayOut, 200)): null

2022-01-26 15:24:27 - [MESSAGE][PASSED] - Verify response status code successfully

2022-01-26 15:24:27 - [TEST_STEP][PASSED] - jObject = new org.json.JSONObject(responseBody): null

2022-01-26 15:24:27 - [TEST_STEP][PASSED] - println("jObject::  " + jObject + "
 url: " + responseBody): null

2022-01-26 15:24:27 - [TEST_STEP][PASSED] - DRM = get("playout").get("drm"): null

2022-01-26 15:24:27 - [TEST_STEP][PASSED] - url = get("playout").get("url"): null

2022-01-26 15:24:27 - [TEST_STEP][PASSED] - println("******* DRM:: " + DRM): null

2022-01-26 15:24:27 - [TEST_STEP][PASSED] - println("******* url:: " + url): null

2022-01-26 15:24:27 - [TEST_STEP][PASSED] - if (url.contains(" ")): null

2022-01-26 15:24:27 - [TEST_STEP][PASSED] - if (DRM): null

2022-01-26 15:24:27 - [TEST_STEP][PASSED] - passedResult.setPlayoutStatus("Playout API Passed"): null

2022-01-26 15:24:27 - [TEST_STEP][PASSED] - passedResult.setPlayoutResponse(responseBody): null

2022-01-26 15:24:27 - [TEST_STEP][PASSED] - if (urlFlag && DRMFlag): null

2022-01-26 15:24:27 - [TEST_STEP][PASSED] - passedResult.setStatus("Passed"): null

2022-01-26 15:24:27 - [TEST_STEP][PASSED] - getClipsPassedInstance().addClipsPassedResult(passedResult): null

2022-01-26 15:24:27 - [TEST_STEP][PASSED] - passedResult = new shahid.api.PassedResult(): null

2022-01-26 15:24:27 - [TEST_STEP][PASSED] - failedResult = new shahid.api.FailedResult(): null

2022-01-26 15:24:27 - [TEST_STEP][PASSED] - try: null

2022-01-26 15:24:27 - [TEST_STEP][PASSED] - itemPlayoutID = ids[i]: null

2022-01-26 15:24:27 - [TEST_STEP][PASSED] - passedResult.setAssetID(itemPlayoutID): null

2022-01-26 15:24:27 - [TEST_STEP][PASSED] - failedResult.setAssetID(itemPlayoutID): null

2022-01-26 15:24:27 - [TEST_STEP][PASSED] - println("******** GlobalVariable.itemPlayoutID :: " + itemPlayoutID): null

2022-01-26 15:24:27 - [TEST_STEP][PASSED] - PlayOut = sendRequest(findTestObject("Object Repository/Decode/Playout API/Playout", ["ssession":ssession, "token":Token])): Send request successfully

2022-01-26 15:24:27 - [MESSAGE][INFO] - HAR: /Users/alalzabarga/git/mediaProject/Reports/20220126_152350/Media Monitoring/20220126_152350/requests/main/50.har

2022-01-26 15:24:27 - [MESSAGE][PASSED] - Send request successfully

2022-01-26 15:24:27 - [TEST_STEP][PASSED] - responseBody = PlayOut.getResponseBodyContent(): null

2022-01-26 15:24:27 - [TEST_STEP][PASSED] - statusCode = PlayOut.getStatusCode(): null

2022-01-26 15:24:27 - [TEST_STEP][PASSED] - if (verifyResponseStatusCode(PlayOut, 200)): null

2022-01-26 15:24:27 - [MESSAGE][PASSED] - Verify response status code successfully

2022-01-26 15:24:27 - [TEST_STEP][PASSED] - jObject = new org.json.JSONObject(responseBody): null

2022-01-26 15:24:27 - [TEST_STEP][PASSED] - println("jObject::  " + jObject + "
 url: " + responseBody): null

2022-01-26 15:24:27 - [TEST_STEP][PASSED] - DRM = get("playout").get("drm"): null

2022-01-26 15:24:27 - [TEST_STEP][PASSED] - url = get("playout").get("url"): null

2022-01-26 15:24:38 - [TEST_STEP][PASSED] - println("******* DRM:: " + DRM): null

2022-01-26 15:24:38 - [TEST_STEP][PASSED] - println("******* url:: " + url): null

2022-01-26 15:24:38 - [TEST_STEP][PASSED] - if (url.contains(" ")): null

2022-01-26 15:24:38 - [TEST_STEP][PASSED] - if (DRM): null

2022-01-26 15:24:38 - [TEST_STEP][PASSED] - passedResult.setPlayoutStatus("Playout API Passed"): null

2022-01-26 15:24:38 - [TEST_STEP][PASSED] - passedResult.setPlayoutResponse(responseBody): null

2022-01-26 15:24:38 - [TEST_STEP][PASSED] - if (urlFlag && DRMFlag): null

2022-01-26 15:24:38 - [TEST_STEP][PASSED] - passedResult.setStatus("Passed"): null

2022-01-26 15:24:38 - [TEST_STEP][PASSED] - getClipsPassedInstance().addClipsPassedResult(passedResult): null

2022-01-26 15:24:38 - [TEST_STEP][PASSED] - passedResult = new shahid.api.PassedResult(): null

2022-01-26 15:24:38 - [TEST_STEP][PASSED] - failedResult = new shahid.api.FailedResult(): null

2022-01-26 15:24:38 - [TEST_STEP][PASSED] - try: null

2022-01-26 15:24:38 - [TEST_STEP][PASSED] - itemPlayoutID = ids[i]: null

2022-01-26 15:24:38 - [TEST_STEP][PASSED] - passedResult.setAssetID(itemPlayoutID): null

2022-01-26 15:24:38 - [TEST_STEP][PASSED] - failedResult.setAssetID(itemPlayoutID): null

2022-01-26 15:24:38 - [TEST_STEP][PASSED] - println("******** GlobalVariable.itemPlayoutID :: " + itemPlayoutID): null

2022-01-26 15:24:38 - [TEST_STEP][PASSED] - PlayOut = sendRequest(findTestObject("Object Repository/Decode/Playout API/Playout", ["ssession":ssession, "token":Token])): Send request successfully

2022-01-26 15:24:39 - [MESSAGE][INFO] - HAR: /Users/alalzabarga/git/mediaProject/Reports/20220126_152350/Media Monitoring/20220126_152350/requests/main/51.har

2022-01-26 15:24:39 - [MESSAGE][PASSED] - Send request successfully

2022-01-26 15:24:39 - [TEST_STEP][PASSED] - responseBody = PlayOut.getResponseBodyContent(): null

2022-01-26 15:24:39 - [TEST_STEP][PASSED] - statusCode = PlayOut.getStatusCode(): null

2022-01-26 15:24:39 - [TEST_STEP][PASSED] - if (verifyResponseStatusCode(PlayOut, 200)): null

2022-01-26 15:24:39 - [MESSAGE][PASSED] - Verify response status code successfully

2022-01-26 15:24:39 - [TEST_STEP][PASSED] - jObject = new org.json.JSONObject(responseBody): null

2022-01-26 15:24:39 - [TEST_STEP][PASSED] - println("jObject::  " + jObject + "
 url: " + responseBody): null

2022-01-26 15:24:39 - [TEST_STEP][PASSED] - DRM = get("playout").get("drm"): null

2022-01-26 15:24:39 - [TEST_STEP][PASSED] - url = get("playout").get("url"): null

2022-01-26 15:24:39 - [TEST_STEP][PASSED] - println("******* DRM:: " + DRM): null

2022-01-26 15:24:39 - [TEST_STEP][PASSED] - println("******* url:: " + url): null

2022-01-26 15:24:39 - [TEST_STEP][PASSED] - if (url.contains(" ")): null

2022-01-26 15:24:39 - [TEST_STEP][PASSED] - if (DRM): null

2022-01-26 15:24:39 - [TEST_STEP][PASSED] - passedResult.setPlayoutStatus("Playout API Passed"): null

2022-01-26 15:24:39 - [TEST_STEP][PASSED] - passedResult.setPlayoutResponse(responseBody): null

2022-01-26 15:24:39 - [TEST_STEP][PASSED] - if (urlFlag && DRMFlag): null

2022-01-26 15:24:39 - [TEST_STEP][PASSED] - passedResult.setStatus("Passed"): null

2022-01-26 15:24:39 - [TEST_STEP][PASSED] - getClipsPassedInstance().addClipsPassedResult(passedResult): null

2022-01-26 15:24:39 - [TEST_STEP][PASSED] - passedResult = new shahid.api.PassedResult(): null

2022-01-26 15:24:39 - [TEST_STEP][PASSED] - failedResult = new shahid.api.FailedResult(): null

2022-01-26 15:24:39 - [TEST_STEP][PASSED] - try: null

2022-01-26 15:24:39 - [TEST_STEP][PASSED] - itemPlayoutID = ids[i]: null

2022-01-26 15:24:39 - [TEST_STEP][PASSED] - passedResult.setAssetID(itemPlayoutID): null

2022-01-26 15:24:39 - [TEST_STEP][PASSED] - failedResult.setAssetID(itemPlayoutID): null

2022-01-26 15:24:39 - [TEST_STEP][PASSED] - println("******** GlobalVariable.itemPlayoutID :: " + itemPlayoutID): null

2022-01-26 15:24:39 - [TEST_STEP][PASSED] - PlayOut = sendRequest(findTestObject("Object Repository/Decode/Playout API/Playout", ["ssession":ssession, "token":Token])): Send request successfully

2022-01-26 15:24:39 - [MESSAGE][INFO] - HAR: /Users/alalzabarga/git/mediaProject/Reports/20220126_152350/Media Monitoring/20220126_152350/requests/main/52.har

2022-01-26 15:24:39 - [MESSAGE][PASSED] - Send request successfully

2022-01-26 15:24:39 - [TEST_STEP][PASSED] - responseBody = PlayOut.getResponseBodyContent(): null

2022-01-26 15:24:39 - [TEST_STEP][PASSED] - statusCode = PlayOut.getStatusCode(): null

2022-01-26 15:24:39 - [TEST_STEP][PASSED] - if (verifyResponseStatusCode(PlayOut, 200)): null

2022-01-26 15:24:39 - [MESSAGE][PASSED] - Verify response status code successfully

2022-01-26 15:24:39 - [TEST_STEP][PASSED] - jObject = new org.json.JSONObject(responseBody): null

2022-01-26 15:24:39 - [TEST_STEP][PASSED] - println("jObject::  " + jObject + "
 url: " + responseBody): null

2022-01-26 15:24:39 - [TEST_STEP][PASSED] - DRM = get("playout").get("drm"): null

2022-01-26 15:24:39 - [TEST_STEP][PASSED] - url = get("playout").get("url"): null

2022-01-26 15:24:39 - [TEST_STEP][PASSED] - println("******* DRM:: " + DRM): null

2022-01-26 15:24:39 - [TEST_STEP][PASSED] - println("******* url:: " + url): null

2022-01-26 15:24:39 - [TEST_STEP][PASSED] - if (url.contains(" ")): null

2022-01-26 15:24:39 - [TEST_STEP][PASSED] - if (DRM): null

2022-01-26 15:24:39 - [TEST_STEP][PASSED] - DRMUrl = sendRequest(findTestObject("Object Repository/Decode/Playout API/drm", ["ssession":ssession])): Send request successfully

2022-01-26 15:24:40 - [MESSAGE][INFO] - HAR: /Users/alalzabarga/git/mediaProject/Reports/20220126_152350/Media Monitoring/20220126_152350/requests/main/53.har

2022-01-26 15:24:40 - [MESSAGE][PASSED] - Send request successfully

2022-01-26 15:24:40 - [TEST_STEP][PASSED] - DRMresponseBody = DRMUrl.getResponseBodyContent(): null

2022-01-26 15:24:40 - [TEST_STEP][PASSED] - DRMStatusCode = DRMUrl.getStatusCode(): null

2022-01-26 15:24:40 - [TEST_STEP][PASSED] - try: null

2022-01-26 15:24:40 - [TEST_STEP][PASSED] - if (verifyResponseStatusCode(DRMUrl, 200)): null

2022-01-26 15:24:40 - [MESSAGE][PASSED] - Verify response status code successfully

2022-01-26 15:24:40 - [TEST_STEP][PASSED] - passedResult.setDRMStatus("DRM API Passed"): null

2022-01-26 15:24:40 - [TEST_STEP][PASSED] - passedResult.setDRMResponse(DRMresponseBody): null

2022-01-26 15:24:40 - [TEST_STEP][PASSED] - passedResult.setPlayoutStatus("Playout API Passed"): null

2022-01-26 15:24:40 - [TEST_STEP][PASSED] - passedResult.setPlayoutResponse(responseBody): null

2022-01-26 15:24:40 - [TEST_STEP][PASSED] - if (urlFlag && DRMFlag): null

2022-01-26 15:24:40 - [TEST_STEP][PASSED] - passedResult.setStatus("Passed"): null

2022-01-26 15:24:40 - [TEST_STEP][PASSED] - getClipsPassedInstance().addClipsPassedResult(passedResult): null

2022-01-26 15:24:40 - [TEST_STEP][PASSED] - passedResult = new shahid.api.PassedResult(): null

2022-01-26 15:24:40 - [TEST_STEP][PASSED] - failedResult = new shahid.api.FailedResult(): null

2022-01-26 15:24:40 - [TEST_STEP][PASSED] - try: null

2022-01-26 15:24:40 - [TEST_STEP][PASSED] - itemPlayoutID = ids[i]: null

2022-01-26 15:24:40 - [TEST_STEP][PASSED] - passedResult.setAssetID(itemPlayoutID): null

2022-01-26 15:24:40 - [TEST_STEP][PASSED] - failedResult.setAssetID(itemPlayoutID): null

2022-01-26 15:24:40 - [TEST_STEP][PASSED] - println("******** GlobalVariable.itemPlayoutID :: " + itemPlayoutID): null

2022-01-26 15:24:40 - [TEST_STEP][PASSED] - PlayOut = sendRequest(findTestObject("Object Repository/Decode/Playout API/Playout", ["ssession":ssession, "token":Token])): Send request successfully

2022-01-26 15:24:40 - [MESSAGE][INFO] - HAR: /Users/alalzabarga/git/mediaProject/Reports/20220126_152350/Media Monitoring/20220126_152350/requests/main/54.har

2022-01-26 15:24:40 - [MESSAGE][PASSED] - Send request successfully

2022-01-26 15:24:40 - [TEST_STEP][PASSED] - responseBody = PlayOut.getResponseBodyContent(): null

2022-01-26 15:24:40 - [TEST_STEP][PASSED] - statusCode = PlayOut.getStatusCode(): null

2022-01-26 15:24:40 - [TEST_STEP][PASSED] - if (verifyResponseStatusCode(PlayOut, 200)): null

2022-01-26 15:24:40 - [MESSAGE][PASSED] - Verify response status code successfully

2022-01-26 15:24:40 - [TEST_STEP][PASSED] - jObject = new org.json.JSONObject(responseBody): null

2022-01-26 15:24:40 - [TEST_STEP][PASSED] - println("jObject::  " + jObject + "
 url: " + responseBody): null

2022-01-26 15:24:40 - [TEST_STEP][PASSED] - DRM = get("playout").get("drm"): null

2022-01-26 15:24:40 - [TEST_STEP][PASSED] - url = get("playout").get("url"): null

2022-01-26 15:24:40 - [TEST_STEP][PASSED] - println("******* DRM:: " + DRM): null

2022-01-26 15:24:40 - [TEST_STEP][PASSED] - println("******* url:: " + url): null

2022-01-26 15:24:40 - [TEST_STEP][PASSED] - if (url.contains(" ")): null

2022-01-26 15:24:40 - [TEST_STEP][PASSED] - if (DRM): null

2022-01-26 15:24:40 - [TEST_STEP][PASSED] - DRMUrl = sendRequest(findTestObject("Object Repository/Decode/Playout API/drm", ["ssession":ssession])): Send request successfully

2022-01-26 15:24:41 - [MESSAGE][INFO] - HAR: /Users/alalzabarga/git/mediaProject/Reports/20220126_152350/Media Monitoring/20220126_152350/requests/main/55.har

2022-01-26 15:24:41 - [MESSAGE][PASSED] - Send request successfully

2022-01-26 15:24:41 - [TEST_STEP][PASSED] - DRMresponseBody = DRMUrl.getResponseBodyContent(): null

2022-01-26 15:24:41 - [TEST_STEP][PASSED] - DRMStatusCode = DRMUrl.getStatusCode(): null

2022-01-26 15:24:41 - [TEST_STEP][PASSED] - try: null

2022-01-26 15:24:41 - [TEST_STEP][PASSED] - if (verifyResponseStatusCode(DRMUrl, 200)): null

2022-01-26 15:24:41 - [MESSAGE][PASSED] - Verify response status code successfully

2022-01-26 15:24:41 - [TEST_STEP][PASSED] - passedResult.setDRMStatus("DRM API Passed"): null

2022-01-26 15:24:41 - [TEST_STEP][PASSED] - passedResult.setDRMResponse(DRMresponseBody): null

2022-01-26 15:24:41 - [TEST_STEP][PASSED] - passedResult.setPlayoutStatus("Playout API Passed"): null

2022-01-26 15:24:41 - [TEST_STEP][PASSED] - passedResult.setPlayoutResponse(responseBody): null

2022-01-26 15:24:41 - [TEST_STEP][PASSED] - if (urlFlag && DRMFlag): null

2022-01-26 15:24:41 - [TEST_STEP][PASSED] - passedResult.setStatus("Passed"): null

2022-01-26 15:24:41 - [TEST_STEP][PASSED] - getClipsPassedInstance().addClipsPassedResult(passedResult): null

2022-01-26 15:24:41 - [TEST_STEP][PASSED] - Start listener action : sampleAfterTestCase: null

2022-01-26 15:24:41 - [TEST_STEP][PASSED] - println("testCaseContext.getTestCaseId():: " + testCaseContext.getTestCaseId()): null

2022-01-26 15:24:41 - [TEST_STEP][PASSED] - if (!(getTestCaseId().contains("sendEmailtest") || getTestCaseId().contains("Result") || getTestCaseId().contains("getDrmToken") || getTestCaseId().contains("getiTuensBaseToken") || getTestCaseId().contains("getSsession"))): null

2022-01-26 15:24:41 - [TEST_STEP][PASSED] - if (testCaseContext.getTestCaseStatus() == "FAILED"): null

2022-01-26 15:24:41 - [TEST_STEP][PASSED] - else if (testCaseContext.getTestCaseStatus() == "PASSED"): null

2022-01-26 15:24:41 - [TEST_STEP][PASSED] - passedTestCases += 1: null

2022-01-26 15:24:41 - [TEST_STEP][PASSED] - println("testCaseContext:: PASSED:: GlobalVariable.passedTestCases::" + passedTestCases): null]]></system-out>
         <system-err><![CDATA[]]></system-err>
      </testcase>
      <system-out><![CDATA[2022-01-26 15:23:58 - [TEST_SUITE][PASSED] - Media Monitoring: Test Cases/CheckClips]]></system-out>
      <system-err><![CDATA[]]></system-err>
   </testsuite>
</testsuites>
