<?xml version="1.0" encoding="UTF-8"?>
<testsuites name="Media Monitoring" time="40" tests="3" failures="0" errors="0">
   <testsuite name="Media Monitoring" tests="3" failures="0" errors="0" time="40" timestamp="2019-05-01 11:00:39" hostname="Mujahed - WSK-JOR-BM-PZ07" id="Test Suites/Media Monitoring">
      <properties>
         <property name="deviceName" value=""/>
         <property name="devicePlatform" value=""/>
         <property name="logFolder" value="C:\\Users\\Mujahed\\Desktop\\mediaProject\\Reports\\Media Monitoring\\20190501_110032"/>
         <property name="logFiles" value="C:\\Users\\Mujahed\\Desktop\\mediaProject\\Reports\\Media Monitoring\\20190501_110032\\execution0.log"/>
         <property name="attachments" value=""/>
         <property name="hostName" value="Mujahed - WSK-JOR-BM-PZ07"/>
         <property name="hostAddress" value="169.254.172.185"/>
         <property name="os" value="Windows 10 64bit"/>
         <property name="katalonVersion" value="6.0.5.4"/>
      </properties>
      <testcase name="Test Cases/CheckClips" classname="Test Cases/CheckClips" status="PASSED">
         <system-out><![CDATA[2019-05-01 11:00:39 - [TEST_CASE][PASSED] - Test Cases/CheckClips: Test Cases/CheckClips

2019-05-01 11:00:40 - [TEST_STEP][PASSED] - ClipsID = shahid.api.CropResponse.getResponse("CLIP"): shahid.api.CropResponse.getResponse is PASSED

2019-05-01 11:00:42 - [MESSAGE][PASSED] - shahid.api.CropResponse.getResponse is PASSED

2019-05-01 11:00:42 - [TEST_STEP][PASSED] - ID = ClipsID.split(","): null

2019-05-01 11:00:42 - [TEST_STEP][PASSED] - for ([i = 0, i <= 29, (i++)]): null

2019-05-01 11:00:42 - [TEST_STEP][PASSED] - PlayoutURL = "https://api2.shahid.net/proxy/v2/playout/url/" + ID[i]: null

2019-05-01 11:00:42 - [TEST_STEP][PASSED] - PlayOut = shahid.api.SendMediaReq.SendRequest("https://api2.shahid.net/proxy/v2/playout/url/" + ID[i]): shahid.api.SendMediaReq.SendRequest is PASSED

2019-05-01 11:00:45 - [MESSAGE][INFO] - HAR: C:\Users\Mujahed\Desktop\mediaProject\Reports\Media Monitoring\20190501_110032\requests\main\0.har

2019-05-01 11:00:45 - [MESSAGE][PASSED] - Send request successfully

2019-05-01 11:00:45 - [MESSAGE][PASSED] - shahid.api.SendMediaReq.SendRequest is PASSED

2019-05-01 11:00:45 - [TEST_STEP][PASSED] - responseBody = PlayOut.getResponseBodyContent(): null

2019-05-01 11:00:45 - [TEST_STEP][PASSED] - responseCode = getStatusCode().toString(): null

2019-05-01 11:00:45 - [TEST_STEP][PASSED] - Temp2 = responseBody.split(","): null

2019-05-01 11:00:45 - [TEST_STEP][PASSED] - fullURL = Temp2[9]: null

2019-05-01 11:00:45 - [TEST_STEP][PASSED] - Temp6 = fullURL.split("""): null

2019-05-01 11:00:45 - [TEST_STEP][PASSED] - ActualURL = Temp6[3]: null

2019-05-01 11:00:45 - [TEST_STEP][PASSED] - if (ActualURL.contains(" ")): null

2019-05-01 11:00:45 - [TEST_STEP][PASSED] - if (responseCode != "200"): null

2019-05-01 11:00:45 - [TEST_STEP][PASSED] - PlayoutURL = "https://api2.shahid.net/proxy/v2/playout/url/" + ID[i]: null

2019-05-01 11:00:45 - [TEST_STEP][PASSED] - PlayOut = shahid.api.SendMediaReq.SendRequest("https://api2.shahid.net/proxy/v2/playout/url/" + ID[i]): shahid.api.SendMediaReq.SendRequest is PASSED

2019-05-01 11:00:46 - [MESSAGE][INFO] - HAR: C:\Users\Mujahed\Desktop\mediaProject\Reports\Media Monitoring\20190501_110032\requests\main\1.har

2019-05-01 11:00:46 - [MESSAGE][PASSED] - Send request successfully

2019-05-01 11:00:46 - [MESSAGE][PASSED] - shahid.api.SendMediaReq.SendRequest is PASSED

2019-05-01 11:00:46 - [TEST_STEP][PASSED] - responseBody = PlayOut.getResponseBodyContent(): null

2019-05-01 11:00:46 - [TEST_STEP][PASSED] - responseCode = getStatusCode().toString(): null

2019-05-01 11:00:46 - [TEST_STEP][PASSED] - Temp2 = responseBody.split(","): null

2019-05-01 11:00:46 - [TEST_STEP][PASSED] - fullURL = Temp2[9]: null

2019-05-01 11:00:46 - [TEST_STEP][PASSED] - Temp6 = fullURL.split("""): null

2019-05-01 11:00:46 - [TEST_STEP][PASSED] - ActualURL = Temp6[3]: null

2019-05-01 11:00:46 - [TEST_STEP][PASSED] - if (ActualURL.contains(" ")): null

2019-05-01 11:00:46 - [TEST_STEP][PASSED] - if (responseCode != "200"): null

2019-05-01 11:00:46 - [TEST_STEP][PASSED] - PlayoutURL = "https://api2.shahid.net/proxy/v2/playout/url/" + ID[i]: null

2019-05-01 11:00:46 - [TEST_STEP][PASSED] - PlayOut = shahid.api.SendMediaReq.SendRequest("https://api2.shahid.net/proxy/v2/playout/url/" + ID[i]): shahid.api.SendMediaReq.SendRequest is PASSED

2019-05-01 11:00:46 - [MESSAGE][INFO] - HAR: C:\Users\Mujahed\Desktop\mediaProject\Reports\Media Monitoring\20190501_110032\requests\main\2.har

2019-05-01 11:00:46 - [MESSAGE][PASSED] - Send request successfully

2019-05-01 11:00:46 - [MESSAGE][PASSED] - shahid.api.SendMediaReq.SendRequest is PASSED

2019-05-01 11:00:46 - [TEST_STEP][PASSED] - responseBody = PlayOut.getResponseBodyContent(): null

2019-05-01 11:00:46 - [TEST_STEP][PASSED] - responseCode = getStatusCode().toString(): null

2019-05-01 11:00:46 - [TEST_STEP][PASSED] - Temp2 = responseBody.split(","): null

2019-05-01 11:00:46 - [TEST_STEP][PASSED] - fullURL = Temp2[9]: null

2019-05-01 11:00:46 - [TEST_STEP][PASSED] - Temp6 = fullURL.split("""): null

2019-05-01 11:00:46 - [TEST_STEP][PASSED] - ActualURL = Temp6[3]: null

2019-05-01 11:00:46 - [TEST_STEP][PASSED] - if (ActualURL.contains(" ")): null

2019-05-01 11:00:46 - [TEST_STEP][PASSED] - if (responseCode != "200"): null

2019-05-01 11:00:46 - [TEST_STEP][PASSED] - PlayoutURL = "https://api2.shahid.net/proxy/v2/playout/url/" + ID[i]: null

2019-05-01 11:00:46 - [TEST_STEP][PASSED] - PlayOut = shahid.api.SendMediaReq.SendRequest("https://api2.shahid.net/proxy/v2/playout/url/" + ID[i]): shahid.api.SendMediaReq.SendRequest is PASSED

2019-05-01 11:00:47 - [MESSAGE][INFO] - HAR: C:\Users\Mujahed\Desktop\mediaProject\Reports\Media Monitoring\20190501_110032\requests\main\3.har

2019-05-01 11:00:47 - [MESSAGE][PASSED] - Send request successfully

2019-05-01 11:00:47 - [MESSAGE][PASSED] - shahid.api.SendMediaReq.SendRequest is PASSED

2019-05-01 11:00:47 - [TEST_STEP][PASSED] - responseBody = PlayOut.getResponseBodyContent(): null

2019-05-01 11:00:47 - [TEST_STEP][PASSED] - responseCode = getStatusCode().toString(): null

2019-05-01 11:00:47 - [TEST_STEP][PASSED] - Temp2 = responseBody.split(","): null

2019-05-01 11:00:47 - [TEST_STEP][PASSED] - fullURL = Temp2[9]: null

2019-05-01 11:00:47 - [TEST_STEP][PASSED] - Temp6 = fullURL.split("""): null

2019-05-01 11:00:47 - [TEST_STEP][PASSED] - ActualURL = Temp6[3]: null

2019-05-01 11:00:47 - [TEST_STEP][PASSED] - if (ActualURL.contains(" ")): null

2019-05-01 11:00:47 - [TEST_STEP][PASSED] - if (responseCode != "200"): null

2019-05-01 11:00:47 - [TEST_STEP][PASSED] - PlayoutURL = "https://api2.shahid.net/proxy/v2/playout/url/" + ID[i]: null

2019-05-01 11:00:47 - [TEST_STEP][PASSED] - PlayOut = shahid.api.SendMediaReq.SendRequest("https://api2.shahid.net/proxy/v2/playout/url/" + ID[i]): shahid.api.SendMediaReq.SendRequest is PASSED

2019-05-01 11:00:47 - [MESSAGE][INFO] - HAR: C:\Users\Mujahed\Desktop\mediaProject\Reports\Media Monitoring\20190501_110032\requests\main\4.har

2019-05-01 11:00:47 - [MESSAGE][PASSED] - Send request successfully

2019-05-01 11:00:47 - [MESSAGE][PASSED] - shahid.api.SendMediaReq.SendRequest is PASSED

2019-05-01 11:00:47 - [TEST_STEP][PASSED] - responseBody = PlayOut.getResponseBodyContent(): null

2019-05-01 11:00:47 - [TEST_STEP][PASSED] - responseCode = getStatusCode().toString(): null

2019-05-01 11:00:47 - [TEST_STEP][PASSED] - Temp2 = responseBody.split(","): null

2019-05-01 11:00:47 - [TEST_STEP][PASSED] - fullURL = Temp2[9]: null

2019-05-01 11:00:47 - [TEST_STEP][PASSED] - Temp6 = fullURL.split("""): null

2019-05-01 11:00:47 - [TEST_STEP][PASSED] - ActualURL = Temp6[3]: null

2019-05-01 11:00:47 - [TEST_STEP][PASSED] - if (ActualURL.contains(" ")): null

2019-05-01 11:00:47 - [TEST_STEP][PASSED] - if (responseCode != "200"): null

2019-05-01 11:00:47 - [TEST_STEP][PASSED] - PlayoutURL = "https://api2.shahid.net/proxy/v2/playout/url/" + ID[i]: null

2019-05-01 11:00:47 - [TEST_STEP][PASSED] - PlayOut = shahid.api.SendMediaReq.SendRequest("https://api2.shahid.net/proxy/v2/playout/url/" + ID[i]): shahid.api.SendMediaReq.SendRequest is PASSED

2019-05-01 11:00:48 - [MESSAGE][INFO] - HAR: C:\Users\Mujahed\Desktop\mediaProject\Reports\Media Monitoring\20190501_110032\requests\main\5.har

2019-05-01 11:00:48 - [MESSAGE][PASSED] - Send request successfully

2019-05-01 11:00:48 - [MESSAGE][PASSED] - shahid.api.SendMediaReq.SendRequest is PASSED

2019-05-01 11:00:48 - [TEST_STEP][PASSED] - responseBody = PlayOut.getResponseBodyContent(): null

2019-05-01 11:00:48 - [TEST_STEP][PASSED] - responseCode = getStatusCode().toString(): null

2019-05-01 11:00:48 - [TEST_STEP][PASSED] - Temp2 = responseBody.split(","): null

2019-05-01 11:00:48 - [TEST_STEP][PASSED] - fullURL = Temp2[9]: null

2019-05-01 11:00:48 - [TEST_STEP][PASSED] - Temp6 = fullURL.split("""): null

2019-05-01 11:00:48 - [TEST_STEP][PASSED] - ActualURL = Temp6[3]: null

2019-05-01 11:00:48 - [TEST_STEP][PASSED] - if (ActualURL.contains(" ")): null

2019-05-01 11:00:48 - [TEST_STEP][PASSED] - if (responseCode != "200"): null

2019-05-01 11:00:48 - [TEST_STEP][PASSED] - PlayoutURL = "https://api2.shahid.net/proxy/v2/playout/url/" + ID[i]: null

2019-05-01 11:00:48 - [TEST_STEP][PASSED] - PlayOut = shahid.api.SendMediaReq.SendRequest("https://api2.shahid.net/proxy/v2/playout/url/" + ID[i]): shahid.api.SendMediaReq.SendRequest is PASSED

2019-05-01 11:00:48 - [MESSAGE][INFO] - HAR: C:\Users\Mujahed\Desktop\mediaProject\Reports\Media Monitoring\20190501_110032\requests\main\6.har

2019-05-01 11:00:48 - [MESSAGE][PASSED] - Send request successfully

2019-05-01 11:00:48 - [MESSAGE][PASSED] - shahid.api.SendMediaReq.SendRequest is PASSED

2019-05-01 11:00:48 - [TEST_STEP][PASSED] - responseBody = PlayOut.getResponseBodyContent(): null

2019-05-01 11:00:48 - [TEST_STEP][PASSED] - responseCode = getStatusCode().toString(): null

2019-05-01 11:00:48 - [TEST_STEP][PASSED] - Temp2 = responseBody.split(","): null

2019-05-01 11:00:48 - [TEST_STEP][PASSED] - fullURL = Temp2[9]: null

2019-05-01 11:00:48 - [TEST_STEP][PASSED] - Temp6 = fullURL.split("""): null

2019-05-01 11:00:48 - [TEST_STEP][PASSED] - ActualURL = Temp6[3]: null

2019-05-01 11:00:48 - [TEST_STEP][PASSED] - if (ActualURL.contains(" ")): null

2019-05-01 11:00:48 - [TEST_STEP][PASSED] - if (responseCode != "200"): null

2019-05-01 11:00:48 - [TEST_STEP][PASSED] - PlayoutURL = "https://api2.shahid.net/proxy/v2/playout/url/" + ID[i]: null

2019-05-01 11:00:48 - [TEST_STEP][PASSED] - PlayOut = shahid.api.SendMediaReq.SendRequest("https://api2.shahid.net/proxy/v2/playout/url/" + ID[i]): shahid.api.SendMediaReq.SendRequest is PASSED

2019-05-01 11:00:49 - [MESSAGE][INFO] - HAR: C:\Users\Mujahed\Desktop\mediaProject\Reports\Media Monitoring\20190501_110032\requests\main\7.har

2019-05-01 11:00:49 - [MESSAGE][PASSED] - Send request successfully

2019-05-01 11:00:49 - [MESSAGE][PASSED] - shahid.api.SendMediaReq.SendRequest is PASSED

2019-05-01 11:00:49 - [TEST_STEP][PASSED] - responseBody = PlayOut.getResponseBodyContent(): null

2019-05-01 11:00:49 - [TEST_STEP][PASSED] - responseCode = getStatusCode().toString(): null

2019-05-01 11:00:49 - [TEST_STEP][PASSED] - Temp2 = responseBody.split(","): null

2019-05-01 11:00:49 - [TEST_STEP][PASSED] - fullURL = Temp2[9]: null

2019-05-01 11:00:49 - [TEST_STEP][PASSED] - Temp6 = fullURL.split("""): null

2019-05-01 11:00:49 - [TEST_STEP][PASSED] - ActualURL = Temp6[3]: null

2019-05-01 11:00:49 - [TEST_STEP][PASSED] - if (ActualURL.contains(" ")): null

2019-05-01 11:00:49 - [TEST_STEP][PASSED] - if (responseCode != "200"): null

2019-05-01 11:00:49 - [TEST_STEP][PASSED] - PlayoutURL = "https://api2.shahid.net/proxy/v2/playout/url/" + ID[i]: null

2019-05-01 11:00:49 - [TEST_STEP][PASSED] - PlayOut = shahid.api.SendMediaReq.SendRequest("https://api2.shahid.net/proxy/v2/playout/url/" + ID[i]): shahid.api.SendMediaReq.SendRequest is PASSED

2019-05-01 11:00:49 - [MESSAGE][INFO] - HAR: C:\Users\Mujahed\Desktop\mediaProject\Reports\Media Monitoring\20190501_110032\requests\main\8.har

2019-05-01 11:00:49 - [MESSAGE][PASSED] - Send request successfully

2019-05-01 11:00:49 - [MESSAGE][PASSED] - shahid.api.SendMediaReq.SendRequest is PASSED

2019-05-01 11:00:49 - [TEST_STEP][PASSED] - responseBody = PlayOut.getResponseBodyContent(): null

2019-05-01 11:00:49 - [TEST_STEP][PASSED] - responseCode = getStatusCode().toString(): null

2019-05-01 11:00:49 - [TEST_STEP][PASSED] - Temp2 = responseBody.split(","): null

2019-05-01 11:00:49 - [TEST_STEP][PASSED] - fullURL = Temp2[9]: null

2019-05-01 11:00:49 - [TEST_STEP][PASSED] - Temp6 = fullURL.split("""): null

2019-05-01 11:00:49 - [TEST_STEP][PASSED] - ActualURL = Temp6[3]: null

2019-05-01 11:00:49 - [TEST_STEP][PASSED] - if (ActualURL.contains(" ")): null

2019-05-01 11:00:49 - [TEST_STEP][PASSED] - if (responseCode != "200"): null

2019-05-01 11:00:49 - [TEST_STEP][PASSED] - PlayoutURL = "https://api2.shahid.net/proxy/v2/playout/url/" + ID[i]: null

2019-05-01 11:00:49 - [TEST_STEP][PASSED] - PlayOut = shahid.api.SendMediaReq.SendRequest("https://api2.shahid.net/proxy/v2/playout/url/" + ID[i]): shahid.api.SendMediaReq.SendRequest is PASSED

2019-05-01 11:00:50 - [MESSAGE][INFO] - HAR: C:\Users\Mujahed\Desktop\mediaProject\Reports\Media Monitoring\20190501_110032\requests\main\9.har

2019-05-01 11:00:50 - [MESSAGE][PASSED] - Send request successfully

2019-05-01 11:00:50 - [MESSAGE][PASSED] - shahid.api.SendMediaReq.SendRequest is PASSED

2019-05-01 11:00:50 - [TEST_STEP][PASSED] - responseBody = PlayOut.getResponseBodyContent(): null

2019-05-01 11:00:50 - [TEST_STEP][PASSED] - responseCode = getStatusCode().toString(): null

2019-05-01 11:00:50 - [TEST_STEP][PASSED] - Temp2 = responseBody.split(","): null

2019-05-01 11:00:50 - [TEST_STEP][PASSED] - fullURL = Temp2[9]: null

2019-05-01 11:00:50 - [TEST_STEP][PASSED] - Temp6 = fullURL.split("""): null

2019-05-01 11:00:50 - [TEST_STEP][PASSED] - ActualURL = Temp6[3]: null

2019-05-01 11:00:50 - [TEST_STEP][PASSED] - if (ActualURL.contains(" ")): null

2019-05-01 11:00:50 - [TEST_STEP][PASSED] - if (responseCode != "200"): null

2019-05-01 11:00:50 - [TEST_STEP][PASSED] - PlayoutURL = "https://api2.shahid.net/proxy/v2/playout/url/" + ID[i]: null

2019-05-01 11:00:50 - [TEST_STEP][PASSED] - PlayOut = shahid.api.SendMediaReq.SendRequest("https://api2.shahid.net/proxy/v2/playout/url/" + ID[i]): shahid.api.SendMediaReq.SendRequest is PASSED

2019-05-01 11:00:50 - [MESSAGE][INFO] - HAR: C:\Users\Mujahed\Desktop\mediaProject\Reports\Media Monitoring\20190501_110032\requests\main\10.har

2019-05-01 11:00:50 - [MESSAGE][PASSED] - Send request successfully

2019-05-01 11:00:50 - [MESSAGE][PASSED] - shahid.api.SendMediaReq.SendRequest is PASSED

2019-05-01 11:00:50 - [TEST_STEP][PASSED] - responseBody = PlayOut.getResponseBodyContent(): null

2019-05-01 11:00:50 - [TEST_STEP][PASSED] - responseCode = getStatusCode().toString(): null

2019-05-01 11:00:50 - [TEST_STEP][PASSED] - Temp2 = responseBody.split(","): null

2019-05-01 11:00:50 - [TEST_STEP][PASSED] - fullURL = Temp2[9]: null

2019-05-01 11:00:50 - [TEST_STEP][PASSED] - Temp6 = fullURL.split("""): null

2019-05-01 11:00:50 - [TEST_STEP][PASSED] - ActualURL = Temp6[3]: null

2019-05-01 11:00:50 - [TEST_STEP][PASSED] - if (ActualURL.contains(" ")): null

2019-05-01 11:00:50 - [TEST_STEP][PASSED] - if (responseCode != "200"): null

2019-05-01 11:00:50 - [TEST_STEP][PASSED] - PlayoutURL = "https://api2.shahid.net/proxy/v2/playout/url/" + ID[i]: null

2019-05-01 11:00:50 - [TEST_STEP][PASSED] - PlayOut = shahid.api.SendMediaReq.SendRequest("https://api2.shahid.net/proxy/v2/playout/url/" + ID[i]): shahid.api.SendMediaReq.SendRequest is PASSED

2019-05-01 11:00:51 - [MESSAGE][INFO] - HAR: C:\Users\Mujahed\Desktop\mediaProject\Reports\Media Monitoring\20190501_110032\requests\main\11.har

2019-05-01 11:00:51 - [MESSAGE][PASSED] - Send request successfully

2019-05-01 11:00:51 - [MESSAGE][PASSED] - shahid.api.SendMediaReq.SendRequest is PASSED

2019-05-01 11:00:51 - [TEST_STEP][PASSED] - responseBody = PlayOut.getResponseBodyContent(): null

2019-05-01 11:00:51 - [TEST_STEP][PASSED] - responseCode = getStatusCode().toString(): null

2019-05-01 11:00:51 - [TEST_STEP][PASSED] - Temp2 = responseBody.split(","): null

2019-05-01 11:00:51 - [TEST_STEP][PASSED] - fullURL = Temp2[9]: null

2019-05-01 11:00:51 - [TEST_STEP][PASSED] - Temp6 = fullURL.split("""): null

2019-05-01 11:00:51 - [TEST_STEP][PASSED] - ActualURL = Temp6[3]: null

2019-05-01 11:00:51 - [TEST_STEP][PASSED] - if (ActualURL.contains(" ")): null

2019-05-01 11:00:51 - [TEST_STEP][PASSED] - if (responseCode != "200"): null

2019-05-01 11:00:51 - [TEST_STEP][PASSED] - PlayoutURL = "https://api2.shahid.net/proxy/v2/playout/url/" + ID[i]: null

2019-05-01 11:00:51 - [TEST_STEP][PASSED] - PlayOut = shahid.api.SendMediaReq.SendRequest("https://api2.shahid.net/proxy/v2/playout/url/" + ID[i]): shahid.api.SendMediaReq.SendRequest is PASSED

2019-05-01 11:00:52 - [MESSAGE][INFO] - HAR: C:\Users\Mujahed\Desktop\mediaProject\Reports\Media Monitoring\20190501_110032\requests\main\12.har

2019-05-01 11:00:52 - [MESSAGE][PASSED] - Send request successfully

2019-05-01 11:00:52 - [MESSAGE][PASSED] - shahid.api.SendMediaReq.SendRequest is PASSED

2019-05-01 11:00:52 - [TEST_STEP][PASSED] - responseBody = PlayOut.getResponseBodyContent(): null

2019-05-01 11:00:52 - [TEST_STEP][PASSED] - responseCode = getStatusCode().toString(): null

2019-05-01 11:00:52 - [TEST_STEP][PASSED] - Temp2 = responseBody.split(","): null

2019-05-01 11:00:52 - [TEST_STEP][PASSED] - fullURL = Temp2[9]: null

2019-05-01 11:00:52 - [TEST_STEP][PASSED] - Temp6 = fullURL.split("""): null

2019-05-01 11:00:52 - [TEST_STEP][PASSED] - ActualURL = Temp6[3]: null

2019-05-01 11:00:52 - [TEST_STEP][PASSED] - if (ActualURL.contains(" ")): null

2019-05-01 11:00:52 - [TEST_STEP][PASSED] - if (responseCode != "200"): null

2019-05-01 11:00:52 - [TEST_STEP][PASSED] - PlayoutURL = "https://api2.shahid.net/proxy/v2/playout/url/" + ID[i]: null

2019-05-01 11:00:52 - [TEST_STEP][PASSED] - PlayOut = shahid.api.SendMediaReq.SendRequest("https://api2.shahid.net/proxy/v2/playout/url/" + ID[i]): shahid.api.SendMediaReq.SendRequest is PASSED

2019-05-01 11:00:52 - [MESSAGE][INFO] - HAR: C:\Users\Mujahed\Desktop\mediaProject\Reports\Media Monitoring\20190501_110032\requests\main\13.har

2019-05-01 11:00:52 - [MESSAGE][PASSED] - Send request successfully

2019-05-01 11:00:52 - [MESSAGE][PASSED] - shahid.api.SendMediaReq.SendRequest is PASSED

2019-05-01 11:00:52 - [TEST_STEP][PASSED] - responseBody = PlayOut.getResponseBodyContent(): null

2019-05-01 11:00:52 - [TEST_STEP][PASSED] - responseCode = getStatusCode().toString(): null

2019-05-01 11:00:52 - [TEST_STEP][PASSED] - Temp2 = responseBody.split(","): null

2019-05-01 11:00:52 - [TEST_STEP][PASSED] - fullURL = Temp2[9]: null

2019-05-01 11:00:52 - [TEST_STEP][PASSED] - Temp6 = fullURL.split("""): null

2019-05-01 11:00:52 - [TEST_STEP][PASSED] - ActualURL = Temp6[3]: null

2019-05-01 11:00:52 - [TEST_STEP][PASSED] - if (ActualURL.contains(" ")): null

2019-05-01 11:00:52 - [TEST_STEP][PASSED] - if (responseCode != "200"): null

2019-05-01 11:00:52 - [TEST_STEP][PASSED] - PlayoutURL = "https://api2.shahid.net/proxy/v2/playout/url/" + ID[i]: null

2019-05-01 11:00:52 - [TEST_STEP][PASSED] - PlayOut = shahid.api.SendMediaReq.SendRequest("https://api2.shahid.net/proxy/v2/playout/url/" + ID[i]): shahid.api.SendMediaReq.SendRequest is PASSED

2019-05-01 11:00:53 - [MESSAGE][INFO] - HAR: C:\Users\Mujahed\Desktop\mediaProject\Reports\Media Monitoring\20190501_110032\requests\main\14.har

2019-05-01 11:00:53 - [MESSAGE][PASSED] - Send request successfully

2019-05-01 11:00:53 - [MESSAGE][PASSED] - shahid.api.SendMediaReq.SendRequest is PASSED

2019-05-01 11:00:53 - [TEST_STEP][PASSED] - responseBody = PlayOut.getResponseBodyContent(): null

2019-05-01 11:00:53 - [TEST_STEP][PASSED] - responseCode = getStatusCode().toString(): null

2019-05-01 11:00:53 - [TEST_STEP][PASSED] - Temp2 = responseBody.split(","): null

2019-05-01 11:00:53 - [TEST_STEP][PASSED] - fullURL = Temp2[9]: null

2019-05-01 11:00:53 - [TEST_STEP][PASSED] - Temp6 = fullURL.split("""): null

2019-05-01 11:00:53 - [TEST_STEP][PASSED] - ActualURL = Temp6[3]: null

2019-05-01 11:00:53 - [TEST_STEP][PASSED] - if (ActualURL.contains(" ")): null

2019-05-01 11:00:53 - [TEST_STEP][PASSED] - if (responseCode != "200"): null

2019-05-01 11:00:53 - [TEST_STEP][PASSED] - PlayoutURL = "https://api2.shahid.net/proxy/v2/playout/url/" + ID[i]: null

2019-05-01 11:00:53 - [TEST_STEP][PASSED] - PlayOut = shahid.api.SendMediaReq.SendRequest("https://api2.shahid.net/proxy/v2/playout/url/" + ID[i]): shahid.api.SendMediaReq.SendRequest is PASSED

2019-05-01 11:00:53 - [MESSAGE][INFO] - HAR: C:\Users\Mujahed\Desktop\mediaProject\Reports\Media Monitoring\20190501_110032\requests\main\15.har

2019-05-01 11:00:53 - [MESSAGE][PASSED] - Send request successfully

2019-05-01 11:00:53 - [MESSAGE][PASSED] - shahid.api.SendMediaReq.SendRequest is PASSED

2019-05-01 11:00:53 - [TEST_STEP][PASSED] - responseBody = PlayOut.getResponseBodyContent(): null

2019-05-01 11:00:53 - [TEST_STEP][PASSED] - responseCode = getStatusCode().toString(): null

2019-05-01 11:00:53 - [TEST_STEP][PASSED] - Temp2 = responseBody.split(","): null

2019-05-01 11:00:53 - [TEST_STEP][PASSED] - fullURL = Temp2[9]: null

2019-05-01 11:00:53 - [TEST_STEP][PASSED] - Temp6 = fullURL.split("""): null

2019-05-01 11:00:53 - [TEST_STEP][PASSED] - ActualURL = Temp6[3]: null

2019-05-01 11:00:53 - [TEST_STEP][PASSED] - if (ActualURL.contains(" ")): null

2019-05-01 11:00:53 - [TEST_STEP][PASSED] - if (responseCode != "200"): null

2019-05-01 11:00:53 - [TEST_STEP][PASSED] - PlayoutURL = "https://api2.shahid.net/proxy/v2/playout/url/" + ID[i]: null

2019-05-01 11:00:53 - [TEST_STEP][PASSED] - PlayOut = shahid.api.SendMediaReq.SendRequest("https://api2.shahid.net/proxy/v2/playout/url/" + ID[i]): shahid.api.SendMediaReq.SendRequest is PASSED

2019-05-01 11:00:54 - [MESSAGE][INFO] - HAR: C:\Users\Mujahed\Desktop\mediaProject\Reports\Media Monitoring\20190501_110032\requests\main\16.har

2019-05-01 11:00:54 - [MESSAGE][PASSED] - Send request successfully

2019-05-01 11:00:54 - [MESSAGE][PASSED] - shahid.api.SendMediaReq.SendRequest is PASSED

2019-05-01 11:00:54 - [TEST_STEP][PASSED] - responseBody = PlayOut.getResponseBodyContent(): null

2019-05-01 11:00:54 - [TEST_STEP][PASSED] - responseCode = getStatusCode().toString(): null

2019-05-01 11:00:54 - [TEST_STEP][PASSED] - Temp2 = responseBody.split(","): null

2019-05-01 11:00:54 - [TEST_STEP][PASSED] - fullURL = Temp2[9]: null

2019-05-01 11:00:54 - [TEST_STEP][PASSED] - Temp6 = fullURL.split("""): null

2019-05-01 11:00:54 - [TEST_STEP][PASSED] - ActualURL = Temp6[3]: null

2019-05-01 11:00:54 - [TEST_STEP][PASSED] - if (ActualURL.contains(" ")): null

2019-05-01 11:00:54 - [TEST_STEP][PASSED] - if (responseCode != "200"): null

2019-05-01 11:00:54 - [TEST_STEP][PASSED] - PlayoutURL = "https://api2.shahid.net/proxy/v2/playout/url/" + ID[i]: null

2019-05-01 11:00:54 - [TEST_STEP][PASSED] - PlayOut = shahid.api.SendMediaReq.SendRequest("https://api2.shahid.net/proxy/v2/playout/url/" + ID[i]): shahid.api.SendMediaReq.SendRequest is PASSED

2019-05-01 11:00:54 - [MESSAGE][INFO] - HAR: C:\Users\Mujahed\Desktop\mediaProject\Reports\Media Monitoring\20190501_110032\requests\main\17.har

2019-05-01 11:00:54 - [MESSAGE][PASSED] - Send request successfully

2019-05-01 11:00:54 - [MESSAGE][PASSED] - shahid.api.SendMediaReq.SendRequest is PASSED

2019-05-01 11:00:54 - [TEST_STEP][PASSED] - responseBody = PlayOut.getResponseBodyContent(): null

2019-05-01 11:00:54 - [TEST_STEP][PASSED] - responseCode = getStatusCode().toString(): null

2019-05-01 11:00:54 - [TEST_STEP][PASSED] - Temp2 = responseBody.split(","): null

2019-05-01 11:00:54 - [TEST_STEP][PASSED] - fullURL = Temp2[9]: null

2019-05-01 11:00:54 - [TEST_STEP][PASSED] - Temp6 = fullURL.split("""): null

2019-05-01 11:00:54 - [TEST_STEP][PASSED] - ActualURL = Temp6[3]: null

2019-05-01 11:00:54 - [TEST_STEP][PASSED] - if (ActualURL.contains(" ")): null

2019-05-01 11:00:54 - [TEST_STEP][PASSED] - if (responseCode != "200"): null

2019-05-01 11:00:54 - [TEST_STEP][PASSED] - PlayoutURL = "https://api2.shahid.net/proxy/v2/playout/url/" + ID[i]: null

2019-05-01 11:00:54 - [TEST_STEP][PASSED] - PlayOut = shahid.api.SendMediaReq.SendRequest("https://api2.shahid.net/proxy/v2/playout/url/" + ID[i]): shahid.api.SendMediaReq.SendRequest is PASSED

2019-05-01 11:00:55 - [MESSAGE][INFO] - HAR: C:\Users\Mujahed\Desktop\mediaProject\Reports\Media Monitoring\20190501_110032\requests\main\18.har

2019-05-01 11:00:55 - [MESSAGE][PASSED] - Send request successfully

2019-05-01 11:00:55 - [MESSAGE][PASSED] - shahid.api.SendMediaReq.SendRequest is PASSED

2019-05-01 11:00:55 - [TEST_STEP][PASSED] - responseBody = PlayOut.getResponseBodyContent(): null

2019-05-01 11:00:55 - [TEST_STEP][PASSED] - responseCode = getStatusCode().toString(): null

2019-05-01 11:00:55 - [TEST_STEP][PASSED] - Temp2 = responseBody.split(","): null

2019-05-01 11:00:55 - [TEST_STEP][PASSED] - fullURL = Temp2[9]: null

2019-05-01 11:00:55 - [TEST_STEP][PASSED] - Temp6 = fullURL.split("""): null

2019-05-01 11:00:55 - [TEST_STEP][PASSED] - ActualURL = Temp6[3]: null

2019-05-01 11:00:55 - [TEST_STEP][PASSED] - if (ActualURL.contains(" ")): null

2019-05-01 11:00:55 - [TEST_STEP][PASSED] - if (responseCode != "200"): null

2019-05-01 11:00:55 - [TEST_STEP][PASSED] - PlayoutURL = "https://api2.shahid.net/proxy/v2/playout/url/" + ID[i]: null

2019-05-01 11:00:55 - [TEST_STEP][PASSED] - PlayOut = shahid.api.SendMediaReq.SendRequest("https://api2.shahid.net/proxy/v2/playout/url/" + ID[i]): shahid.api.SendMediaReq.SendRequest is PASSED

2019-05-01 11:00:55 - [MESSAGE][INFO] - HAR: C:\Users\Mujahed\Desktop\mediaProject\Reports\Media Monitoring\20190501_110032\requests\main\19.har

2019-05-01 11:00:55 - [MESSAGE][PASSED] - Send request successfully

2019-05-01 11:00:55 - [MESSAGE][PASSED] - shahid.api.SendMediaReq.SendRequest is PASSED

2019-05-01 11:00:55 - [TEST_STEP][PASSED] - responseBody = PlayOut.getResponseBodyContent(): null

2019-05-01 11:00:55 - [TEST_STEP][PASSED] - responseCode = getStatusCode().toString(): null

2019-05-01 11:00:55 - [TEST_STEP][PASSED] - Temp2 = responseBody.split(","): null

2019-05-01 11:00:55 - [TEST_STEP][PASSED] - fullURL = Temp2[9]: null

2019-05-01 11:00:55 - [TEST_STEP][PASSED] - Temp6 = fullURL.split("""): null

2019-05-01 11:00:55 - [TEST_STEP][PASSED] - ActualURL = Temp6[3]: null

2019-05-01 11:00:55 - [TEST_STEP][PASSED] - if (ActualURL.contains(" ")): null

2019-05-01 11:00:55 - [TEST_STEP][PASSED] - if (responseCode != "200"): null

2019-05-01 11:00:55 - [TEST_STEP][PASSED] - PlayoutURL = "https://api2.shahid.net/proxy/v2/playout/url/" + ID[i]: null

2019-05-01 11:00:55 - [TEST_STEP][PASSED] - PlayOut = shahid.api.SendMediaReq.SendRequest("https://api2.shahid.net/proxy/v2/playout/url/" + ID[i]): shahid.api.SendMediaReq.SendRequest is PASSED

2019-05-01 11:00:56 - [MESSAGE][INFO] - HAR: C:\Users\Mujahed\Desktop\mediaProject\Reports\Media Monitoring\20190501_110032\requests\main\20.har

2019-05-01 11:00:56 - [MESSAGE][PASSED] - Send request successfully

2019-05-01 11:00:56 - [MESSAGE][PASSED] - shahid.api.SendMediaReq.SendRequest is PASSED

2019-05-01 11:00:56 - [TEST_STEP][PASSED] - responseBody = PlayOut.getResponseBodyContent(): null

2019-05-01 11:00:56 - [TEST_STEP][PASSED] - responseCode = getStatusCode().toString(): null

2019-05-01 11:00:56 - [TEST_STEP][PASSED] - Temp2 = responseBody.split(","): null

2019-05-01 11:00:56 - [TEST_STEP][PASSED] - fullURL = Temp2[9]: null

2019-05-01 11:00:56 - [TEST_STEP][PASSED] - Temp6 = fullURL.split("""): null

2019-05-01 11:00:56 - [TEST_STEP][PASSED] - ActualURL = Temp6[3]: null

2019-05-01 11:00:56 - [TEST_STEP][PASSED] - if (ActualURL.contains(" ")): null

2019-05-01 11:00:56 - [TEST_STEP][PASSED] - if (responseCode != "200"): null

2019-05-01 11:00:56 - [TEST_STEP][PASSED] - PlayoutURL = "https://api2.shahid.net/proxy/v2/playout/url/" + ID[i]: null

2019-05-01 11:00:56 - [TEST_STEP][PASSED] - PlayOut = shahid.api.SendMediaReq.SendRequest("https://api2.shahid.net/proxy/v2/playout/url/" + ID[i]): shahid.api.SendMediaReq.SendRequest is PASSED

2019-05-01 11:00:56 - [MESSAGE][INFO] - HAR: C:\Users\Mujahed\Desktop\mediaProject\Reports\Media Monitoring\20190501_110032\requests\main\21.har

2019-05-01 11:00:56 - [MESSAGE][PASSED] - Send request successfully

2019-05-01 11:00:56 - [MESSAGE][PASSED] - shahid.api.SendMediaReq.SendRequest is PASSED

2019-05-01 11:00:56 - [TEST_STEP][PASSED] - responseBody = PlayOut.getResponseBodyContent(): null

2019-05-01 11:00:56 - [TEST_STEP][PASSED] - responseCode = getStatusCode().toString(): null

2019-05-01 11:00:56 - [TEST_STEP][PASSED] - Temp2 = responseBody.split(","): null

2019-05-01 11:00:56 - [TEST_STEP][PASSED] - fullURL = Temp2[9]: null

2019-05-01 11:00:56 - [TEST_STEP][PASSED] - Temp6 = fullURL.split("""): null

2019-05-01 11:00:56 - [TEST_STEP][PASSED] - ActualURL = Temp6[3]: null

2019-05-01 11:00:56 - [TEST_STEP][PASSED] - if (ActualURL.contains(" ")): null

2019-05-01 11:00:56 - [TEST_STEP][PASSED] - if (responseCode != "200"): null

2019-05-01 11:00:56 - [TEST_STEP][PASSED] - PlayoutURL = "https://api2.shahid.net/proxy/v2/playout/url/" + ID[i]: null

2019-05-01 11:00:56 - [TEST_STEP][PASSED] - PlayOut = shahid.api.SendMediaReq.SendRequest("https://api2.shahid.net/proxy/v2/playout/url/" + ID[i]): shahid.api.SendMediaReq.SendRequest is PASSED

2019-05-01 11:00:57 - [MESSAGE][INFO] - HAR: C:\Users\Mujahed\Desktop\mediaProject\Reports\Media Monitoring\20190501_110032\requests\main\22.har

2019-05-01 11:00:57 - [MESSAGE][PASSED] - Send request successfully

2019-05-01 11:00:57 - [MESSAGE][PASSED] - shahid.api.SendMediaReq.SendRequest is PASSED

2019-05-01 11:00:57 - [TEST_STEP][PASSED] - responseBody = PlayOut.getResponseBodyContent(): null

2019-05-01 11:00:57 - [TEST_STEP][PASSED] - responseCode = getStatusCode().toString(): null

2019-05-01 11:00:57 - [TEST_STEP][PASSED] - Temp2 = responseBody.split(","): null

2019-05-01 11:00:57 - [TEST_STEP][PASSED] - fullURL = Temp2[9]: null

2019-05-01 11:00:57 - [TEST_STEP][PASSED] - Temp6 = fullURL.split("""): null

2019-05-01 11:00:57 - [TEST_STEP][PASSED] - ActualURL = Temp6[3]: null

2019-05-01 11:00:57 - [TEST_STEP][PASSED] - if (ActualURL.contains(" ")): null

2019-05-01 11:00:57 - [TEST_STEP][PASSED] - if (responseCode != "200"): null

2019-05-01 11:00:57 - [TEST_STEP][PASSED] - PlayoutURL = "https://api2.shahid.net/proxy/v2/playout/url/" + ID[i]: null

2019-05-01 11:00:57 - [TEST_STEP][PASSED] - PlayOut = shahid.api.SendMediaReq.SendRequest("https://api2.shahid.net/proxy/v2/playout/url/" + ID[i]): shahid.api.SendMediaReq.SendRequest is PASSED

2019-05-01 11:00:58 - [MESSAGE][INFO] - HAR: C:\Users\Mujahed\Desktop\mediaProject\Reports\Media Monitoring\20190501_110032\requests\main\23.har

2019-05-01 11:00:58 - [MESSAGE][PASSED] - Send request successfully

2019-05-01 11:00:58 - [MESSAGE][PASSED] - shahid.api.SendMediaReq.SendRequest is PASSED

2019-05-01 11:00:58 - [TEST_STEP][PASSED] - responseBody = PlayOut.getResponseBodyContent(): null

2019-05-01 11:00:58 - [TEST_STEP][PASSED] - responseCode = getStatusCode().toString(): null

2019-05-01 11:00:58 - [TEST_STEP][PASSED] - Temp2 = responseBody.split(","): null

2019-05-01 11:00:58 - [TEST_STEP][PASSED] - fullURL = Temp2[9]: null

2019-05-01 11:00:58 - [TEST_STEP][PASSED] - Temp6 = fullURL.split("""): null

2019-05-01 11:00:58 - [TEST_STEP][PASSED] - ActualURL = Temp6[3]: null

2019-05-01 11:00:58 - [TEST_STEP][PASSED] - if (ActualURL.contains(" ")): null

2019-05-01 11:00:58 - [TEST_STEP][PASSED] - if (responseCode != "200"): null

2019-05-01 11:00:58 - [TEST_STEP][PASSED] - PlayoutURL = "https://api2.shahid.net/proxy/v2/playout/url/" + ID[i]: null

2019-05-01 11:00:58 - [TEST_STEP][PASSED] - PlayOut = shahid.api.SendMediaReq.SendRequest("https://api2.shahid.net/proxy/v2/playout/url/" + ID[i]): shahid.api.SendMediaReq.SendRequest is PASSED

2019-05-01 11:00:58 - [MESSAGE][INFO] - HAR: C:\Users\Mujahed\Desktop\mediaProject\Reports\Media Monitoring\20190501_110032\requests\main\24.har

2019-05-01 11:00:58 - [MESSAGE][PASSED] - Send request successfully

2019-05-01 11:00:58 - [MESSAGE][PASSED] - shahid.api.SendMediaReq.SendRequest is PASSED

2019-05-01 11:00:58 - [TEST_STEP][PASSED] - responseBody = PlayOut.getResponseBodyContent(): null

2019-05-01 11:00:58 - [TEST_STEP][PASSED] - responseCode = getStatusCode().toString(): null

2019-05-01 11:00:58 - [TEST_STEP][PASSED] - Temp2 = responseBody.split(","): null

2019-05-01 11:00:58 - [TEST_STEP][PASSED] - fullURL = Temp2[9]: null

2019-05-01 11:00:58 - [TEST_STEP][PASSED] - Temp6 = fullURL.split("""): null

2019-05-01 11:00:58 - [TEST_STEP][PASSED] - ActualURL = Temp6[3]: null

2019-05-01 11:00:58 - [TEST_STEP][PASSED] - if (ActualURL.contains(" ")): null

2019-05-01 11:00:58 - [TEST_STEP][PASSED] - if (responseCode != "200"): null

2019-05-01 11:00:58 - [TEST_STEP][PASSED] - PlayoutURL = "https://api2.shahid.net/proxy/v2/playout/url/" + ID[i]: null

2019-05-01 11:00:58 - [TEST_STEP][PASSED] - PlayOut = shahid.api.SendMediaReq.SendRequest("https://api2.shahid.net/proxy/v2/playout/url/" + ID[i]): shahid.api.SendMediaReq.SendRequest is PASSED

2019-05-01 11:00:59 - [MESSAGE][INFO] - HAR: C:\Users\Mujahed\Desktop\mediaProject\Reports\Media Monitoring\20190501_110032\requests\main\25.har

2019-05-01 11:00:59 - [MESSAGE][PASSED] - Send request successfully

2019-05-01 11:00:59 - [MESSAGE][PASSED] - shahid.api.SendMediaReq.SendRequest is PASSED

2019-05-01 11:00:59 - [TEST_STEP][PASSED] - responseBody = PlayOut.getResponseBodyContent(): null

2019-05-01 11:00:59 - [TEST_STEP][PASSED] - responseCode = getStatusCode().toString(): null

2019-05-01 11:00:59 - [TEST_STEP][PASSED] - Temp2 = responseBody.split(","): null

2019-05-01 11:00:59 - [TEST_STEP][PASSED] - fullURL = Temp2[9]: null

2019-05-01 11:00:59 - [TEST_STEP][PASSED] - Temp6 = fullURL.split("""): null

2019-05-01 11:00:59 - [TEST_STEP][PASSED] - ActualURL = Temp6[3]: null

2019-05-01 11:00:59 - [TEST_STEP][PASSED] - if (ActualURL.contains(" ")): null

2019-05-01 11:00:59 - [TEST_STEP][PASSED] - if (responseCode != "200"): null

2019-05-01 11:00:59 - [TEST_STEP][PASSED] - PlayoutURL = "https://api2.shahid.net/proxy/v2/playout/url/" + ID[i]: null

2019-05-01 11:00:59 - [TEST_STEP][PASSED] - PlayOut = shahid.api.SendMediaReq.SendRequest("https://api2.shahid.net/proxy/v2/playout/url/" + ID[i]): shahid.api.SendMediaReq.SendRequest is PASSED

2019-05-01 11:00:59 - [MESSAGE][INFO] - HAR: C:\Users\Mujahed\Desktop\mediaProject\Reports\Media Monitoring\20190501_110032\requests\main\26.har

2019-05-01 11:00:59 - [MESSAGE][PASSED] - Send request successfully

2019-05-01 11:00:59 - [MESSAGE][PASSED] - shahid.api.SendMediaReq.SendRequest is PASSED

2019-05-01 11:00:59 - [TEST_STEP][PASSED] - responseBody = PlayOut.getResponseBodyContent(): null

2019-05-01 11:00:59 - [TEST_STEP][PASSED] - responseCode = getStatusCode().toString(): null

2019-05-01 11:00:59 - [TEST_STEP][PASSED] - Temp2 = responseBody.split(","): null

2019-05-01 11:00:59 - [TEST_STEP][PASSED] - fullURL = Temp2[9]: null

2019-05-01 11:00:59 - [TEST_STEP][PASSED] - Temp6 = fullURL.split("""): null

2019-05-01 11:00:59 - [TEST_STEP][PASSED] - ActualURL = Temp6[3]: null

2019-05-01 11:00:59 - [TEST_STEP][PASSED] - if (ActualURL.contains(" ")): null

2019-05-01 11:00:59 - [TEST_STEP][PASSED] - if (responseCode != "200"): null

2019-05-01 11:00:59 - [TEST_STEP][PASSED] - PlayoutURL = "https://api2.shahid.net/proxy/v2/playout/url/" + ID[i]: null

2019-05-01 11:00:59 - [TEST_STEP][PASSED] - PlayOut = shahid.api.SendMediaReq.SendRequest("https://api2.shahid.net/proxy/v2/playout/url/" + ID[i]): shahid.api.SendMediaReq.SendRequest is PASSED

2019-05-01 11:01:00 - [MESSAGE][INFO] - HAR: C:\Users\Mujahed\Desktop\mediaProject\Reports\Media Monitoring\20190501_110032\requests\main\27.har

2019-05-01 11:01:00 - [MESSAGE][PASSED] - Send request successfully

2019-05-01 11:01:00 - [MESSAGE][PASSED] - shahid.api.SendMediaReq.SendRequest is PASSED

2019-05-01 11:01:00 - [TEST_STEP][PASSED] - responseBody = PlayOut.getResponseBodyContent(): null

2019-05-01 11:01:00 - [TEST_STEP][PASSED] - responseCode = getStatusCode().toString(): null

2019-05-01 11:01:00 - [TEST_STEP][PASSED] - Temp2 = responseBody.split(","): null

2019-05-01 11:01:00 - [TEST_STEP][PASSED] - fullURL = Temp2[9]: null

2019-05-01 11:01:00 - [TEST_STEP][PASSED] - Temp6 = fullURL.split("""): null

2019-05-01 11:01:00 - [TEST_STEP][PASSED] - ActualURL = Temp6[3]: null

2019-05-01 11:01:00 - [TEST_STEP][PASSED] - if (ActualURL.contains(" ")): null

2019-05-01 11:01:00 - [TEST_STEP][PASSED] - if (responseCode != "200"): null

2019-05-01 11:01:00 - [TEST_STEP][PASSED] - PlayoutURL = "https://api2.shahid.net/proxy/v2/playout/url/" + ID[i]: null

2019-05-01 11:01:00 - [TEST_STEP][PASSED] - PlayOut = shahid.api.SendMediaReq.SendRequest("https://api2.shahid.net/proxy/v2/playout/url/" + ID[i]): shahid.api.SendMediaReq.SendRequest is PASSED

2019-05-01 11:01:00 - [MESSAGE][INFO] - HAR: C:\Users\Mujahed\Desktop\mediaProject\Reports\Media Monitoring\20190501_110032\requests\main\28.har

2019-05-01 11:01:00 - [MESSAGE][PASSED] - Send request successfully

2019-05-01 11:01:00 - [MESSAGE][PASSED] - shahid.api.SendMediaReq.SendRequest is PASSED

2019-05-01 11:01:00 - [TEST_STEP][PASSED] - responseBody = PlayOut.getResponseBodyContent(): null

2019-05-01 11:01:00 - [TEST_STEP][PASSED] - responseCode = getStatusCode().toString(): null

2019-05-01 11:01:00 - [TEST_STEP][PASSED] - Temp2 = responseBody.split(","): null

2019-05-01 11:01:00 - [TEST_STEP][PASSED] - fullURL = Temp2[9]: null

2019-05-01 11:01:00 - [TEST_STEP][PASSED] - Temp6 = fullURL.split("""): null

2019-05-01 11:01:00 - [TEST_STEP][PASSED] - ActualURL = Temp6[3]: null

2019-05-01 11:01:00 - [TEST_STEP][PASSED] - if (ActualURL.contains(" ")): null

2019-05-01 11:01:00 - [TEST_STEP][PASSED] - if (responseCode != "200"): null

2019-05-01 11:01:00 - [TEST_STEP][PASSED] - PlayoutURL = "https://api2.shahid.net/proxy/v2/playout/url/" + ID[i]: null

2019-05-01 11:01:00 - [TEST_STEP][PASSED] - PlayOut = shahid.api.SendMediaReq.SendRequest("https://api2.shahid.net/proxy/v2/playout/url/" + ID[i]): shahid.api.SendMediaReq.SendRequest is PASSED

2019-05-01 11:01:01 - [MESSAGE][INFO] - HAR: C:\Users\Mujahed\Desktop\mediaProject\Reports\Media Monitoring\20190501_110032\requests\main\29.har

2019-05-01 11:01:01 - [MESSAGE][PASSED] - Send request successfully

2019-05-01 11:01:01 - [MESSAGE][PASSED] - shahid.api.SendMediaReq.SendRequest is PASSED

2019-05-01 11:01:01 - [TEST_STEP][PASSED] - responseBody = PlayOut.getResponseBodyContent(): null

2019-05-01 11:01:01 - [TEST_STEP][PASSED] - responseCode = getStatusCode().toString(): null

2019-05-01 11:01:01 - [TEST_STEP][PASSED] - Temp2 = responseBody.split(","): null

2019-05-01 11:01:01 - [TEST_STEP][PASSED] - fullURL = Temp2[9]: null

2019-05-01 11:01:01 - [TEST_STEP][PASSED] - Temp6 = fullURL.split("""): null

2019-05-01 11:01:01 - [TEST_STEP][PASSED] - ActualURL = Temp6[3]: null

2019-05-01 11:01:01 - [TEST_STEP][PASSED] - if (ActualURL.contains(" ")): null

2019-05-01 11:01:01 - [TEST_STEP][PASSED] - if (responseCode != "200"): null]]></system-out>
         <system-err><![CDATA[]]></system-err>
      </testcase>
      <testcase name="Test Cases/CheckEpisodes" classname="Test Cases/CheckEpisodes" status="PASSED">
         <system-out><![CDATA[2019-05-01 11:01:01 - [TEST_CASE][PASSED] - Test Cases/CheckEpisodes: Test Cases/CheckEpisodes

2019-05-01 11:01:01 - [TEST_STEP][PASSED] - EpisodesID = shahid.api.CropResponse.getResponse("EPISODE"): shahid.api.CropResponse.getResponse is PASSED

2019-05-01 11:01:03 - [MESSAGE][PASSED] - shahid.api.CropResponse.getResponse is PASSED

2019-05-01 11:01:03 - [TEST_STEP][PASSED] - ID = EpisodesID.split(","): null

2019-05-01 11:01:03 - [TEST_STEP][PASSED] - for ([i = 0, i <= 29, (i++)]): null

2019-05-01 11:01:03 - [TEST_STEP][PASSED] - PlayoutURL = "https://api2.shahid.net/proxy/v2/playout/url/" + ID[i]: null

2019-05-01 11:01:03 - [TEST_STEP][PASSED] - PlayOut = shahid.api.SendMediaReq.SendRequest("https://api2.shahid.net/proxy/v2/playout/url/" + ID[i]): shahid.api.SendMediaReq.SendRequest is PASSED

2019-05-01 11:01:04 - [MESSAGE][INFO] - HAR: C:\Users\Mujahed\Desktop\mediaProject\Reports\Media Monitoring\20190501_110032\requests\main\30.har

2019-05-01 11:01:04 - [MESSAGE][PASSED] - Send request successfully

2019-05-01 11:01:04 - [MESSAGE][PASSED] - shahid.api.SendMediaReq.SendRequest is PASSED

2019-05-01 11:01:04 - [TEST_STEP][PASSED] - responseBody = PlayOut.getResponseBodyContent(): null

2019-05-01 11:01:04 - [TEST_STEP][PASSED] - responseCode = getStatusCode().toString(): null

2019-05-01 11:01:04 - [TEST_STEP][PASSED] - Temp2 = responseBody.split(","): null

2019-05-01 11:01:04 - [TEST_STEP][PASSED] - fullURL = Temp2[9]: null

2019-05-01 11:01:04 - [TEST_STEP][PASSED] - Temp6 = fullURL.split("""): null

2019-05-01 11:01:04 - [TEST_STEP][PASSED] - ActualURL = Temp6[3]: null

2019-05-01 11:01:04 - [TEST_STEP][PASSED] - if (ActualURL.contains(" ")): null

2019-05-01 11:01:04 - [TEST_STEP][PASSED] - if (responseCode != "200"): null

2019-05-01 11:01:04 - [TEST_STEP][PASSED] - PlayoutURL = "https://api2.shahid.net/proxy/v2/playout/url/" + ID[i]: null

2019-05-01 11:01:04 - [TEST_STEP][PASSED] - PlayOut = shahid.api.SendMediaReq.SendRequest("https://api2.shahid.net/proxy/v2/playout/url/" + ID[i]): shahid.api.SendMediaReq.SendRequest is PASSED

2019-05-01 11:01:04 - [MESSAGE][INFO] - HAR: C:\Users\Mujahed\Desktop\mediaProject\Reports\Media Monitoring\20190501_110032\requests\main\31.har

2019-05-01 11:01:04 - [MESSAGE][PASSED] - Send request successfully

2019-05-01 11:01:04 - [MESSAGE][PASSED] - shahid.api.SendMediaReq.SendRequest is PASSED

2019-05-01 11:01:04 - [TEST_STEP][PASSED] - responseBody = PlayOut.getResponseBodyContent(): null

2019-05-01 11:01:04 - [TEST_STEP][PASSED] - responseCode = getStatusCode().toString(): null

2019-05-01 11:01:04 - [TEST_STEP][PASSED] - Temp2 = responseBody.split(","): null

2019-05-01 11:01:04 - [TEST_STEP][PASSED] - fullURL = Temp2[9]: null

2019-05-01 11:01:04 - [TEST_STEP][PASSED] - Temp6 = fullURL.split("""): null

2019-05-01 11:01:04 - [TEST_STEP][PASSED] - ActualURL = Temp6[3]: null

2019-05-01 11:01:04 - [TEST_STEP][PASSED] - if (ActualURL.contains(" ")): null

2019-05-01 11:01:04 - [TEST_STEP][PASSED] - if (responseCode != "200"): null

2019-05-01 11:01:04 - [TEST_STEP][PASSED] - PlayoutURL = "https://api2.shahid.net/proxy/v2/playout/url/" + ID[i]: null

2019-05-01 11:01:04 - [TEST_STEP][PASSED] - PlayOut = shahid.api.SendMediaReq.SendRequest("https://api2.shahid.net/proxy/v2/playout/url/" + ID[i]): shahid.api.SendMediaReq.SendRequest is PASSED

2019-05-01 11:01:05 - [MESSAGE][INFO] - HAR: C:\Users\Mujahed\Desktop\mediaProject\Reports\Media Monitoring\20190501_110032\requests\main\32.har

2019-05-01 11:01:05 - [MESSAGE][PASSED] - Send request successfully

2019-05-01 11:01:05 - [MESSAGE][PASSED] - shahid.api.SendMediaReq.SendRequest is PASSED

2019-05-01 11:01:05 - [TEST_STEP][PASSED] - responseBody = PlayOut.getResponseBodyContent(): null

2019-05-01 11:01:05 - [TEST_STEP][PASSED] - responseCode = getStatusCode().toString(): null

2019-05-01 11:01:05 - [TEST_STEP][PASSED] - Temp2 = responseBody.split(","): null

2019-05-01 11:01:05 - [TEST_STEP][PASSED] - fullURL = Temp2[9]: null

2019-05-01 11:01:05 - [TEST_STEP][PASSED] - Temp6 = fullURL.split("""): null

2019-05-01 11:01:05 - [TEST_STEP][PASSED] - ActualURL = Temp6[3]: null

2019-05-01 11:01:05 - [TEST_STEP][PASSED] - if (ActualURL.contains(" ")): null

2019-05-01 11:01:05 - [TEST_STEP][PASSED] - if (responseCode != "200"): null

2019-05-01 11:01:05 - [TEST_STEP][PASSED] - PlayoutURL = "https://api2.shahid.net/proxy/v2/playout/url/" + ID[i]: null

2019-05-01 11:01:05 - [TEST_STEP][PASSED] - PlayOut = shahid.api.SendMediaReq.SendRequest("https://api2.shahid.net/proxy/v2/playout/url/" + ID[i]): shahid.api.SendMediaReq.SendRequest is PASSED

2019-05-01 11:01:05 - [MESSAGE][INFO] - HAR: C:\Users\Mujahed\Desktop\mediaProject\Reports\Media Monitoring\20190501_110032\requests\main\33.har

2019-05-01 11:01:05 - [MESSAGE][PASSED] - Send request successfully

2019-05-01 11:01:05 - [MESSAGE][PASSED] - shahid.api.SendMediaReq.SendRequest is PASSED

2019-05-01 11:01:05 - [TEST_STEP][PASSED] - responseBody = PlayOut.getResponseBodyContent(): null

2019-05-01 11:01:05 - [TEST_STEP][PASSED] - responseCode = getStatusCode().toString(): null

2019-05-01 11:01:05 - [TEST_STEP][PASSED] - Temp2 = responseBody.split(","): null

2019-05-01 11:01:05 - [TEST_STEP][PASSED] - fullURL = Temp2[9]: null

2019-05-01 11:01:05 - [TEST_STEP][PASSED] - Temp6 = fullURL.split("""): null

2019-05-01 11:01:05 - [TEST_STEP][PASSED] - ActualURL = Temp6[3]: null

2019-05-01 11:01:05 - [TEST_STEP][PASSED] - if (ActualURL.contains(" ")): null

2019-05-01 11:01:05 - [TEST_STEP][PASSED] - if (responseCode != "200"): null

2019-05-01 11:01:05 - [TEST_STEP][PASSED] - PlayoutURL = "https://api2.shahid.net/proxy/v2/playout/url/" + ID[i]: null

2019-05-01 11:01:05 - [TEST_STEP][PASSED] - PlayOut = shahid.api.SendMediaReq.SendRequest("https://api2.shahid.net/proxy/v2/playout/url/" + ID[i]): shahid.api.SendMediaReq.SendRequest is PASSED

2019-05-01 11:01:06 - [MESSAGE][INFO] - HAR: C:\Users\Mujahed\Desktop\mediaProject\Reports\Media Monitoring\20190501_110032\requests\main\34.har

2019-05-01 11:01:06 - [MESSAGE][PASSED] - Send request successfully

2019-05-01 11:01:06 - [MESSAGE][PASSED] - shahid.api.SendMediaReq.SendRequest is PASSED

2019-05-01 11:01:06 - [TEST_STEP][PASSED] - responseBody = PlayOut.getResponseBodyContent(): null

2019-05-01 11:01:06 - [TEST_STEP][PASSED] - responseCode = getStatusCode().toString(): null

2019-05-01 11:01:06 - [TEST_STEP][PASSED] - Temp2 = responseBody.split(","): null

2019-05-01 11:01:06 - [TEST_STEP][PASSED] - fullURL = Temp2[9]: null

2019-05-01 11:01:06 - [TEST_STEP][PASSED] - Temp6 = fullURL.split("""): null

2019-05-01 11:01:06 - [TEST_STEP][PASSED] - ActualURL = Temp6[3]: null

2019-05-01 11:01:06 - [TEST_STEP][PASSED] - if (ActualURL.contains(" ")): null

2019-05-01 11:01:06 - [TEST_STEP][PASSED] - if (responseCode != "200"): null

2019-05-01 11:01:06 - [TEST_STEP][PASSED] - PlayoutURL = "https://api2.shahid.net/proxy/v2/playout/url/" + ID[i]: null

2019-05-01 11:01:06 - [TEST_STEP][PASSED] - PlayOut = shahid.api.SendMediaReq.SendRequest("https://api2.shahid.net/proxy/v2/playout/url/" + ID[i]): shahid.api.SendMediaReq.SendRequest is PASSED

2019-05-01 11:01:06 - [MESSAGE][INFO] - HAR: C:\Users\Mujahed\Desktop\mediaProject\Reports\Media Monitoring\20190501_110032\requests\main\35.har

2019-05-01 11:01:06 - [MESSAGE][PASSED] - Send request successfully

2019-05-01 11:01:06 - [MESSAGE][PASSED] - shahid.api.SendMediaReq.SendRequest is PASSED

2019-05-01 11:01:06 - [TEST_STEP][PASSED] - responseBody = PlayOut.getResponseBodyContent(): null

2019-05-01 11:01:06 - [TEST_STEP][PASSED] - responseCode = getStatusCode().toString(): null

2019-05-01 11:01:06 - [TEST_STEP][PASSED] - Temp2 = responseBody.split(","): null

2019-05-01 11:01:06 - [TEST_STEP][PASSED] - fullURL = Temp2[9]: null

2019-05-01 11:01:06 - [TEST_STEP][PASSED] - Temp6 = fullURL.split("""): null

2019-05-01 11:01:06 - [TEST_STEP][PASSED] - ActualURL = Temp6[3]: null

2019-05-01 11:01:06 - [TEST_STEP][PASSED] - if (ActualURL.contains(" ")): null

2019-05-01 11:01:06 - [TEST_STEP][PASSED] - if (responseCode != "200"): null

2019-05-01 11:01:06 - [TEST_STEP][PASSED] - PlayoutURL = "https://api2.shahid.net/proxy/v2/playout/url/" + ID[i]: null

2019-05-01 11:01:06 - [TEST_STEP][PASSED] - PlayOut = shahid.api.SendMediaReq.SendRequest("https://api2.shahid.net/proxy/v2/playout/url/" + ID[i]): shahid.api.SendMediaReq.SendRequest is PASSED

2019-05-01 11:01:07 - [MESSAGE][INFO] - HAR: C:\Users\Mujahed\Desktop\mediaProject\Reports\Media Monitoring\20190501_110032\requests\main\36.har

2019-05-01 11:01:07 - [MESSAGE][PASSED] - Send request successfully

2019-05-01 11:01:07 - [MESSAGE][PASSED] - shahid.api.SendMediaReq.SendRequest is PASSED

2019-05-01 11:01:07 - [TEST_STEP][PASSED] - responseBody = PlayOut.getResponseBodyContent(): null

2019-05-01 11:01:07 - [TEST_STEP][PASSED] - responseCode = getStatusCode().toString(): null

2019-05-01 11:01:07 - [TEST_STEP][PASSED] - Temp2 = responseBody.split(","): null

2019-05-01 11:01:07 - [TEST_STEP][PASSED] - fullURL = Temp2[9]: null

2019-05-01 11:01:07 - [TEST_STEP][PASSED] - Temp6 = fullURL.split("""): null

2019-05-01 11:01:07 - [TEST_STEP][PASSED] - ActualURL = Temp6[3]: null

2019-05-01 11:01:07 - [TEST_STEP][PASSED] - if (ActualURL.contains(" ")): null

2019-05-01 11:01:07 - [TEST_STEP][PASSED] - if (responseCode != "200"): null

2019-05-01 11:01:07 - [TEST_STEP][PASSED] - PlayoutURL = "https://api2.shahid.net/proxy/v2/playout/url/" + ID[i]: null

2019-05-01 11:01:07 - [TEST_STEP][PASSED] - PlayOut = shahid.api.SendMediaReq.SendRequest("https://api2.shahid.net/proxy/v2/playout/url/" + ID[i]): shahid.api.SendMediaReq.SendRequest is PASSED

2019-05-01 11:01:07 - [MESSAGE][INFO] - HAR: C:\Users\Mujahed\Desktop\mediaProject\Reports\Media Monitoring\20190501_110032\requests\main\37.har

2019-05-01 11:01:07 - [MESSAGE][PASSED] - Send request successfully

2019-05-01 11:01:07 - [MESSAGE][PASSED] - shahid.api.SendMediaReq.SendRequest is PASSED

2019-05-01 11:01:07 - [TEST_STEP][PASSED] - responseBody = PlayOut.getResponseBodyContent(): null

2019-05-01 11:01:07 - [TEST_STEP][PASSED] - responseCode = getStatusCode().toString(): null

2019-05-01 11:01:07 - [TEST_STEP][PASSED] - Temp2 = responseBody.split(","): null

2019-05-01 11:01:07 - [TEST_STEP][PASSED] - fullURL = Temp2[9]: null

2019-05-01 11:01:07 - [TEST_STEP][PASSED] - Temp6 = fullURL.split("""): null

2019-05-01 11:01:07 - [TEST_STEP][PASSED] - ActualURL = Temp6[3]: null

2019-05-01 11:01:07 - [TEST_STEP][PASSED] - if (ActualURL.contains(" ")): null

2019-05-01 11:01:07 - [TEST_STEP][PASSED] - if (responseCode != "200"): null

2019-05-01 11:01:07 - [TEST_STEP][PASSED] - PlayoutURL = "https://api2.shahid.net/proxy/v2/playout/url/" + ID[i]: null

2019-05-01 11:01:07 - [TEST_STEP][PASSED] - PlayOut = shahid.api.SendMediaReq.SendRequest("https://api2.shahid.net/proxy/v2/playout/url/" + ID[i]): shahid.api.SendMediaReq.SendRequest is PASSED

2019-05-01 11:01:08 - [MESSAGE][INFO] - HAR: C:\Users\Mujahed\Desktop\mediaProject\Reports\Media Monitoring\20190501_110032\requests\main\38.har

2019-05-01 11:01:08 - [MESSAGE][PASSED] - Send request successfully

2019-05-01 11:01:08 - [MESSAGE][PASSED] - shahid.api.SendMediaReq.SendRequest is PASSED

2019-05-01 11:01:08 - [TEST_STEP][PASSED] - responseBody = PlayOut.getResponseBodyContent(): null

2019-05-01 11:01:08 - [TEST_STEP][PASSED] - responseCode = getStatusCode().toString(): null

2019-05-01 11:01:08 - [TEST_STEP][PASSED] - Temp2 = responseBody.split(","): null

2019-05-01 11:01:08 - [TEST_STEP][PASSED] - fullURL = Temp2[9]: null

2019-05-01 11:01:08 - [TEST_STEP][PASSED] - Temp6 = fullURL.split("""): null

2019-05-01 11:01:08 - [TEST_STEP][PASSED] - ActualURL = Temp6[3]: null

2019-05-01 11:01:08 - [TEST_STEP][PASSED] - if (ActualURL.contains(" ")): null

2019-05-01 11:01:08 - [TEST_STEP][PASSED] - if (responseCode != "200"): null

2019-05-01 11:01:08 - [TEST_STEP][PASSED] - PlayoutURL = "https://api2.shahid.net/proxy/v2/playout/url/" + ID[i]: null

2019-05-01 11:01:08 - [TEST_STEP][PASSED] - PlayOut = shahid.api.SendMediaReq.SendRequest("https://api2.shahid.net/proxy/v2/playout/url/" + ID[i]): shahid.api.SendMediaReq.SendRequest is PASSED

2019-05-01 11:01:08 - [MESSAGE][INFO] - HAR: C:\Users\Mujahed\Desktop\mediaProject\Reports\Media Monitoring\20190501_110032\requests\main\39.har

2019-05-01 11:01:08 - [MESSAGE][PASSED] - Send request successfully

2019-05-01 11:01:08 - [MESSAGE][PASSED] - shahid.api.SendMediaReq.SendRequest is PASSED

2019-05-01 11:01:08 - [TEST_STEP][PASSED] - responseBody = PlayOut.getResponseBodyContent(): null

2019-05-01 11:01:08 - [TEST_STEP][PASSED] - responseCode = getStatusCode().toString(): null

2019-05-01 11:01:08 - [TEST_STEP][PASSED] - Temp2 = responseBody.split(","): null

2019-05-01 11:01:08 - [TEST_STEP][PASSED] - fullURL = Temp2[9]: null

2019-05-01 11:01:08 - [TEST_STEP][PASSED] - Temp6 = fullURL.split("""): null

2019-05-01 11:01:08 - [TEST_STEP][PASSED] - ActualURL = Temp6[3]: null

2019-05-01 11:01:08 - [TEST_STEP][PASSED] - if (ActualURL.contains(" ")): null

2019-05-01 11:01:08 - [TEST_STEP][PASSED] - if (responseCode != "200"): null

2019-05-01 11:01:08 - [TEST_STEP][PASSED] - PlayoutURL = "https://api2.shahid.net/proxy/v2/playout/url/" + ID[i]: null

2019-05-01 11:01:08 - [TEST_STEP][PASSED] - PlayOut = shahid.api.SendMediaReq.SendRequest("https://api2.shahid.net/proxy/v2/playout/url/" + ID[i]): shahid.api.SendMediaReq.SendRequest is PASSED

2019-05-01 11:01:09 - [MESSAGE][INFO] - HAR: C:\Users\Mujahed\Desktop\mediaProject\Reports\Media Monitoring\20190501_110032\requests\main\40.har

2019-05-01 11:01:09 - [MESSAGE][PASSED] - Send request successfully

2019-05-01 11:01:09 - [MESSAGE][PASSED] - shahid.api.SendMediaReq.SendRequest is PASSED

2019-05-01 11:01:09 - [TEST_STEP][PASSED] - responseBody = PlayOut.getResponseBodyContent(): null

2019-05-01 11:01:09 - [TEST_STEP][PASSED] - responseCode = getStatusCode().toString(): null

2019-05-01 11:01:09 - [TEST_STEP][PASSED] - Temp2 = responseBody.split(","): null

2019-05-01 11:01:09 - [TEST_STEP][PASSED] - fullURL = Temp2[9]: null

2019-05-01 11:01:09 - [TEST_STEP][PASSED] - Temp6 = fullURL.split("""): null

2019-05-01 11:01:09 - [TEST_STEP][PASSED] - ActualURL = Temp6[3]: null

2019-05-01 11:01:09 - [TEST_STEP][PASSED] - if (ActualURL.contains(" ")): null

2019-05-01 11:01:09 - [TEST_STEP][PASSED] - if (responseCode != "200"): null

2019-05-01 11:01:09 - [TEST_STEP][PASSED] - PlayoutURL = "https://api2.shahid.net/proxy/v2/playout/url/" + ID[i]: null

2019-05-01 11:01:09 - [TEST_STEP][PASSED] - PlayOut = shahid.api.SendMediaReq.SendRequest("https://api2.shahid.net/proxy/v2/playout/url/" + ID[i]): shahid.api.SendMediaReq.SendRequest is PASSED

2019-05-01 11:01:10 - [MESSAGE][INFO] - HAR: C:\Users\Mujahed\Desktop\mediaProject\Reports\Media Monitoring\20190501_110032\requests\main\41.har

2019-05-01 11:01:10 - [MESSAGE][PASSED] - Send request successfully

2019-05-01 11:01:10 - [MESSAGE][PASSED] - shahid.api.SendMediaReq.SendRequest is PASSED

2019-05-01 11:01:10 - [TEST_STEP][PASSED] - responseBody = PlayOut.getResponseBodyContent(): null

2019-05-01 11:01:10 - [TEST_STEP][PASSED] - responseCode = getStatusCode().toString(): null

2019-05-01 11:01:10 - [TEST_STEP][PASSED] - Temp2 = responseBody.split(","): null

2019-05-01 11:01:10 - [TEST_STEP][PASSED] - fullURL = Temp2[9]: null

2019-05-01 11:01:10 - [TEST_STEP][PASSED] - Temp6 = fullURL.split("""): null

2019-05-01 11:01:10 - [TEST_STEP][PASSED] - ActualURL = Temp6[3]: null

2019-05-01 11:01:10 - [TEST_STEP][PASSED] - if (ActualURL.contains(" ")): null

2019-05-01 11:01:10 - [TEST_STEP][PASSED] - if (responseCode != "200"): null

2019-05-01 11:01:10 - [TEST_STEP][PASSED] - PlayoutURL = "https://api2.shahid.net/proxy/v2/playout/url/" + ID[i]: null

2019-05-01 11:01:10 - [TEST_STEP][PASSED] - PlayOut = shahid.api.SendMediaReq.SendRequest("https://api2.shahid.net/proxy/v2/playout/url/" + ID[i]): shahid.api.SendMediaReq.SendRequest is PASSED

2019-05-01 11:01:10 - [MESSAGE][INFO] - HAR: C:\Users\Mujahed\Desktop\mediaProject\Reports\Media Monitoring\20190501_110032\requests\main\42.har

2019-05-01 11:01:10 - [MESSAGE][PASSED] - Send request successfully

2019-05-01 11:01:10 - [MESSAGE][PASSED] - shahid.api.SendMediaReq.SendRequest is PASSED

2019-05-01 11:01:10 - [TEST_STEP][PASSED] - responseBody = PlayOut.getResponseBodyContent(): null

2019-05-01 11:01:10 - [TEST_STEP][PASSED] - responseCode = getStatusCode().toString(): null

2019-05-01 11:01:10 - [TEST_STEP][PASSED] - Temp2 = responseBody.split(","): null

2019-05-01 11:01:10 - [TEST_STEP][PASSED] - fullURL = Temp2[9]: null

2019-05-01 11:01:10 - [TEST_STEP][PASSED] - Temp6 = fullURL.split("""): null

2019-05-01 11:01:10 - [TEST_STEP][PASSED] - ActualURL = Temp6[3]: null

2019-05-01 11:01:10 - [TEST_STEP][PASSED] - if (ActualURL.contains(" ")): null

2019-05-01 11:01:10 - [TEST_STEP][PASSED] - if (responseCode != "200"): null

2019-05-01 11:01:10 - [TEST_STEP][PASSED] - PlayoutURL = "https://api2.shahid.net/proxy/v2/playout/url/" + ID[i]: null

2019-05-01 11:01:10 - [TEST_STEP][PASSED] - PlayOut = shahid.api.SendMediaReq.SendRequest("https://api2.shahid.net/proxy/v2/playout/url/" + ID[i]): shahid.api.SendMediaReq.SendRequest is PASSED

2019-05-01 11:01:11 - [MESSAGE][INFO] - HAR: C:\Users\Mujahed\Desktop\mediaProject\Reports\Media Monitoring\20190501_110032\requests\main\43.har

2019-05-01 11:01:11 - [MESSAGE][PASSED] - Send request successfully

2019-05-01 11:01:11 - [MESSAGE][PASSED] - shahid.api.SendMediaReq.SendRequest is PASSED

2019-05-01 11:01:11 - [TEST_STEP][PASSED] - responseBody = PlayOut.getResponseBodyContent(): null

2019-05-01 11:01:11 - [TEST_STEP][PASSED] - responseCode = getStatusCode().toString(): null

2019-05-01 11:01:11 - [TEST_STEP][PASSED] - Temp2 = responseBody.split(","): null

2019-05-01 11:01:11 - [TEST_STEP][PASSED] - fullURL = Temp2[9]: null

2019-05-01 11:01:11 - [TEST_STEP][PASSED] - Temp6 = fullURL.split("""): null

2019-05-01 11:01:11 - [TEST_STEP][PASSED] - ActualURL = Temp6[3]: null

2019-05-01 11:01:11 - [TEST_STEP][PASSED] - if (ActualURL.contains(" ")): null

2019-05-01 11:01:11 - [TEST_STEP][PASSED] - if (responseCode != "200"): null

2019-05-01 11:01:11 - [TEST_STEP][PASSED] - PlayoutURL = "https://api2.shahid.net/proxy/v2/playout/url/" + ID[i]: null

2019-05-01 11:01:11 - [TEST_STEP][PASSED] - PlayOut = shahid.api.SendMediaReq.SendRequest("https://api2.shahid.net/proxy/v2/playout/url/" + ID[i]): shahid.api.SendMediaReq.SendRequest is PASSED

2019-05-01 11:01:11 - [MESSAGE][INFO] - HAR: C:\Users\Mujahed\Desktop\mediaProject\Reports\Media Monitoring\20190501_110032\requests\main\44.har

2019-05-01 11:01:11 - [MESSAGE][PASSED] - Send request successfully

2019-05-01 11:01:11 - [MESSAGE][PASSED] - shahid.api.SendMediaReq.SendRequest is PASSED

2019-05-01 11:01:11 - [TEST_STEP][PASSED] - responseBody = PlayOut.getResponseBodyContent(): null

2019-05-01 11:01:11 - [TEST_STEP][PASSED] - responseCode = getStatusCode().toString(): null

2019-05-01 11:01:11 - [TEST_STEP][PASSED] - Temp2 = responseBody.split(","): null

2019-05-01 11:01:11 - [TEST_STEP][PASSED] - fullURL = Temp2[9]: null

2019-05-01 11:01:11 - [TEST_STEP][PASSED] - Temp6 = fullURL.split("""): null

2019-05-01 11:01:11 - [TEST_STEP][PASSED] - ActualURL = Temp6[3]: null

2019-05-01 11:01:11 - [TEST_STEP][PASSED] - if (ActualURL.contains(" ")): null

2019-05-01 11:01:11 - [TEST_STEP][PASSED] - if (responseCode != "200"): null

2019-05-01 11:01:11 - [TEST_STEP][PASSED] - PlayoutURL = "https://api2.shahid.net/proxy/v2/playout/url/" + ID[i]: null

2019-05-01 11:01:11 - [TEST_STEP][PASSED] - PlayOut = shahid.api.SendMediaReq.SendRequest("https://api2.shahid.net/proxy/v2/playout/url/" + ID[i]): shahid.api.SendMediaReq.SendRequest is PASSED

2019-05-01 11:01:12 - [MESSAGE][INFO] - HAR: C:\Users\Mujahed\Desktop\mediaProject\Reports\Media Monitoring\20190501_110032\requests\main\45.har

2019-05-01 11:01:12 - [MESSAGE][PASSED] - Send request successfully

2019-05-01 11:01:12 - [MESSAGE][PASSED] - shahid.api.SendMediaReq.SendRequest is PASSED

2019-05-01 11:01:12 - [TEST_STEP][PASSED] - responseBody = PlayOut.getResponseBodyContent(): null

2019-05-01 11:01:12 - [TEST_STEP][PASSED] - responseCode = getStatusCode().toString(): null

2019-05-01 11:01:12 - [TEST_STEP][PASSED] - Temp2 = responseBody.split(","): null

2019-05-01 11:01:12 - [TEST_STEP][PASSED] - fullURL = Temp2[9]: null

2019-05-01 11:01:12 - [TEST_STEP][PASSED] - Temp6 = fullURL.split("""): null

2019-05-01 11:01:12 - [TEST_STEP][PASSED] - ActualURL = Temp6[3]: null

2019-05-01 11:01:12 - [TEST_STEP][PASSED] - if (ActualURL.contains(" ")): null

2019-05-01 11:01:12 - [TEST_STEP][PASSED] - if (responseCode != "200"): null

2019-05-01 11:01:12 - [TEST_STEP][PASSED] - PlayoutURL = "https://api2.shahid.net/proxy/v2/playout/url/" + ID[i]: null

2019-05-01 11:01:12 - [TEST_STEP][PASSED] - PlayOut = shahid.api.SendMediaReq.SendRequest("https://api2.shahid.net/proxy/v2/playout/url/" + ID[i]): shahid.api.SendMediaReq.SendRequest is PASSED

2019-05-01 11:01:12 - [MESSAGE][INFO] - HAR: C:\Users\Mujahed\Desktop\mediaProject\Reports\Media Monitoring\20190501_110032\requests\main\46.har

2019-05-01 11:01:12 - [MESSAGE][PASSED] - Send request successfully

2019-05-01 11:01:12 - [MESSAGE][PASSED] - shahid.api.SendMediaReq.SendRequest is PASSED

2019-05-01 11:01:12 - [TEST_STEP][PASSED] - responseBody = PlayOut.getResponseBodyContent(): null

2019-05-01 11:01:12 - [TEST_STEP][PASSED] - responseCode = getStatusCode().toString(): null

2019-05-01 11:01:12 - [TEST_STEP][PASSED] - Temp2 = responseBody.split(","): null

2019-05-01 11:01:12 - [TEST_STEP][PASSED] - fullURL = Temp2[9]: null

2019-05-01 11:01:12 - [TEST_STEP][PASSED] - Temp6 = fullURL.split("""): null

2019-05-01 11:01:12 - [TEST_STEP][PASSED] - ActualURL = Temp6[3]: null

2019-05-01 11:01:12 - [TEST_STEP][PASSED] - if (ActualURL.contains(" ")): null

2019-05-01 11:01:12 - [TEST_STEP][PASSED] - if (responseCode != "200"): null

2019-05-01 11:01:12 - [TEST_STEP][PASSED] - PlayoutURL = "https://api2.shahid.net/proxy/v2/playout/url/" + ID[i]: null

2019-05-01 11:01:12 - [TEST_STEP][PASSED] - PlayOut = shahid.api.SendMediaReq.SendRequest("https://api2.shahid.net/proxy/v2/playout/url/" + ID[i]): shahid.api.SendMediaReq.SendRequest is PASSED

2019-05-01 11:01:13 - [MESSAGE][INFO] - HAR: C:\Users\Mujahed\Desktop\mediaProject\Reports\Media Monitoring\20190501_110032\requests\main\47.har

2019-05-01 11:01:13 - [MESSAGE][PASSED] - Send request successfully

2019-05-01 11:01:13 - [MESSAGE][PASSED] - shahid.api.SendMediaReq.SendRequest is PASSED

2019-05-01 11:01:13 - [TEST_STEP][PASSED] - responseBody = PlayOut.getResponseBodyContent(): null

2019-05-01 11:01:13 - [TEST_STEP][PASSED] - responseCode = getStatusCode().toString(): null

2019-05-01 11:01:13 - [TEST_STEP][PASSED] - Temp2 = responseBody.split(","): null

2019-05-01 11:01:13 - [TEST_STEP][PASSED] - fullURL = Temp2[9]: null

2019-05-01 11:01:13 - [TEST_STEP][PASSED] - Temp6 = fullURL.split("""): null

2019-05-01 11:01:13 - [TEST_STEP][PASSED] - ActualURL = Temp6[3]: null

2019-05-01 11:01:13 - [TEST_STEP][PASSED] - if (ActualURL.contains(" ")): null

2019-05-01 11:01:13 - [TEST_STEP][PASSED] - if (responseCode != "200"): null

2019-05-01 11:01:13 - [TEST_STEP][PASSED] - PlayoutURL = "https://api2.shahid.net/proxy/v2/playout/url/" + ID[i]: null

2019-05-01 11:01:13 - [TEST_STEP][PASSED] - PlayOut = shahid.api.SendMediaReq.SendRequest("https://api2.shahid.net/proxy/v2/playout/url/" + ID[i]): shahid.api.SendMediaReq.SendRequest is PASSED

2019-05-01 11:01:13 - [MESSAGE][INFO] - HAR: C:\Users\Mujahed\Desktop\mediaProject\Reports\Media Monitoring\20190501_110032\requests\main\48.har

2019-05-01 11:01:13 - [MESSAGE][PASSED] - Send request successfully

2019-05-01 11:01:13 - [MESSAGE][PASSED] - shahid.api.SendMediaReq.SendRequest is PASSED

2019-05-01 11:01:13 - [TEST_STEP][PASSED] - responseBody = PlayOut.getResponseBodyContent(): null

2019-05-01 11:01:13 - [TEST_STEP][PASSED] - responseCode = getStatusCode().toString(): null

2019-05-01 11:01:13 - [TEST_STEP][PASSED] - Temp2 = responseBody.split(","): null

2019-05-01 11:01:13 - [TEST_STEP][PASSED] - fullURL = Temp2[9]: null

2019-05-01 11:01:13 - [TEST_STEP][PASSED] - Temp6 = fullURL.split("""): null

2019-05-01 11:01:13 - [TEST_STEP][PASSED] - ActualURL = Temp6[3]: null

2019-05-01 11:01:13 - [TEST_STEP][PASSED] - if (ActualURL.contains(" ")): null

2019-05-01 11:01:13 - [TEST_STEP][PASSED] - if (responseCode != "200"): null

2019-05-01 11:01:13 - [TEST_STEP][PASSED] - PlayoutURL = "https://api2.shahid.net/proxy/v2/playout/url/" + ID[i]: null

2019-05-01 11:01:13 - [TEST_STEP][PASSED] - PlayOut = shahid.api.SendMediaReq.SendRequest("https://api2.shahid.net/proxy/v2/playout/url/" + ID[i]): shahid.api.SendMediaReq.SendRequest is PASSED

2019-05-01 11:01:14 - [MESSAGE][INFO] - HAR: C:\Users\Mujahed\Desktop\mediaProject\Reports\Media Monitoring\20190501_110032\requests\main\49.har

2019-05-01 11:01:14 - [MESSAGE][PASSED] - Send request successfully

2019-05-01 11:01:14 - [MESSAGE][PASSED] - shahid.api.SendMediaReq.SendRequest is PASSED

2019-05-01 11:01:14 - [TEST_STEP][PASSED] - responseBody = PlayOut.getResponseBodyContent(): null

2019-05-01 11:01:14 - [TEST_STEP][PASSED] - responseCode = getStatusCode().toString(): null

2019-05-01 11:01:14 - [TEST_STEP][PASSED] - Temp2 = responseBody.split(","): null

2019-05-01 11:01:14 - [TEST_STEP][PASSED] - fullURL = Temp2[9]: null

2019-05-01 11:01:14 - [TEST_STEP][PASSED] - Temp6 = fullURL.split("""): null

2019-05-01 11:01:14 - [TEST_STEP][PASSED] - ActualURL = Temp6[3]: null

2019-05-01 11:01:14 - [TEST_STEP][PASSED] - if (ActualURL.contains(" ")): null

2019-05-01 11:01:14 - [TEST_STEP][PASSED] - if (responseCode != "200"): null

2019-05-01 11:01:14 - [TEST_STEP][PASSED] - PlayoutURL = "https://api2.shahid.net/proxy/v2/playout/url/" + ID[i]: null

2019-05-01 11:01:14 - [TEST_STEP][PASSED] - PlayOut = shahid.api.SendMediaReq.SendRequest("https://api2.shahid.net/proxy/v2/playout/url/" + ID[i]): shahid.api.SendMediaReq.SendRequest is PASSED

2019-05-01 11:01:15 - [MESSAGE][INFO] - HAR: C:\Users\Mujahed\Desktop\mediaProject\Reports\Media Monitoring\20190501_110032\requests\main\50.har

2019-05-01 11:01:15 - [MESSAGE][PASSED] - Send request successfully

2019-05-01 11:01:15 - [MESSAGE][PASSED] - shahid.api.SendMediaReq.SendRequest is PASSED

2019-05-01 11:01:15 - [TEST_STEP][PASSED] - responseBody = PlayOut.getResponseBodyContent(): null

2019-05-01 11:01:15 - [TEST_STEP][PASSED] - responseCode = getStatusCode().toString(): null

2019-05-01 11:01:15 - [TEST_STEP][PASSED] - Temp2 = responseBody.split(","): null

2019-05-01 11:01:15 - [TEST_STEP][PASSED] - fullURL = Temp2[9]: null

2019-05-01 11:01:15 - [TEST_STEP][PASSED] - Temp6 = fullURL.split("""): null

2019-05-01 11:01:15 - [TEST_STEP][PASSED] - ActualURL = Temp6[3]: null

2019-05-01 11:01:15 - [TEST_STEP][PASSED] - if (ActualURL.contains(" ")): null

2019-05-01 11:01:15 - [TEST_STEP][PASSED] - if (responseCode != "200"): null

2019-05-01 11:01:15 - [TEST_STEP][PASSED] - PlayoutURL = "https://api2.shahid.net/proxy/v2/playout/url/" + ID[i]: null

2019-05-01 11:01:15 - [TEST_STEP][PASSED] - PlayOut = shahid.api.SendMediaReq.SendRequest("https://api2.shahid.net/proxy/v2/playout/url/" + ID[i]): shahid.api.SendMediaReq.SendRequest is PASSED

2019-05-01 11:01:15 - [MESSAGE][INFO] - HAR: C:\Users\Mujahed\Desktop\mediaProject\Reports\Media Monitoring\20190501_110032\requests\main\51.har

2019-05-01 11:01:15 - [MESSAGE][PASSED] - Send request successfully

2019-05-01 11:01:15 - [MESSAGE][PASSED] - shahid.api.SendMediaReq.SendRequest is PASSED

2019-05-01 11:01:15 - [TEST_STEP][PASSED] - responseBody = PlayOut.getResponseBodyContent(): null

2019-05-01 11:01:15 - [TEST_STEP][PASSED] - responseCode = getStatusCode().toString(): null

2019-05-01 11:01:15 - [TEST_STEP][PASSED] - Temp2 = responseBody.split(","): null

2019-05-01 11:01:15 - [TEST_STEP][PASSED] - fullURL = Temp2[9]: null

2019-05-01 11:01:15 - [TEST_STEP][PASSED] - Temp6 = fullURL.split("""): null

2019-05-01 11:01:15 - [TEST_STEP][PASSED] - ActualURL = Temp6[3]: null

2019-05-01 11:01:15 - [TEST_STEP][PASSED] - if (ActualURL.contains(" ")): null

2019-05-01 11:01:15 - [TEST_STEP][PASSED] - if (responseCode != "200"): null

2019-05-01 11:01:15 - [TEST_STEP][PASSED] - PlayoutURL = "https://api2.shahid.net/proxy/v2/playout/url/" + ID[i]: null

2019-05-01 11:01:15 - [TEST_STEP][PASSED] - PlayOut = shahid.api.SendMediaReq.SendRequest("https://api2.shahid.net/proxy/v2/playout/url/" + ID[i]): shahid.api.SendMediaReq.SendRequest is PASSED

2019-05-01 11:01:16 - [MESSAGE][INFO] - HAR: C:\Users\Mujahed\Desktop\mediaProject\Reports\Media Monitoring\20190501_110032\requests\main\52.har

2019-05-01 11:01:16 - [MESSAGE][PASSED] - Send request successfully

2019-05-01 11:01:16 - [MESSAGE][PASSED] - shahid.api.SendMediaReq.SendRequest is PASSED

2019-05-01 11:01:16 - [TEST_STEP][PASSED] - responseBody = PlayOut.getResponseBodyContent(): null

2019-05-01 11:01:16 - [TEST_STEP][PASSED] - responseCode = getStatusCode().toString(): null

2019-05-01 11:01:16 - [TEST_STEP][PASSED] - Temp2 = responseBody.split(","): null

2019-05-01 11:01:16 - [TEST_STEP][PASSED] - fullURL = Temp2[9]: null

2019-05-01 11:01:16 - [TEST_STEP][PASSED] - Temp6 = fullURL.split("""): null

2019-05-01 11:01:16 - [TEST_STEP][PASSED] - ActualURL = Temp6[3]: null

2019-05-01 11:01:16 - [TEST_STEP][PASSED] - if (ActualURL.contains(" ")): null

2019-05-01 11:01:16 - [TEST_STEP][PASSED] - if (responseCode != "200"): null

2019-05-01 11:01:16 - [TEST_STEP][PASSED] - PlayoutURL = "https://api2.shahid.net/proxy/v2/playout/url/" + ID[i]: null

2019-05-01 11:01:16 - [TEST_STEP][PASSED] - PlayOut = shahid.api.SendMediaReq.SendRequest("https://api2.shahid.net/proxy/v2/playout/url/" + ID[i]): shahid.api.SendMediaReq.SendRequest is PASSED

2019-05-01 11:01:16 - [MESSAGE][INFO] - HAR: C:\Users\Mujahed\Desktop\mediaProject\Reports\Media Monitoring\20190501_110032\requests\main\53.har

2019-05-01 11:01:16 - [MESSAGE][PASSED] - Send request successfully

2019-05-01 11:01:16 - [MESSAGE][PASSED] - shahid.api.SendMediaReq.SendRequest is PASSED

2019-05-01 11:01:16 - [TEST_STEP][PASSED] - responseBody = PlayOut.getResponseBodyContent(): null

2019-05-01 11:01:16 - [TEST_STEP][PASSED] - responseCode = getStatusCode().toString(): null

2019-05-01 11:01:16 - [TEST_STEP][PASSED] - Temp2 = responseBody.split(","): null

2019-05-01 11:01:16 - [TEST_STEP][PASSED] - fullURL = Temp2[9]: null

2019-05-01 11:01:16 - [TEST_STEP][PASSED] - Temp6 = fullURL.split("""): null

2019-05-01 11:01:16 - [TEST_STEP][PASSED] - ActualURL = Temp6[3]: null

2019-05-01 11:01:16 - [TEST_STEP][PASSED] - if (ActualURL.contains(" ")): null

2019-05-01 11:01:16 - [TEST_STEP][PASSED] - if (responseCode != "200"): null

2019-05-01 11:01:16 - [TEST_STEP][PASSED] - PlayoutURL = "https://api2.shahid.net/proxy/v2/playout/url/" + ID[i]: null

2019-05-01 11:01:16 - [TEST_STEP][PASSED] - PlayOut = shahid.api.SendMediaReq.SendRequest("https://api2.shahid.net/proxy/v2/playout/url/" + ID[i]): shahid.api.SendMediaReq.SendRequest is PASSED

2019-05-01 11:01:17 - [MESSAGE][INFO] - HAR: C:\Users\Mujahed\Desktop\mediaProject\Reports\Media Monitoring\20190501_110032\requests\main\54.har

2019-05-01 11:01:17 - [MESSAGE][PASSED] - Send request successfully

2019-05-01 11:01:17 - [MESSAGE][PASSED] - shahid.api.SendMediaReq.SendRequest is PASSED

2019-05-01 11:01:17 - [TEST_STEP][PASSED] - responseBody = PlayOut.getResponseBodyContent(): null

2019-05-01 11:01:17 - [TEST_STEP][PASSED] - responseCode = getStatusCode().toString(): null

2019-05-01 11:01:17 - [TEST_STEP][PASSED] - Temp2 = responseBody.split(","): null

2019-05-01 11:01:17 - [TEST_STEP][PASSED] - fullURL = Temp2[9]: null

2019-05-01 11:01:17 - [TEST_STEP][PASSED] - Temp6 = fullURL.split("""): null

2019-05-01 11:01:17 - [TEST_STEP][PASSED] - ActualURL = Temp6[3]: null

2019-05-01 11:01:17 - [TEST_STEP][PASSED] - if (ActualURL.contains(" ")): null

2019-05-01 11:01:17 - [TEST_STEP][PASSED] - if (responseCode != "200"): null

2019-05-01 11:01:17 - [TEST_STEP][PASSED] - PlayoutURL = "https://api2.shahid.net/proxy/v2/playout/url/" + ID[i]: null

2019-05-01 11:01:17 - [TEST_STEP][PASSED] - PlayOut = shahid.api.SendMediaReq.SendRequest("https://api2.shahid.net/proxy/v2/playout/url/" + ID[i]): shahid.api.SendMediaReq.SendRequest is PASSED

2019-05-01 11:01:17 - [MESSAGE][INFO] - HAR: C:\Users\Mujahed\Desktop\mediaProject\Reports\Media Monitoring\20190501_110032\requests\main\55.har

2019-05-01 11:01:17 - [MESSAGE][PASSED] - Send request successfully

2019-05-01 11:01:17 - [MESSAGE][PASSED] - shahid.api.SendMediaReq.SendRequest is PASSED

2019-05-01 11:01:17 - [TEST_STEP][PASSED] - responseBody = PlayOut.getResponseBodyContent(): null

2019-05-01 11:01:17 - [TEST_STEP][PASSED] - responseCode = getStatusCode().toString(): null

2019-05-01 11:01:17 - [TEST_STEP][PASSED] - Temp2 = responseBody.split(","): null

2019-05-01 11:01:17 - [TEST_STEP][PASSED] - fullURL = Temp2[9]: null

2019-05-01 11:01:17 - [TEST_STEP][PASSED] - Temp6 = fullURL.split("""): null

2019-05-01 11:01:17 - [TEST_STEP][PASSED] - ActualURL = Temp6[3]: null

2019-05-01 11:01:17 - [TEST_STEP][PASSED] - if (ActualURL.contains(" ")): null

2019-05-01 11:01:17 - [TEST_STEP][PASSED] - if (responseCode != "200"): null

2019-05-01 11:01:17 - [TEST_STEP][PASSED] - PlayoutURL = "https://api2.shahid.net/proxy/v2/playout/url/" + ID[i]: null

2019-05-01 11:01:17 - [TEST_STEP][PASSED] - PlayOut = shahid.api.SendMediaReq.SendRequest("https://api2.shahid.net/proxy/v2/playout/url/" + ID[i]): shahid.api.SendMediaReq.SendRequest is PASSED

2019-05-01 11:01:18 - [MESSAGE][INFO] - HAR: C:\Users\Mujahed\Desktop\mediaProject\Reports\Media Monitoring\20190501_110032\requests\main\56.har

2019-05-01 11:01:18 - [MESSAGE][PASSED] - Send request successfully

2019-05-01 11:01:18 - [MESSAGE][PASSED] - shahid.api.SendMediaReq.SendRequest is PASSED

2019-05-01 11:01:18 - [TEST_STEP][PASSED] - responseBody = PlayOut.getResponseBodyContent(): null

2019-05-01 11:01:18 - [TEST_STEP][PASSED] - responseCode = getStatusCode().toString(): null

2019-05-01 11:01:18 - [TEST_STEP][PASSED] - Temp2 = responseBody.split(","): null

2019-05-01 11:01:18 - [TEST_STEP][PASSED] - fullURL = Temp2[9]: null

2019-05-01 11:01:18 - [TEST_STEP][PASSED] - Temp6 = fullURL.split("""): null

2019-05-01 11:01:18 - [TEST_STEP][PASSED] - ActualURL = Temp6[3]: null

2019-05-01 11:01:18 - [TEST_STEP][PASSED] - if (ActualURL.contains(" ")): null

2019-05-01 11:01:18 - [TEST_STEP][PASSED] - if (responseCode != "200"): null

2019-05-01 11:01:18 - [TEST_STEP][PASSED] - PlayoutURL = "https://api2.shahid.net/proxy/v2/playout/url/" + ID[i]: null

2019-05-01 11:01:18 - [TEST_STEP][PASSED] - PlayOut = shahid.api.SendMediaReq.SendRequest("https://api2.shahid.net/proxy/v2/playout/url/" + ID[i]): shahid.api.SendMediaReq.SendRequest is PASSED

2019-05-01 11:01:18 - [MESSAGE][INFO] - HAR: C:\Users\Mujahed\Desktop\mediaProject\Reports\Media Monitoring\20190501_110032\requests\main\57.har

2019-05-01 11:01:18 - [MESSAGE][PASSED] - Send request successfully

2019-05-01 11:01:18 - [MESSAGE][PASSED] - shahid.api.SendMediaReq.SendRequest is PASSED

2019-05-01 11:01:18 - [TEST_STEP][PASSED] - responseBody = PlayOut.getResponseBodyContent(): null

2019-05-01 11:01:18 - [TEST_STEP][PASSED] - responseCode = getStatusCode().toString(): null

2019-05-01 11:01:18 - [TEST_STEP][PASSED] - Temp2 = responseBody.split(","): null

2019-05-01 11:01:18 - [TEST_STEP][PASSED] - fullURL = Temp2[9]: null

2019-05-01 11:01:18 - [TEST_STEP][PASSED] - Temp6 = fullURL.split("""): null

2019-05-01 11:01:18 - [TEST_STEP][PASSED] - ActualURL = Temp6[3]: null

2019-05-01 11:01:18 - [TEST_STEP][PASSED] - if (ActualURL.contains(" ")): null

2019-05-01 11:01:18 - [TEST_STEP][PASSED] - if (responseCode != "200"): null

2019-05-01 11:01:18 - [TEST_STEP][PASSED] - PlayoutURL = "https://api2.shahid.net/proxy/v2/playout/url/" + ID[i]: null

2019-05-01 11:01:18 - [TEST_STEP][PASSED] - PlayOut = shahid.api.SendMediaReq.SendRequest("https://api2.shahid.net/proxy/v2/playout/url/" + ID[i]): shahid.api.SendMediaReq.SendRequest is PASSED

2019-05-01 11:01:19 - [MESSAGE][INFO] - HAR: C:\Users\Mujahed\Desktop\mediaProject\Reports\Media Monitoring\20190501_110032\requests\main\58.har

2019-05-01 11:01:19 - [MESSAGE][PASSED] - Send request successfully

2019-05-01 11:01:19 - [MESSAGE][PASSED] - shahid.api.SendMediaReq.SendRequest is PASSED

2019-05-01 11:01:19 - [TEST_STEP][PASSED] - responseBody = PlayOut.getResponseBodyContent(): null

2019-05-01 11:01:19 - [TEST_STEP][PASSED] - responseCode = getStatusCode().toString(): null

2019-05-01 11:01:19 - [TEST_STEP][PASSED] - Temp2 = responseBody.split(","): null

2019-05-01 11:01:19 - [TEST_STEP][PASSED] - fullURL = Temp2[9]: null

2019-05-01 11:01:19 - [TEST_STEP][PASSED] - Temp6 = fullURL.split("""): null

2019-05-01 11:01:19 - [TEST_STEP][PASSED] - ActualURL = Temp6[3]: null

2019-05-01 11:01:19 - [TEST_STEP][PASSED] - if (ActualURL.contains(" ")): null

2019-05-01 11:01:19 - [TEST_STEP][PASSED] - if (responseCode != "200"): null

2019-05-01 11:01:19 - [TEST_STEP][PASSED] - PlayoutURL = "https://api2.shahid.net/proxy/v2/playout/url/" + ID[i]: null

2019-05-01 11:01:19 - [TEST_STEP][PASSED] - PlayOut = shahid.api.SendMediaReq.SendRequest("https://api2.shahid.net/proxy/v2/playout/url/" + ID[i]): shahid.api.SendMediaReq.SendRequest is PASSED

2019-05-01 11:01:19 - [MESSAGE][INFO] - HAR: C:\Users\Mujahed\Desktop\mediaProject\Reports\Media Monitoring\20190501_110032\requests\main\59.har

2019-05-01 11:01:19 - [MESSAGE][PASSED] - Send request successfully

2019-05-01 11:01:19 - [MESSAGE][PASSED] - shahid.api.SendMediaReq.SendRequest is PASSED

2019-05-01 11:01:19 - [TEST_STEP][PASSED] - responseBody = PlayOut.getResponseBodyContent(): null

2019-05-01 11:01:19 - [TEST_STEP][PASSED] - responseCode = getStatusCode().toString(): null

2019-05-01 11:01:19 - [TEST_STEP][PASSED] - Temp2 = responseBody.split(","): null

2019-05-01 11:01:19 - [TEST_STEP][PASSED] - fullURL = Temp2[9]: null

2019-05-01 11:01:19 - [TEST_STEP][PASSED] - Temp6 = fullURL.split("""): null

2019-05-01 11:01:19 - [TEST_STEP][PASSED] - ActualURL = Temp6[3]: null

2019-05-01 11:01:19 - [TEST_STEP][PASSED] - if (ActualURL.contains(" ")): null

2019-05-01 11:01:19 - [TEST_STEP][PASSED] - if (responseCode != "200"): null]]></system-out>
         <system-err><![CDATA[]]></system-err>
      </testcase>
      <testcase name="Test Cases/Result" classname="Test Cases/Result" status="PASSED">
         <system-out><![CDATA[2019-05-01 11:01:19 - [TEST_CASE][PASSED] - Test Cases/Result: Test Cases/Result

2019-05-01 11:01:20 - [TEST_STEP][PASSED] - shahid.api.SubmitFail.submitPatch(): shahid.api.SubmitFail.submitPatch is PASSED

2019-05-01 11:01:20 - [MESSAGE][PASSED] - shahid.api.SubmitFail.submitPatch is PASSED]]></system-out>
         <system-err><![CDATA[]]></system-err>
      </testcase>
      <system-out><![CDATA[2019-05-01 11:00:39 - [TEST_SUITE][PASSED] - Media Monitoring: Test Cases/Result]]></system-out>
      <system-err><![CDATA[]]></system-err>
   </testsuite>
</testsuites>
